TN:
SF:script/DeployBaseSepolia.s.sol
DA:43,0
FN:43,DeployBaseSepolia.run
FNDA:0,DeployBaseSepolia.run
DA:44,0
BRDA:44,0,0,-
BRDA:44,0,1,-
DA:45,0
DA:46,0
DA:47,0
DA:48,0
DA:49,0
DA:50,0
DA:51,0
DA:52,0
DA:53,0
DA:54,0
BRDA:54,1,0,-
BRDA:54,1,1,-
DA:55,0
BRDA:55,2,0,-
BRDA:55,2,1,-
DA:56,0
BRDA:56,3,0,-
BRDA:56,3,1,-
DA:58,0
DA:59,0
DA:60,0
DA:61,0
DA:62,0
DA:64,0
DA:65,0
DA:66,0
DA:67,0
DA:68,0
DA:69,0
DA:70,0
DA:71,0
DA:72,0
DA:73,0
DA:74,0
DA:75,0
DA:82,0
DA:92,0
DA:93,0
DA:95,0
DA:98,0
DA:99,0
DA:100,0
DA:103,0
FN:103,DeployBaseSepolia._scheduleBootstrap
FNDA:0,DeployBaseSepolia._scheduleBootstrap
DA:104,0
DA:105,0
DA:106,0
DA:107,0
DA:111,0
DA:112,0
DA:113,0
BRDA:113,4,0,-
BRDA:113,4,1,-
DA:117,0
DA:118,0
DA:119,0
DA:125,0
FN:125,DeployBaseSepolia._deployFactory
FNDA:0,DeployBaseSepolia._deployFactory
DA:129,0
DA:142,0
FN:142,DeployBaseSepolia._bootstrapBatch
FNDA:0,DeployBaseSepolia._bootstrapBatch
DA:147,0
DA:148,0
DA:149,0
DA:150,0
DA:151,0
DA:152,0
DA:153,0
DA:154,0
DA:155,0
DA:156,0
DA:157,0
DA:158,0
DA:159,0
DA:161,0
DA:162,0
DA:165,0
FN:165,DeployBaseSepolia._writePendingManifest
FNDA:0,DeployBaseSepolia._writePendingManifest
DA:174,0
DA:175,0
DA:176,0
DA:177,0
DA:178,0
DA:179,0
DA:180,0
DA:181,0
DA:182,0
DA:183,0
DA:184,0
DA:185,0
DA:186,0
DA:187,0
DA:188,0
DA:189,0
DA:190,0
DA:195,0
DA:196,0
DA:197,0
DA:198,0
DA:199,0
FNF:5
FNH:0
LF:90
LH:0
BRF:10
BRH:0
end_of_record
TN:
SF:script/FinalizeBootstrap.s.sol
DA:17,0
FN:17,FinalizeBootstrap.run
FNDA:0,FinalizeBootstrap.run
DA:18,0
BRDA:18,0,0,-
BRDA:18,0,1,-
DA:19,0
DA:20,0
DA:21,0
DA:22,0
DA:23,0
DA:24,0
DA:25,0
DA:26,0
DA:27,0
DA:28,0
DA:29,0
DA:30,0
DA:31,0
DA:32,0
DA:33,0
DA:34,0
DA:35,0
DA:36,0
DA:37,0
DA:38,0
DA:39,0
DA:40,0
DA:42,0
DA:43,0
DA:44,0
BRDA:44,1,0,-
BRDA:44,1,1,-
DA:45,0
BRDA:45,2,0,-
BRDA:45,2,1,-
DA:49,0
DA:50,0
DA:51,0
DA:52,0
FNF:1
FNH:0
LF:32
LH:0
BRF:6
BRH:0
end_of_record
TN:
SF:src/core/BondEscrowV1.sol
DA:48,102
FN:48,BondEscrowV1.constructor
FNDA:102,BondEscrowV1.constructor
DA:49,102
BRDA:49,0,0,2
DA:50,100
DA:51,100
DA:54,103
FN:54,BondEscrowV1.onlyGovernance
FNDA:103,BondEscrowV1.onlyGovernance
DA:55,103
BRDA:55,1,0,1
DA:59,103
FN:59,BondEscrowV1.setFactory
FNDA:103,BondEscrowV1.setFactory
DA:60,102
BRDA:60,2,0,1
DA:61,101
BRDA:61,3,0,1
DA:62,100
DA:63,100
DA:66,76
FN:66,BondEscrowV1.lockBond
FNDA:76,BondEscrowV1.lockBond
DA:67,76
BRDA:67,4,0,1
DA:68,75
BRDA:68,5,0,2
DA:69,73
BRDA:69,6,0,1
DA:70,72
BRDA:70,7,0,1
DA:71,71
DA:72,71
DA:73,71
DA:74,71
BRDA:74,8,0,1
DA:75,70
DA:76,70
DA:77,70
DA:83,10
FN:83,BondEscrowV1.settleBond
FNDA:10,BondEscrowV1.settleBond
DA:84,10
DA:85,10
BRDA:85,9,0,1
DA:86,1
BRDA:86,10,0,1
DA:88,8
DA:89,8
BRDA:89,11,0,1
DA:91,7
DA:92,7
DA:93,7
DA:95,7
BRDA:95,12,1,4
DA:96,7
DA:97,5
DA:98,3
BRDA:98,12,0,3
DA:99,3
DA:100,3
DA:101,3
DA:103,4
DA:104,4
DA:105,4
BRDA:105,13,0,2
DA:106,2
DA:108,4
DA:112,1
FN:112,BondEscrowV1.claim
FNDA:1,BondEscrowV1.claim
DA:113,1
DA:116,2
FN:116,BondEscrowV1.claimFor
FNDA:2,BondEscrowV1.claimFor
DA:117,2
DA:120,3
FN:120,BondEscrowV1._claim
FNDA:3,BondEscrowV1._claim
DA:125,3
DA:126,3
BRDA:126,14,0,1
DA:127,2
DA:128,2
DA:129,2
DA:130,2
FNF:8
FNH:8
LF:55
LH:55
BRF:16
BRH:16
end_of_record
TN:
SF:src/core/EmergencyControllerV1.sol
DA:31,112
FN:31,EmergencyControllerV1.constructor
FNDA:112,EmergencyControllerV1.constructor
DA:32,112
BRDA:32,0,0,2
DA:33,110
DA:34,110
DA:37,6
FN:37,EmergencyControllerV1.onlyGovernance
FNDA:6,EmergencyControllerV1.onlyGovernance
DA:38,6
BRDA:38,1,0,1
DA:42,3837
FN:42,EmergencyControllerV1.isPaused
FNDA:3837,EmergencyControllerV1.isPaused
DA:43,3837
DA:46,17
FN:46,EmergencyControllerV1.pause
FNDA:17,EmergencyControllerV1.pause
DA:47,17
BRDA:47,2,0,2
DA:48,15
BRDA:48,3,0,2
DA:49,2
DA:51,13
BRDA:51,4,0,2
DA:52,2
DA:54,1
BRDA:54,5,0,1
DA:56,10
DA:57,10
DA:58,10
DA:59,10
DA:62,6
FN:62,EmergencyControllerV1.resetEpoch
FNDA:6,EmergencyControllerV1.resetEpoch
DA:63,5
BRDA:63,6,0,1
DA:64,4
DA:65,4
DA:66,4
DA:67,4
DA:68,4
DA:71,3
FN:71,EmergencyControllerV1.setEmergencySafe
FNDA:3,EmergencyControllerV1.setEmergencySafe
DA:72,2
BRDA:72,7,0,1
DA:73,1
DA:74,1
DA:75,1
FNF:6
FNH:6
LF:31
LH:31
BRF:8
BRH:8
end_of_record
TN:
SF:src/core/FeeVaultV1.sol
DA:39,105
FN:39,FeeVaultV1.constructor
FNDA:105,FeeVaultV1.constructor
DA:40,105
BRDA:40,0,0,2
DA:41,103
DA:42,103
DA:45,106
FN:45,FeeVaultV1.onlyGovernance
FNDA:106,FeeVaultV1.onlyGovernance
DA:46,106
BRDA:46,1,0,1
DA:50,106
FN:50,FeeVaultV1.setFactory
FNDA:106,FeeVaultV1.setFactory
DA:51,105
BRDA:51,2,0,1
DA:52,104
BRDA:52,3,0,1
DA:53,103
DA:54,103
DA:55,103
DA:56,103
DA:59,169
FN:59,FeeVaultV1.registerAccruer
FNDA:169,FeeVaultV1.registerAccruer
DA:60,169
BRDA:60,4,0,1
DA:61,168
BRDA:61,5,0,1
DA:62,167
DA:63,167
DA:66,42
FN:66,FeeVaultV1.accrue
FNDA:42,FeeVaultV1.accrue
DA:69,42
BRDA:69,6,0,1
DA:70,41
BRDA:70,7,0,1
DA:71,40
BRDA:71,8,0,40
DA:72,29
DA:73,29
DA:74,29
BRDA:74,9,0,1
DA:75,28
DA:76,28
DA:77,28
DA:80,1
FN:80,FeeVaultV1.claim
FNDA:1,FeeVaultV1.claim
DA:81,1
DA:84,6
FN:84,FeeVaultV1.claimFor
FNDA:6,FeeVaultV1.claimFor
DA:85,6
DA:88,7
FN:88,FeeVaultV1._claim
FNDA:7,FeeVaultV1._claim
DA:93,6
DA:94,6
BRDA:94,10,0,1
DA:95,5
DA:96,5
DA:97,5
DA:98,5
FNF:8
FNH:8
LF:39
LH:39
BRF:11
BRH:11
end_of_record
TN:
SF:src/core/FullMarketDeployerV1.sol
DA:17,98
FN:17,FullMarketDeployerV1.constructor
FNDA:98,FullMarketDeployerV1.constructor
DA:18,98
BRDA:18,0,0,1
DA:19,97
DA:22,100
FN:22,FullMarketDeployerV1.setFactory
FNDA:100,FullMarketDeployerV1.setFactory
DA:23,100
BRDA:23,1,0,1
DA:24,99
BRDA:24,2,0,1
DA:25,98
BRDA:25,3,0,1
DA:26,97
DA:27,97
DA:30,66
FN:30,FullMarketDeployerV1.deploy
FNDA:66,FullMarketDeployerV1.deploy
DA:31,66
BRDA:31,4,0,1
DA:32,65
DA:33,65
FNF:3
FNH:3
LF:13
LH:13
BRF:5
BRH:5
end_of_record
TN:
SF:src/core/LaunchExposureGuardV1.sol
DA:41,102
FN:41,LaunchExposureGuardV1.constructor
FNDA:102,LaunchExposureGuardV1.constructor
DA:42,102
BRDA:42,0,0,1
DA:43,101
BRDA:43,1,0,1
DA:44,100
DA:45,100
DA:48,4
FN:48,LaunchExposureGuardV1.onlyGovernance
FNDA:4,LaunchExposureGuardV1.onlyGovernance
DA:49,4
BRDA:49,2,0,1
DA:53,103
FN:53,LaunchExposureGuardV1.setFactory
FNDA:103,LaunchExposureGuardV1.setFactory
DA:54,102
BRDA:54,3,0,1
DA:55,101
BRDA:55,4,0,1
DA:56,100
DA:57,100
DA:60,74
FN:60,LaunchExposureGuardV1.registerMarket
FNDA:74,LaunchExposureGuardV1.registerMarket
DA:61,74
BRDA:61,5,0,1
DA:62,73
BRDA:62,6,0,1
DA:63,1
BRDA:63,7,0,1
DA:64,71
DA:65,71
DA:68,3628
FN:68,LaunchExposureGuardV1.reserve
FNDA:3628,LaunchExposureGuardV1.reserve
DA:69,3628
BRDA:69,8,0,1
DA:70,3627
BRDA:70,9,0,3627
DA:71,3626
DA:72,3626
DA:73,3626
BRDA:73,10,0,2
DA:74,3624
DA:75,3624
DA:76,3624
DA:77,3624
DA:78,3624
DA:81,103200
FN:81,LaunchExposureGuardV1.sync
FNDA:103200,LaunchExposureGuardV1.sync
DA:85,103200
BRDA:85,11,0,1
DA:86,1
BRDA:86,12,0,1
DA:87,103198
DA:88,103198
DA:89,103198
DA:90,103198
DA:91,103198
DA:94,4
FN:94,LaunchExposureGuardV1.raiseCap
FNDA:4,LaunchExposureGuardV1.raiseCap
DA:95,3
BRDA:95,13,0,2
DA:96,2
DA:98,1
DA:99,1
DA:100,1
DA:103,4
FN:103,LaunchExposureGuardV1.retireForever
FNDA:4,LaunchExposureGuardV1.retireForever
DA:104,1
BRDA:104,14,0,1
DA:105,2
DA:106,2
FNF:8
FNH:8
LF:47
LH:47
BRF:15
BRH:15
end_of_record
TN:
SF:src/core/MarketFactoryV1.sol
DA:88,99
FN:88,MarketFactoryV1.constructor
FNDA:99,MarketFactoryV1.constructor
DA:100,99
DA:101,98
DA:102,98
DA:103,98
DA:104,2
BRDA:104,0,0,2
DA:105,97
DA:106,97
DA:107,97
DA:108,97
DA:109,97
DA:110,97
DA:111,97
DA:112,97
DA:113,97
DA:114,97
DA:117,100
FN:117,MarketFactoryV1.onlyGovernance
FNDA:100,MarketFactoryV1.onlyGovernance
DA:118,100
BRDA:118,1,0,0
DA:122,99
FN:122,MarketFactoryV1.createMarket
FNDA:99,MarketFactoryV1.createMarket
DA:127,99
BRDA:127,2,0,1
DA:128,1
BRDA:128,3,0,1
DA:129,97
BRDA:129,4,0,1
DA:130,1
DA:132,96
DA:134,69
DA:135,69
DA:136,69
DA:149,69
DA:151,69
BRDA:151,5,0,66
BRDA:151,5,1,3
DA:152,66
DA:153,66
DA:155,3
DA:156,3
DA:159,1
BRDA:159,6,0,1
DA:160,68
DA:161,68
DA:162,68
DA:163,68
DA:164,68
DA:166,68
DA:167,68
BRDA:167,7,0,1
DA:168,1
DA:169,1
DA:176,68
DA:177,67
DA:179,67
DA:182,67
FN:182,MarketFactoryV1._emitMarketCreated
FNDA:67,MarketFactoryV1._emitMarketCreated
DA:190,67
DA:193,67
DA:206,100
FN:206,MarketFactoryV1.setMarketplace
FNDA:100,MarketFactoryV1.setMarketplace
DA:207,99
BRDA:207,8,0,1
DA:208,98
BRDA:208,9,0,1
DA:209,97
DA:210,97
DA:211,97
DA:218,100
FN:218,MarketFactoryV1.activate
FNDA:100,MarketFactoryV1.activate
DA:219,1
BRDA:219,10,0,1
DA:220,99
DA:221,98
DA:222,95
DA:223,95
BRDA:223,11,0,1
DA:224,1
DA:226,94
DA:227,94
DA:228,94
DA:232,100
FN:232,MarketFactoryV1.dependencyFingerprint
FNDA:100,MarketFactoryV1.dependencyFingerprint
DA:233,195
DA:237,1
FN:237,MarketFactoryV1.dependencyFingerprintFor
FNDA:1,MarketFactoryV1.dependencyFingerprintFor
DA:238,196
DA:256,4
FN:256,MarketFactoryV1.setDeprecated
FNDA:4,MarketFactoryV1.setDeprecated
DA:257,2
DA:258,2
DA:261,1
FN:261,MarketFactoryV1.predictCloneAddress
FNDA:1,MarketFactoryV1.predictCloneAddress
DA:269,1
DA:282,1
DA:285,4
FN:285,MarketFactoryV1.requiredBond
FNDA:4,MarketFactoryV1.requiredBond
DA:286,77
DA:292,69
FN:292,MarketFactoryV1._buildInit
FNDA:69,MarketFactoryV1._buildInit
DA:297,69
DA:327,96
FN:327,MarketFactoryV1._validate
FNDA:96,MarketFactoryV1._validate
DA:332,96
BRDA:332,12,0,1
DA:333,95
BRDA:333,13,0,1
DA:334,94
BRDA:334,14,0,1
DA:335,1
DA:337,93
BRDA:337,15,0,1
DA:338,1
DA:340,92
BRDA:340,16,0,2
DA:341,2
DA:344,90
DA:345,89
DA:346,88
DA:347,87
DA:348,4
BRDA:348,17,0,4
DA:349,86
BRDA:349,18,0,1
DA:350,1
DA:352,85
BRDA:352,19,0,1
DA:353,1
DA:356,84
DA:359,84
BRDA:359,20,0,3
DA:360,3
DA:363,81
DA:364,80
DA:365,79
DA:366,3
BRDA:366,21,0,3
DA:367,3
DA:371,78
DA:374,75
DA:376,73
DA:377,73
BRDA:377,22,0,2
DA:378,2
DA:380,71
DA:383,153
FN:383,MarketFactoryV1._validateMinimum
FNDA:153,MarketFactoryV1._validateMinimum
DA:384,153
BRDA:384,23,0,5
DA:385,5
DA:391,69
FN:391,MarketFactoryV1._transferExact
FNDA:69,MarketFactoryV1._transferExact
DA:392,69
DA:393,69
DA:394,69
DA:395,69
BRDA:395,24,0,1
DA:398,99
FN:398,MarketFactoryV1._validateDependencyCode
FNDA:99,MarketFactoryV1._validateDependencyCode
DA:399,99
DA:400,99
DA:401,99
DA:402,99
DA:403,99
DA:404,99
DA:405,99
DA:406,99
DA:407,99
BRDA:407,25,0,15
DA:408,99
DA:411,98
FN:411,MarketFactoryV1._validateDependencyWiring
FNDA:98,MarketFactoryV1._validateDependencyWiring
DA:412,98
DA:413,98
DA:414,98
DA:415,98
DA:416,98
DA:417,98
DA:418,98
DA:419,98
DA:420,98
DA:421,98
DA:422,98
DA:423,98
DA:424,98
DA:427,98
DA:428,98
DA:431,98
DA:433,98
DA:434,98
DA:435,98
DA:438,97
DA:439,97
DA:440,97
DA:441,97
BRDA:441,26,0,1
DA:442,1
DA:444,96
BRDA:444,27,0,1
DA:445,1
DA:449,906
FN:449,MarketFactoryV1._requireCode
FNDA:906,MarketFactoryV1._requireCode
DA:450,906
BRDA:450,28,0,1
DA:451,1
DA:455,2055
FN:455,MarketFactoryV1._requireWiring
FNDA:2055,MarketFactoryV1._requireWiring
DA:456,2055
BRDA:456,29,0,1
DA:459,1960
FN:459,MarketFactoryV1._codeIdentity
FNDA:1960,MarketFactoryV1._codeIdentity
DA:460,1960
FNF:20
FNH:20
LF:164
LH:164
BRF:31
BRH:30
end_of_record
TN:
SF:src/core/ProtocolConfigV1.sol
DA:49,96
FN:49,ProtocolConfigV1.constructor
FNDA:96,ProtocolConfigV1.constructor
DA:50,96
BRDA:50,0,0,3
DA:51,3
DA:53,93
BRDA:53,1,0,1
DA:54,1
DA:56,92
DA:57,92
DA:58,92
DA:59,92
DA:62,2
FN:62,ProtocolConfigV1.onlyGovernance
FNDA:2,ProtocolConfigV1.onlyGovernance
DA:63,2
BRDA:63,2,0,0
DA:67,2
FN:67,ProtocolConfigV1.setProtocolTreasury
FNDA:2,ProtocolConfigV1.setProtocolTreasury
DA:68,2
BRDA:68,3,0,1
DA:69,1
DA:70,1
DA:71,1
DA:74,5
FN:74,ProtocolConfigV1.setCreationFee
FNDA:5,ProtocolConfigV1.setCreationFee
DA:75,3
BRDA:75,4,0,1
DA:76,1
DA:78,2
DA:79,2
DA:80,2
DA:83,4
FN:83,ProtocolConfigV1.setProtocolShareBps
FNDA:4,ProtocolConfigV1.setProtocolShareBps
DA:84,4
BRDA:84,5,0,1
DA:85,1
DA:87,3
DA:88,3
DA:89,3
DA:92,2
FN:92,ProtocolConfigV1.setEarlyBirdShareBps
FNDA:2,ProtocolConfigV1.setEarlyBirdShareBps
DA:93,2
BRDA:93,6,0,1
DA:94,1
DA:96,1
DA:97,1
DA:98,1
DA:101,20
FN:101,ProtocolConfigV1.setPlatformC2CFeeBps
FNDA:20,ProtocolConfigV1.setPlatformC2CFeeBps
DA:102,20
BRDA:102,7,0,1
DA:103,1
DA:105,19
DA:106,19
DA:107,19
DA:111,3
FN:111,ProtocolConfigV1.setMarketCapLimits
FNDA:3,ProtocolConfigV1.setMarketCapLimits
DA:112,3
BRDA:112,8,0,1
DA:113,1
DA:115,2
BRDA:115,9,0,1
DA:116,1
DA:118,1
DA:119,1
DA:120,1
DA:124,2
FN:124,ProtocolConfigV1.setMaxPerUserPrimaryCap
FNDA:2,ProtocolConfigV1.setMaxPerUserPrimaryCap
DA:125,2
BRDA:125,10,0,1
DA:126,1
DA:128,1
DA:129,1
DA:130,1
DA:134,3
FN:134,ProtocolConfigV1.setCreatorFeeLimits
FNDA:3,ProtocolConfigV1.setCreatorFeeLimits
DA:135,3
BRDA:135,11,0,1
DA:136,1
DA:138,2
BRDA:138,12,0,1
DA:139,1
DA:141,1
DA:142,1
DA:143,1
DA:146,74
FN:146,ProtocolConfigV1.snapshot
FNDA:74,ProtocolConfigV1.snapshot
DA:151,74
BRDA:151,13,0,2
DA:152,2
DA:154,72
BRDA:154,14,0,2
DA:155,2
DA:157,70
FNF:11
FNH:11
LF:68
LH:68
BRF:15
BRH:14
end_of_record
TN:
SF:src/market/MarketVaultCoreV1.sol
DA:195,180
FN:195,MarketVaultCoreV1.constructor
FNDA:180,MarketVaultCoreV1.constructor
DA:196,97
BRDA:196,0,0,97
DA:199,12
FN:199,MarketVaultCoreV1.onlyCreator
FNDA:12,MarketVaultCoreV1.onlyCreator
DA:200,12
BRDA:200,1,0,1
DA:204,99
FN:204,MarketVaultCoreV1.paymentToken
FNDA:99,MarketVaultCoreV1.paymentToken
DA:205,99
DA:208,2
FN:208,MarketVaultCoreV1.economics
FNDA:2,MarketVaultCoreV1.economics
DA:209,2
DA:212,11
FN:212,MarketVaultCoreV1.creatorC2CFeeBps
FNDA:11,MarketVaultCoreV1.creatorC2CFeeBps
DA:213,11
DA:216,5
FN:216,MarketVaultCoreV1.protocolTreasury
FNDA:5,MarketVaultCoreV1.protocolTreasury
DA:217,5
DA:220,11
FN:220,MarketVaultCoreV1.platformC2CFeeBps
FNDA:11,MarketVaultCoreV1.platformC2CFeeBps
DA:221,11
DA:224,2
FN:224,MarketVaultCoreV1.firstBuyOccurred
FNDA:2,MarketVaultCoreV1.firstBuyOccurred
DA:225,13
DA:228,3837
FN:228,MarketVaultCoreV1.totalPrincipal
FNDA:3837,MarketVaultCoreV1.totalPrincipal
DA:229,19167
DA:232,2
FN:232,MarketVaultCoreV1.totalEarlyBirdScore
FNDA:2,MarketVaultCoreV1.totalEarlyBirdScore
DA:233,3643
DA:236,3828
FN:236,MarketVaultCoreV1.cumulativePrimaryBought
FNDA:3828,MarketVaultCoreV1.cumulativePrimaryBought
DA:237,7458
DA:240,9
FN:240,MarketVaultCoreV1.earlyBirdScore
FNDA:9,MarketVaultCoreV1.earlyBirdScore
DA:241,9
DA:244,204913
FN:244,MarketVaultCoreV1.isTerminal
FNDA:204913,MarketVaultCoreV1.isTerminal
DA:245,204913
DA:248,11
FN:248,MarketVaultCoreV1.resolutionDeadline
FNDA:11,MarketVaultCoreV1.resolutionDeadline
DA:249,4050
DA:252,2
FN:252,MarketVaultCoreV1.earlyBirdEnabled
FNDA:2,MarketVaultCoreV1.earlyBirdEnabled
DA:253,3639
DA:256,8
FN:256,MarketVaultCoreV1.permit2Enabled
FNDA:8,MarketVaultCoreV1.permit2Enabled
DA:257,17
DA:261,103199
FN:261,MarketVaultCoreV1.guardExposure
FNDA:103199,MarketVaultCoreV1.guardExposure
DA:262,103199
DA:263,103199
BRDA:263,2,0,4029
DA:264,99170
BRDA:264,3,0,1
DA:265,1
DA:267,99169
DA:270,83
FN:270,MarketVaultCoreV1.initialize
FNDA:83,MarketVaultCoreV1.initialize
DA:271,83
DA:274,83
FN:274,MarketVaultCoreV1._initialize
FNDA:83,MarketVaultCoreV1._initialize
DA:275,2
BRDA:275,4,0,2
DA:276,81
BRDA:276,5,0,1
DA:278,80
DA:279,79
DA:280,79
DA:281,79
DA:282,79
DA:283,79
DA:284,1
BRDA:284,6,0,1
DA:285,79
BRDA:285,7,0,2
DA:286,2
DA:288,77
BRDA:288,8,0,1
DA:289,76
BRDA:289,9,0,1
DA:290,1
DA:292,75
BRDA:292,10,0,1
DA:293,1
DA:295,74
BRDA:295,11,0,1
DA:296,1
DA:298,73
DA:300,69
DA:301,69
DA:302,69
DA:303,69
DA:304,69
DA:305,69
DA:306,69
DA:307,69
DA:308,69
DA:309,69
DA:310,69
DA:311,69
DA:312,69
DA:313,69
DA:314,69
DA:315,69
DA:316,69
DA:317,69
DA:318,69
DA:319,69
DA:320,69
DA:321,69
DA:322,69
DA:323,69
DA:324,69
DA:325,69
DA:326,69
DA:328,69
DA:337,69
DA:347,69
DA:358,12
FN:358,MarketVaultCoreV1.updateBeforeFirstBuy
FNDA:12,MarketVaultCoreV1.updateBeforeFirstBuy
DA:368,11
BRDA:368,12,0,1
DA:369,10
BRDA:369,13,0,1
DA:370,9
BRDA:370,14,0,1
DA:371,8
BRDA:371,15,0,1
DA:372,7
BRDA:372,16,0,1
DA:373,1
DA:375,6
BRDA:375,17,0,1
DA:376,1
DA:378,5
BRDA:378,18,0,1
DA:379,1
DA:381,4
DA:382,3
BRDA:382,19,0,1
DA:384,2
DA:385,2
DA:386,2
DA:387,2
DA:388,2
DA:389,2
DA:390,2
DA:391,2
DA:392,2
DA:404,3630
FN:404,MarketVaultCoreV1.buy
FNDA:3630,MarketVaultCoreV1.buy
DA:411,3630
DA:414,3620
DA:415,3619
DA:418,9
FN:418,MarketVaultCoreV1.buyWithPermit2
FNDA:9,MarketVaultCoreV1.buyWithPermit2
DA:428,9
BRDA:428,20,0,1
DA:429,1
DA:431,8
BRDA:431,21,0,1
DA:432,1
DA:434,7
DA:437,7
DA:438,6
DA:439,2
BRDA:439,22,0,2
DA:440,2
DA:443,5
DA:457,5
DA:458,2
DA:461,5
FN:461,MarketVaultCoreV1._pullWithPermit2
FNDA:5,MarketVaultCoreV1._pullWithPermit2
DA:468,5
DA:469,5
DA:470,5
DA:473,5
DA:476,3
DA:477,3
BRDA:477,23,0,1
DA:480,3637
FN:480,MarketVaultCoreV1._prepareBuy
FNDA:3637,MarketVaultCoreV1._prepareBuy
DA:488,3637
BRDA:488,24,0,1
DA:489,3636
BRDA:489,25,0,1
DA:490,1
DA:492,3635
BRDA:492,26,0,2
DA:493,2
DA:495,3633
BRDA:495,27,0,1
DA:496,3632
BRDA:496,28,0,1
DA:497,3631
BRDA:497,29,0,1
DA:499,3630
DA:500,3630
DA:501,3630
DA:502,3630
BRDA:502,30,0,2
DA:503,2
DA:505,3628
BRDA:505,31,0,1
DA:508,3621
FN:508,MarketVaultCoreV1._completeBuy
FNDA:3621,MarketVaultCoreV1._completeBuy
DA:514,3621
DA:515,3621
DA:516,3621
DA:517,3621
DA:518,3621
DA:519,3621
DA:520,3621
DA:521,3621
BRDA:521,32,0,3620
DA:522,3620
DA:523,3620
DA:524,3620
DA:527,3621
DA:528,3621
DA:529,3621
DA:531,3621
DA:532,3621
DA:544,3620
FN:544,MarketVaultCoreV1._pullExact
FNDA:3620,MarketVaultCoreV1._pullExact
DA:545,3620
DA:546,3620
DA:547,3620
DA:548,3620
BRDA:548,33,0,1
DA:551,3627
FN:551,MarketVaultCoreV1._earlyBirdWeight
FNDA:3627,MarketVaultCoreV1._earlyBirdWeight
DA:552,3627
BRDA:552,34,0,2
DA:553,3625
BRDA:553,35,0,2
DA:554,3623
BRDA:554,36,0,1
DA:555,3622
DA:556,3622
DA:557,3622
BRDA:557,37,0,3618
DA:558,4
BRDA:558,38,0,2
DA:559,2
DA:566,16
FN:566,MarketVaultCoreV1.resolve
FNDA:16,MarketVaultCoreV1.resolve
DA:567,15
BRDA:567,39,0,1
DA:568,14
BRDA:568,40,0,1
DA:569,13
BRDA:569,41,0,1
DA:570,12
BRDA:570,42,0,1
DA:571,11
DA:572,11
BRDA:572,43,0,1
DA:574,10
DA:575,10
DA:576,10
DA:577,10
DA:578,10
DA:579,10
DA:580,10
DA:581,10
DA:583,10
DA:584,10
BRDA:584,44,0,9
DA:585,9
DA:586,9
DA:592,9
DA:599,10
DA:600,9
DA:616,4019
FN:616,MarketVaultCoreV1.creatorVoid
FNDA:4019,MarketVaultCoreV1.creatorVoid
DA:617,4019
BRDA:617,45,0,2
DA:618,4017
BRDA:618,46,0,2
DA:619,4015
DA:624,10
FN:624,MarketVaultCoreV1.voidAfterDeadline
FNDA:10,MarketVaultCoreV1.voidAfterDeadline
DA:625,10
BRDA:625,47,0,1
DA:626,9
BRDA:626,48,0,1
DA:627,8
DA:630,4023
FN:630,MarketVaultCoreV1._void
FNDA:4023,MarketVaultCoreV1._void
DA:631,4023
DA:632,4023
DA:633,4023
DA:634,4023
DA:637,3
FN:637,MarketVaultCoreV1.claimWinnings
FNDA:3,MarketVaultCoreV1.claimWinnings
DA:638,3
DA:641,8
FN:641,MarketVaultCoreV1.claimWinningsFor
FNDA:8,MarketVaultCoreV1.claimWinningsFor
DA:642,11
BRDA:642,49,0,1
DA:643,10
DA:644,9
DA:645,9
BRDA:645,50,0,1
DA:646,8
DA:649,8
DA:650,8
DA:651,8
DA:652,8
DA:653,8
DA:656,2
FN:656,MarketVaultCoreV1.claimEarlyBird
FNDA:2,MarketVaultCoreV1.claimEarlyBird
DA:657,2
DA:660,3
FN:660,MarketVaultCoreV1.claimEarlyBirdFor
FNDA:3,MarketVaultCoreV1.claimEarlyBirdFor
DA:661,5
BRDA:661,51,0,1
DA:662,4
DA:663,4
DA:664,4
BRDA:664,52,0,1
DA:665,3
DA:672,3
DA:673,3
DA:674,3
DA:675,3
DA:676,3
DA:679,5
FN:679,MarketVaultCoreV1.refund
FNDA:5,MarketVaultCoreV1.refund
DA:680,5
DA:683,3784
FN:683,MarketVaultCoreV1.refundFor
FNDA:3784,MarketVaultCoreV1.refundFor
DA:684,3789
DA:686,3789
DA:687,4
DA:688,1
BRDA:688,53,0,1
DA:689,3788
DA:691,3787
DA:692,11351
DA:694,3787
BRDA:694,54,0,1
DA:695,3786
DA:696,3786
BRDA:696,55,0,3
DA:697,3
DA:699,3786
DA:700,11349
DA:701,11349
BRDA:701,56,0,4257
DA:703,3786
DA:704,3786
DA:709,7
FN:709,MarketVaultCoreV1.fundTimeoutBonus
FNDA:7,MarketVaultCoreV1.fundTimeoutBonus
DA:710,7
BRDA:710,57,0,1
DA:711,6
BRDA:711,58,0,1
DA:712,1
BRDA:712,59,0,1
DA:713,4
BRDA:713,60,0,1
DA:714,3
DA:715,3
DA:716,3
DA:717,3
DA:720,3
DA:721,3
DA:722,3
DA:723,3
DA:726,2
FN:726,MarketVaultCoreV1.claimTimeoutBonus
FNDA:2,MarketVaultCoreV1.claimTimeoutBonus
DA:727,2
DA:730,3
FN:730,MarketVaultCoreV1.claimTimeoutBonusFor
FNDA:3,MarketVaultCoreV1.claimTimeoutBonusFor
DA:731,5
BRDA:731,61,0,1
DA:732,4
DA:733,4
BRDA:733,62,0,1
DA:734,3
DA:741,3
DA:742,3
DA:743,3
DA:744,3
DA:745,3
DA:748,3798
FN:748,MarketVaultCoreV1._rejectProtocolMarketplaceOwner
FNDA:3798,MarketVaultCoreV1._rejectProtocolMarketplaceOwner
DA:749,3798
DA:750,3798
BRDA:750,63,0,2
DA:751,2
DA:755,5
FN:755,MarketVaultCoreV1.burnLosingPosition
FNDA:5,MarketVaultCoreV1.burnLosingPosition
DA:756,5
BRDA:756,64,0,1
DA:757,4
BRDA:757,65,0,2
DA:758,2
DA:760,2
DA:761,2
BRDA:761,66,0,1
DA:762,1
DA:763,1
DA:766,10
FN:766,MarketVaultCoreV1._calculatePayouts
FNDA:10,MarketVaultCoreV1._calculatePayouts
DA:771,10
DA:772,10
DA:773,10
DA:774,10
DA:775,10
DA:776,10
DA:779,10
DA:789,25
FN:789,MarketVaultCoreV1._consumeRemainingPool
FNDA:25,MarketVaultCoreV1._consumeRemainingPool
DA:796,25
BRDA:796,67,0,3
DA:797,3
DA:799,22
BRDA:799,68,0,12
BRDA:799,68,1,10
DA:800,12
DA:801,12
DA:803,10
DA:807,17
FN:807,MarketVaultCoreV1._assertCoverage
FNDA:17,MarketVaultCoreV1._assertCoverage
DA:808,17
DA:809,17
BRDA:809,69,0,11
BRDA:809,69,1,1
DA:810,11
DA:811,6
BRDA:811,70,1,1
DA:812,6
DA:813,5
DA:814,5
BRDA:814,70,0,5
DA:815,5
DA:817,1
DA:819,17
DA:820,17
BRDA:820,71,0,2
DA:823,77
FN:823,MarketVaultCoreV1._validateTimes
FNDA:77,MarketVaultCoreV1._validateTimes
DA:828,77
DA:829,74
DA:830,5
BRDA:830,72,0,5
DA:835,7250
FN:835,MarketVaultCoreV1._packUint128Pair
FNDA:7250,MarketVaultCoreV1._packUint128Pair
DA:836,7250
DA:839,3626
FN:839,MarketVaultCoreV1._setMarketAccounting
FNDA:3626,MarketVaultCoreV1._setMarketAccounting
DA:840,3626
FNF:48
FNH:48
LF:334
LH:334
BRF:76
BRH:76
end_of_record
TN:
SF:src/marketplace/FixedPriceMarketplaceV1.sol
DA:115,98
FN:115,FixedPriceMarketplaceV1.constructor
FNDA:98,FixedPriceMarketplaceV1.constructor
DA:123,98
DA:124,97
DA:125,2
BRDA:125,0,0,2
DA:126,96
DA:127,96
DA:128,96
DA:129,96
DA:130,96
DA:133,31
FN:133,FixedPriceMarketplaceV1.createListing
FNDA:31,FixedPriceMarketplaceV1.createListing
DA:140,31
BRDA:140,1,0,1
DA:141,1
DA:143,30
BRDA:143,2,0,1
DA:144,29
DA:145,29
BRDA:145,3,0,1
DA:146,28
BRDA:146,4,0,1
DA:147,1
DA:149,27
BRDA:149,5,0,1
DA:150,1
DA:152,26
BRDA:152,6,0,2
DA:153,2
DA:155,24
BRDA:155,7,0,1
DA:157,23
DA:158,23
DA:159,23
DA:160,23
DA:170,23
DA:171,23
DA:173,23
DA:174,23
DA:179,16
FN:179,FixedPriceMarketplaceV1.fillListing
FNDA:16,FixedPriceMarketplaceV1.fillListing
DA:186,16
DA:187,16
DA:188,5
DA:189,4
DA:191,4
DA:192,4
DA:195,8
FN:195,FixedPriceMarketplaceV1.fillListingWithPermit2
FNDA:8,FixedPriceMarketplaceV1.fillListingWithPermit2
DA:205,8
BRDA:205,8,0,1
DA:206,7
BRDA:206,9,0,1
DA:207,1
DA:209,6
DA:210,6
DA:211,6
BRDA:211,10,0,1
DA:213,5
DA:214,4
DA:215,2
BRDA:215,11,0,2
DA:216,2
DA:219,3
DA:220,3
DA:221,3
DA:223,2
DA:224,2
DA:226,2
DA:227,2
DA:230,3
FN:230,FixedPriceMarketplaceV1._fillWitness
FNDA:3,FixedPriceMarketplaceV1._fillWitness
DA:238,3
DA:254,3
FN:254,FixedPriceMarketplaceV1._pullWithPermit2
FNDA:3,FixedPriceMarketplaceV1._pullWithPermit2
DA:261,3
DA:262,3
DA:263,3
DA:266,3
DA:269,3
DA:270,3
BRDA:270,12,0,1
DA:273,5
FN:273,FixedPriceMarketplaceV1.cancelListing
FNDA:5,FixedPriceMarketplaceV1.cancelListing
DA:274,5
DA:275,5
BRDA:275,13,0,2
DA:276,3
DA:277,3
DA:278,3
DA:279,3
DA:281,3
DA:284,5
FN:284,FixedPriceMarketplaceV1.returnTerminalListing
FNDA:5,FixedPriceMarketplaceV1.returnTerminalListing
DA:285,5
DA:286,5
BRDA:286,14,0,1
DA:287,4
BRDA:287,15,0,1
DA:288,3
DA:289,3
DA:290,3
DA:291,3
DA:292,3
DA:294,3
DA:297,22
FN:297,FixedPriceMarketplaceV1._prepareFill
FNDA:22,FixedPriceMarketplaceV1._prepareFill
DA:304,22
BRDA:304,16,0,1
DA:305,1
DA:307,21
BRDA:307,17,0,1
DA:308,20
DA:309,20
BRDA:309,18,0,1
DA:310,19
BRDA:310,19,0,1
DA:311,18
BRDA:311,20,0,1
DA:312,17
BRDA:312,21,0,1
DA:314,16
DA:315,16
BRDA:315,22,0,1
DA:316,15
DA:319,15
BRDA:319,23,0,1
DA:320,1
DA:322,14
DA:323,14
BRDA:323,24,0,1
DA:324,1
DA:327,13
DA:328,13
BRDA:328,25,0,1
DA:329,12
BRDA:329,26,0,1
DA:330,11
DA:333,11
DA:337,11
DA:338,11
DA:339,11
BRDA:339,27,0,10
DA:340,11
DA:349,5
FN:349,FixedPriceMarketplaceV1._payFrom
FNDA:5,FixedPriceMarketplaceV1._payFrom
DA:355,5
BRDA:355,28,0,5
DA:356,5
DA:358,5
DA:359,5
BRDA:359,29,0,4
DA:360,4
DA:361,4
DA:362,4
DA:363,4
BRDA:363,30,0,1
DA:364,3
DA:368,2
FN:368,FixedPriceMarketplaceV1._payHeld
FNDA:2,FixedPriceMarketplaceV1._payHeld
DA:371,2
BRDA:371,31,0,2
DA:372,2
DA:374,2
DA:375,2
BRDA:375,32,0,2
DA:376,2
DA:377,2
DA:381,5
FN:381,FixedPriceMarketplaceV1._accrueFees
FNDA:5,FixedPriceMarketplaceV1._accrueFees
DA:384,5
DA:385,5
DA:388,5
DA:393,6
FN:393,FixedPriceMarketplaceV1._emitFill
FNDA:6,FixedPriceMarketplaceV1._emitFill
DA:400,6
DA:401,6
DA:415,24
FN:415,FixedPriceMarketplaceV1.onERC1155Received
FNDA:24,FixedPriceMarketplaceV1.onERC1155Received
DA:422,24
DA:423,24
BRDA:423,33,0,1
DA:424,1
DA:426,23
DA:429,2
FN:429,FixedPriceMarketplaceV1.onERC1155BatchReceived
FNDA:2,FixedPriceMarketplaceV1.onERC1155BatchReceived
DA:436,2
DA:439,3
FN:439,FixedPriceMarketplaceV1.supportsInterface
FNDA:3,FixedPriceMarketplaceV1.supportsInterface
DA:440,3
DA:441,2
FNF:16
FNH:16
LF:142
LH:142
BRF:34
BRH:34
end_of_record
TN:
SF:src/paymaster/SponsorshipPaymasterV1.sol
DA:120,24
FN:120,SponsorshipPaymasterV1.constructor
FNDA:24,SponsorshipPaymasterV1.constructor
DA:130,24
DA:131,23
DA:132,3
BRDA:132,0,0,3
DA:133,21
DA:134,21
DA:135,21
DA:136,21
DA:137,21
DA:140,2
FN:140,SponsorshipPaymasterV1.onlyGovernance
FNDA:2,SponsorshipPaymasterV1.onlyGovernance
DA:141,2
BRDA:141,1,0,1
DA:145,34
FN:145,SponsorshipPaymasterV1.onlyEntryPoint
FNDA:34,SponsorshipPaymasterV1.onlyEntryPoint
DA:146,34
BRDA:146,2,0,1
DA:150,1
FN:150,SponsorshipPaymasterV1.receive
FNDA:1,SponsorshipPaymasterV1.receive
DA:151,1
DA:154,34
FN:154,SponsorshipPaymasterV1.validatePaymasterUserOp
FNDA:34,SponsorshipPaymasterV1.validatePaymasterUserOp
DA:159,33
BRDA:159,3,0,1
DA:160,1
DA:162,32
DA:163,19
DA:164,19
BRDA:164,4,0,3
DA:166,16
DA:171,32
FN:171,SponsorshipPaymasterV1._validateAuthorization
FNDA:32,SponsorshipPaymasterV1._validateAuthorization
DA:176,32
BRDA:176,5,0,1
DA:177,1
DA:181,31
DA:183,1
BRDA:183,6,0,1
DA:184,30
DA:192,30
DA:194,26
DA:195,26
DA:196,26
DA:197,26
DA:198,26
DA:199,26
BRDA:199,7,0,2
DA:200,2
DA:202,24
BRDA:202,8,0,1
DA:203,23
BRDA:203,9,0,3
DA:204,3
DA:207,20
DA:208,1
BRDA:208,10,0,1
DA:209,19
DA:210,19
DA:211,19
DA:216,16
FN:216,SponsorshipPaymasterV1._reserveSponsorship
FNDA:16,SponsorshipPaymasterV1._reserveSponsorship
DA:222,16
DA:223,16
DA:224,16
DA:226,16
DA:227,13
DA:229,4
BRDA:229,11,0,4
DA:231,12
DA:232,12
DA:233,12
DA:234,12
DA:235,12
DA:238,11
FN:238,SponsorshipPaymasterV1.postOp
FNDA:11,SponsorshipPaymasterV1.postOp
DA:244,10
DA:245,10
DA:246,10
DA:247,10
DA:250,10
DA:251,10
DA:252,10
DA:257,3
FN:257,SponsorshipPaymasterV1.setSponsorSigner
FNDA:3,SponsorshipPaymasterV1.setSponsorSigner
DA:258,2
BRDA:258,12,0,1
DA:259,1
DA:260,1
DA:261,1
DA:262,1
DA:265,5
FN:265,SponsorshipPaymasterV1.setBudgets
FNDA:5,SponsorshipPaymasterV1.setBudgets
DA:270,4
DA:273,3
FN:273,SponsorshipPaymasterV1.deposit
FNDA:3,SponsorshipPaymasterV1.deposit
DA:274,4
DA:275,4
DA:278,3
FN:278,SponsorshipPaymasterV1.withdrawDepositTo
FNDA:3,SponsorshipPaymasterV1.withdrawDepositTo
DA:279,2
BRDA:279,13,0,1
DA:280,1
DA:281,1
DA:284,2
FN:284,SponsorshipPaymasterV1.addStake
FNDA:2,SponsorshipPaymasterV1.addStake
DA:285,1
DA:286,1
DA:289,2
FN:289,SponsorshipPaymasterV1.unlockStake
FNDA:2,SponsorshipPaymasterV1.unlockStake
DA:290,1
DA:291,1
DA:294,3
FN:294,SponsorshipPaymasterV1.withdrawStake
FNDA:3,SponsorshipPaymasterV1.withdrawStake
DA:295,2
BRDA:295,14,0,1
DA:296,1
DA:297,1
DA:300,5
FN:300,SponsorshipPaymasterV1.getDeposit
FNDA:5,SponsorshipPaymasterV1.getDeposit
DA:301,5
DA:304,22
FN:304,SponsorshipPaymasterV1.sponsorshipDigest
FNDA:22,SponsorshipPaymasterV1.sponsorshipDigest
DA:313,22
DA:314,22
DA:322,22
DA:325,42
FN:325,SponsorshipPaymasterV1._sponsorshipHash
FNDA:42,SponsorshipPaymasterV1._sponsorshipHash
DA:329,42
DA:349,42
DA:352,19
FN:352,SponsorshipPaymasterV1._isSponsorSignatureValid
FNDA:19,SponsorshipPaymasterV1._isSponsorSignatureValid
DA:357,19
DA:358,19
DA:359,19
DA:360,19
DA:363,30
FN:363,SponsorshipPaymasterV1._validatedPaymasterGasLimits
FNDA:30,SponsorshipPaymasterV1._validatedPaymasterGasLimits
DA:368,30
DA:373,30
DA:375,30
DA:378,52
FN:378,SponsorshipPaymasterV1._validatePaymasterGasLimits
FNDA:52,SponsorshipPaymasterV1._validatePaymasterGasLimits
DA:383,52
DA:384,51
DA:385,2
BRDA:385,15,0,2
DA:387,50
DA:388,49
DA:389,2
BRDA:389,16,0,2
DA:392,25
FN:392,SponsorshipPaymasterV1._setBudgets
FNDA:25,SponsorshipPaymasterV1._setBudgets
DA:398,25
DA:399,21
DA:400,6
BRDA:400,17,0,6
DA:401,19
DA:402,19
DA:403,19
DA:404,19
DA:409,19
FN:409,SponsorshipPaymasterV1._packValidationData
FNDA:19,SponsorshipPaymasterV1._packValidationData
DA:414,19
FNF:23
FNH:23
LF:124
LH:124
BRF:18
BRH:18
end_of_record
TN:
SF:test/gas/ProtocolGasGates.t.sol
DA:12,1
FN:12,CloneDeploymentGasHarness.deployAndInitialize
FNDA:1,CloneDeploymentGasHarness.deployAndInitialize
DA:17,1
DA:18,1
DA:19,1
FNF:1
FNH:1
LF:4
LH:4
BRF:0
BRH:0
end_of_record
TN:
SF:test/helpers/ProtocolTestBase.sol
DA:38,61
FN:38,ProtocolTestBase.setUp
FNDA:61,ProtocolTestBase.setUp
DA:39,61
DA:40,61
DA:41,61
DA:42,61
DA:43,61
DA:44,61
DA:45,61
DA:46,61
DA:47,61
DA:58,61
DA:59,61
DA:60,61
DA:61,61
DA:62,61
DA:65,61
DA:66,61
DA:68,61
DA:69,61
DA:70,244
DA:72,61
DA:73,61
DA:74,61
DA:75,61
DA:76,61
DA:77,61
DA:78,61
DA:79,61
DA:82,68
FN:82,ProtocolTestBase._defaultParams
FNDA:68,ProtocolTestBase._defaultParams
DA:87,68
DA:108,36
FN:108,ProtocolTestBase._create
FNDA:36,ProtocolTestBase._create
DA:112,36
DA:113,36
DA:116,20
FN:116,ProtocolTestBase._createDefault
FNDA:20,ProtocolTestBase._createDefault
DA:117,20
DA:120,36
FN:120,ProtocolTestBase._approveMarket
FNDA:36,ProtocolTestBase._approveMarket
DA:121,36
DA:122,36
DA:125,34
FN:125,ProtocolTestBase._buy
FNDA:34,ProtocolTestBase._buy
DA:128,34
DA:129,34
DA:130,34
DA:131,34
FNF:6
FNH:6
LF:43
LH:43
BRF:0
BRH:0
end_of_record
TN:
SF:test/invariant/MarketAccounting.invariant.t.sol
DA:26,4
FN:26,MarketAccountingHandler.constructor
FNDA:4,MarketAccountingHandler.constructor
DA:33,4
DA:34,4
DA:35,4
DA:36,4
DA:37,4
DA:40,102792
FN:40,MarketAccountingHandler.buy
FNDA:102792,MarketAccountingHandler.buy
DA:41,102792
BRDA:41,0,0,102792
DA:42,3828
DA:43,3828
DA:44,3828
DA:45,3828
DA:46,3828
BRDA:46,1,0,263
DA:47,3565
DA:48,3565
DA:49,3565
DA:50,3565
DA:53,101800
FN:53,MarketAccountingHandler.transfer
FNDA:101800,MarketAccountingHandler.transfer
DA:56,101800
DA:57,101800
DA:58,101800
BRDA:58,2,0,27792
DA:59,74008
DA:60,74008
DA:61,74008
BRDA:61,3,0,72843
DA:62,1165
DA:63,1165
DA:64,1165
DA:67,102068
FN:67,MarketAccountingHandler.creatorVoid
FNDA:102068,MarketAccountingHandler.creatorVoid
DA:68,102068
BRDA:68,4,0,102068
DA:69,4004
DA:70,4004
DA:73,102660
FN:73,MarketAccountingHandler.refund
FNDA:102660,MarketAccountingHandler.refund
DA:74,102660
DA:76,102660
DA:77,3548
DA:78,3548
BRDA:78,5,0,3548
DA:79,99112
DA:80,99112
DA:81,99112
DA:82,297336
DA:84,99112
BRDA:84,6,0,95335
DA:85,3777
DA:88,103192
FN:88,MarketAccountingHandler.syncGuard
FNDA:103192,MarketAccountingHandler.syncGuard
DA:89,103192
FNF:6
FNH:6
LF:44
LH:44
BRF:7
BRH:7
end_of_record
TN:
SF:test/mocks/MockUSDC.sol
DA:9,87
FN:9,MockUSDC.decimals
FNDA:87,MockUSDC.decimals
DA:10,87
DA:13,341
FN:13,MockUSDC.mint
FNDA:341,MockUSDC.mint
DA:14,341
FNF:2
FNH:2
LF:4
LH:4
BRF:0
BRH:0
end_of_record
TN:
SF:test/security/EchidnaMarketAccounting.sol
DA:26,0
FN:26,SecurityActor.constructor.0
FNDA:0,SecurityActor.constructor.0
DA:27,0
DA:28,0
DA:29,0
DA:30,0
DA:33,0
FN:33,SecurityActor.onlyHarness
FNDA:0,SecurityActor.onlyHarness
DA:34,0
BRDA:34,0,0,-
BRDA:34,0,1,-
DA:38,0
FN:38,SecurityActor.buy.0
FNDA:0,SecurityActor.buy.0
DA:39,0
DA:42,0
FN:42,SecurityActor.transferTo
FNDA:0,SecurityActor.transferTo
DA:46,0
DA:49,0
FN:49,SecurityActor.refund.0
FNDA:0,SecurityActor.refund.0
DA:50,0
DA:53,0
FN:53,SecurityActor.claimWinner.0
FNDA:0,SecurityActor.claimWinner.0
DA:54,0
DA:57,0
FN:57,SecurityActor.claimEarlyBird.0
FNDA:0,SecurityActor.claimEarlyBird.0
DA:58,0
DA:61,0
FN:61,SecurityActor.claimTimeoutBonus.0
FNDA:0,SecurityActor.claimTimeoutBonus.0
DA:62,0
DA:65,0
FN:65,SecurityActor.burnLosing.0
FNDA:0,SecurityActor.burnLosing.0
DA:66,0
DA:81,0
FN:81,EchidnaMarketAccounting.constructor.1
FNDA:0,EchidnaMarketAccounting.constructor.1
DA:82,0
DA:83,0
DA:84,0
DA:85,0
DA:86,0
DA:87,0
DA:88,0
DA:89,0
DA:90,0
DA:101,0
DA:102,0
DA:103,0
DA:104,0
DA:105,0
DA:108,0
DA:109,0
DA:111,0
DA:112,0
DA:113,0
DA:132,0
DA:134,0
DA:135,0
DA:136,0
DA:140,0
FN:140,EchidnaMarketAccounting.buy.1
FNDA:0,EchidnaMarketAccounting.buy.1
DA:141,0
BRDA:141,1,0,-
DA:142,0
DA:143,0
DA:144,0
DA:145,0
DA:146,0
DA:147,0
DA:148,0
BRDA:148,2,0,-
DA:149,0
DA:150,0
BRDA:150,3,0,-
DA:153,0
FN:153,EchidnaMarketAccounting.transfer
FNDA:0,EchidnaMarketAccounting.transfer
DA:156,0
DA:157,0
DA:158,0
BRDA:158,4,0,-
DA:159,0
DA:160,0
DA:161,0
BRDA:161,5,0,-
DA:162,0
DA:163,0
BRDA:163,6,0,-
DA:166,0
FN:166,EchidnaMarketAccounting.creatorResolve
FNDA:0,EchidnaMarketAccounting.creatorResolve
DA:167,0
BRDA:167,7,0,-
DA:168,0
BRDA:168,8,0,-
DA:169,0
DA:171,0
DA:172,0
BRDA:172,9,0,-
DA:173,0
BRDA:173,10,0,-
DA:176,0
FN:176,EchidnaMarketAccounting.creatorVoid
FNDA:0,EchidnaMarketAccounting.creatorVoid
DA:177,0
BRDA:177,11,0,-
DA:178,0
BRDA:178,12,0,-
DA:181,0
FN:181,EchidnaMarketAccounting.timeoutVoid
FNDA:0,EchidnaMarketAccounting.timeoutVoid
DA:182,0
BRDA:182,13,0,-
DA:183,0
BRDA:183,14,0,-
DA:186,0
FN:186,EchidnaMarketAccounting.settleBond
FNDA:0,EchidnaMarketAccounting.settleBond
DA:187,0
BRDA:187,15,0,-
DA:188,0
BRDA:188,16,0,-
DA:191,0
FN:191,EchidnaMarketAccounting.refund.1
FNDA:0,EchidnaMarketAccounting.refund.1
DA:192,0
DA:193,0
BRDA:193,17,0,-
DA:196,0
FN:196,EchidnaMarketAccounting.claimWinner.1
FNDA:0,EchidnaMarketAccounting.claimWinner.1
DA:197,0
DA:198,0
BRDA:198,18,0,-
DA:201,0
FN:201,EchidnaMarketAccounting.claimEarlyBird.1
FNDA:0,EchidnaMarketAccounting.claimEarlyBird.1
DA:202,0
DA:203,0
BRDA:203,19,0,-
DA:206,0
FN:206,EchidnaMarketAccounting.claimTimeoutBonus.1
FNDA:0,EchidnaMarketAccounting.claimTimeoutBonus.1
DA:207,0
DA:208,0
BRDA:208,20,0,-
DA:211,0
FN:211,EchidnaMarketAccounting.burnLosing.1
FNDA:0,EchidnaMarketAccounting.burnLosing.1
DA:212,0
DA:213,0
BRDA:213,21,0,-
DA:216,0
FN:216,EchidnaMarketAccounting.syncGuard
FNDA:0,EchidnaMarketAccounting.syncGuard
DA:217,0
BRDA:217,22,0,-
DA:220,0
FN:220,EchidnaMarketAccounting.claimCreatorBond
FNDA:0,EchidnaMarketAccounting.claimCreatorBond
DA:221,0
BRDA:221,23,0,-
DA:224,0
FN:224,EchidnaMarketAccounting.claimCreatorFee
FNDA:0,EchidnaMarketAccounting.claimCreatorFee
DA:225,0
BRDA:225,24,0,-
DA:228,0
FN:228,EchidnaMarketAccounting._vaultSolvent
FNDA:0,EchidnaMarketAccounting._vaultSolvent
DA:229,0
DA:230,0
DA:231,0
BRDA:231,25,0,-
BRDA:231,25,1,-
DA:232,0
DA:233,0
BRDA:233,26,0,-
BRDA:233,26,1,-
DA:234,0
DA:236,0
DA:238,0
DA:241,0
FN:241,EchidnaMarketAccounting._supplyConsistent
FNDA:0,EchidnaMarketAccounting._supplyConsistent
DA:242,0
DA:243,0
DA:244,0
DA:246,0
DA:249,0
FN:249,EchidnaMarketAccounting._guardConservative
FNDA:0,EchidnaMarketAccounting._guardConservative
DA:250,0
DA:251,0
DA:254,0
FN:254,EchidnaMarketAccounting._segregatedVaultsSolvent
FNDA:0,EchidnaMarketAccounting._segregatedVaultsSolvent
DA:255,0
DA:256,0
DA:257,0
DA:260,0
FN:260,EchidnaMarketAccounting.echidna_vault_assets_cover_liabilities
FNDA:0,EchidnaMarketAccounting.echidna_vault_assets_cover_liabilities
DA:261,0
DA:264,0
FN:264,EchidnaMarketAccounting.echidna_supply_is_conserved
FNDA:0,EchidnaMarketAccounting.echidna_supply_is_conserved
DA:265,0
DA:268,0
FN:268,EchidnaMarketAccounting.echidna_guard_is_conservative
FNDA:0,EchidnaMarketAccounting.echidna_guard_is_conservative
DA:269,0
DA:272,0
FN:272,EchidnaMarketAccounting.echidna_fee_and_bond_vaults_are_solvent
FNDA:0,EchidnaMarketAccounting.echidna_fee_and_bond_vaults_are_solvent
DA:273,0
DA:276,0
FN:276,EchidnaMarketAccounting.property_vault_assets_cover_liabilities
FNDA:0,EchidnaMarketAccounting.property_vault_assets_cover_liabilities
DA:277,0
DA:280,0
FN:280,EchidnaMarketAccounting.property_supply_is_conserved
FNDA:0,EchidnaMarketAccounting.property_supply_is_conserved
DA:281,0
DA:284,0
FN:284,EchidnaMarketAccounting.property_guard_is_conservative
FNDA:0,EchidnaMarketAccounting.property_guard_is_conservative
DA:285,0
DA:288,0
FN:288,EchidnaMarketAccounting.property_fee_and_bond_vaults_are_solvent
FNDA:0,EchidnaMarketAccounting.property_fee_and_bond_vaults_are_solvent
DA:289,0
FNF:36
FNH:0
LF:139
LH:0
BRF:30
BRH:0
end_of_record
TN:
SF:test/security/ProtocolMath.smt.sol
DA:9,0
FN:9,ProtocolMathSmt.check_RakeConservation
FNDA:0,ProtocolMathSmt.check_RakeConservation
DA:16,0
BRDA:16,0,0,-
BRDA:16,0,1,-
DA:17,0
BRDA:17,1,0,-
BRDA:17,1,1,-
DA:18,0
BRDA:18,2,0,-
BRDA:18,2,1,-
DA:20,0
DA:21,0
DA:22,0
DA:23,0
DA:24,0
DA:25,0
DA:27,0
DA:28,0
DA:29,0
DA:30,0
DA:33,0
FN:33,ProtocolMathSmt.check_RemainingPoolStep
FNDA:0,ProtocolMathSmt.check_RemainingPoolStep
DA:38,0
BRDA:38,3,0,-
BRDA:38,3,1,-
DA:39,0
BRDA:39,4,0,-
BRDA:39,4,1,-
DA:41,0
DA:44,0
DA:45,0
DA:47,0
DA:48,0
DA:49,0
DA:50,0
BRDA:50,5,0,-
DA:53,0
FN:53,ProtocolMathSmt.check_C2CConservation
FNDA:0,ProtocolMathSmt.check_C2CConservation
DA:59,0
BRDA:59,6,0,-
BRDA:59,6,1,-
DA:60,0
BRDA:60,7,0,-
BRDA:60,7,1,-
DA:61,0
BRDA:61,8,0,-
BRDA:61,8,1,-
DA:63,0
DA:64,0
DA:65,0
DA:66,0
DA:68,0
DA:69,0
FNF:3
FNH:0
LF:34
LH:0
BRF:17
BRH:0
end_of_record
TN:
SF:test/unit/FactoryValidation.t.sol
DA:35,2
FN:35,DuplicateMarketRuntime.initialize
FNDA:2,DuplicateMarketRuntime.initialize
DA:36,2
DA:45,1
FN:45,DuplicateMarketDeployer.constructor
FNDA:1,DuplicateMarketDeployer.constructor
DA:46,1
DA:47,1
DA:50,1
FN:50,DuplicateMarketDeployer.setFactory
FNDA:1,DuplicateMarketDeployer.setFactory
DA:51,1
BRDA:51,0,0,0
DA:52,1
BRDA:52,1,0,0
DA:53,1
DA:56,2
FN:56,DuplicateMarketDeployer.deploy
FNDA:2,DuplicateMarketDeployer.deploy
DA:57,2
BRDA:57,2,0,0
DA:58,2
FNF:4
FNH:4
LF:12
LH:12
BRF:3
BRH:0
end_of_record
TN:
SF:test/unit/FeeVaultMutationResistance.t.sol
DA:17,0
FN:17,ReentrantObservationUSDC.decimals
FNDA:0,ReentrantObservationUSDC.decimals
DA:18,0
DA:21,4
FN:21,ReentrantObservationUSDC.mint
FNDA:4,ReentrantObservationUSDC.mint
DA:22,4
DA:25,1
FN:25,ReentrantObservationUSDC.arm
FNDA:1,ReentrantObservationUSDC.arm
DA:26,1
DA:27,1
DA:30,7
FN:30,ReentrantObservationUSDC._update
FNDA:7,ReentrantObservationUSDC._update
DA:31,7
BRDA:31,0,0,1
DA:32,1
DA:33,1
DA:34,1
DA:36,1
BRDA:36,1,0,1
DA:37,1
DA:40,7
FNF:4
FNH:3
LF:15
LH:13
BRF:2
BRH:2
end_of_record
TN:
SF:test/unit/MarketVaultInternalHarness.t.sol
DA:16,2
FN:16,MarketVaultInternalHarness.configureWeight
FNDA:2,MarketVaultInternalHarness.configureWeight
DA:17,2
DA:18,2
DA:19,2
DA:22,6
FN:22,MarketVaultInternalHarness.exposedEarlyBirdWeight
FNDA:6,MarketVaultInternalHarness.exposedEarlyBirdWeight
DA:23,6
DA:26,11
FN:26,MarketVaultInternalHarness.exposedConsume
FNDA:11,MarketVaultInternalHarness.exposedConsume
DA:30,11
DA:35,4
FN:35,MarketVaultInternalHarness.configureCoverage
FNDA:4,MarketVaultInternalHarness.configureCoverage
DA:44,4
DA:45,4
DA:46,4
DA:47,4
DA:48,4
DA:49,4
DA:50,4
DA:53,4
FN:53,MarketVaultInternalHarness.exposedAssertCoverage
FNDA:4,MarketVaultInternalHarness.exposedAssertCoverage
DA:54,4
DA:57,1
FN:57,MarketVaultInternalHarness.configurePackedMarketAccounting
FNDA:1,MarketVaultInternalHarness.configurePackedMarketAccounting
DA:58,1
DA:61,3
FN:61,MarketVaultInternalHarness.exposedPackUint128Pair
FNDA:3,MarketVaultInternalHarness.exposedPackUint128Pair
DA:62,3
DA:65,4
FN:65,MarketVaultInternalHarness._packedMarketAccountingForHarness
FNDA:4,MarketVaultInternalHarness._packedMarketAccountingForHarness
DA:67,4
FNF:8
FNH:8
LF:24
LH:24
BRF:0
BRH:0
end_of_record
TN:
SF:test/unit/PaymasterEdges.t.sol
DA:26,4
FN:26,MockEntryPointAccounting.depositTo
FNDA:4,MockEntryPointAccounting.depositTo
DA:27,4
DA:30,1
FN:30,MockEntryPointAccounting.withdrawTo
FNDA:1,MockEntryPointAccounting.withdrawTo
DA:31,1
DA:32,1
DA:33,1
BRDA:33,0,0,0
BRDA:33,0,1,1
DA:36,1
FN:36,MockEntryPointAccounting.addStake
FNDA:1,MockEntryPointAccounting.addStake
DA:37,1
DA:38,1
DA:41,1
FN:41,MockEntryPointAccounting.unlockStake
FNDA:1,MockEntryPointAccounting.unlockStake
DA:42,1
DA:45,1
FN:45,MockEntryPointAccounting.withdrawStake
FNDA:1,MockEntryPointAccounting.withdrawStake
DA:46,1
BRDA:46,1,0,0
BRDA:46,1,1,1
DA:47,1
DA:48,1
DA:49,1
DA:50,1
BRDA:50,2,0,0
BRDA:50,2,1,1
DA:53,5
FN:53,MockEntryPointAccounting.balanceOf
FNDA:5,MockEntryPointAccounting.balanceOf
DA:54,5
DA:57,3
FN:57,MockEntryPointAccounting.executeSponsored
FNDA:3,MockEntryPointAccounting.executeSponsored
DA:65,3
BRDA:65,3,0,0
BRDA:65,3,1,3
DA:66,3
DA:67,3
DA:68,3
DA:69,3
BRDA:69,4,0,0
BRDA:69,4,1,3
DA:70,3
DA:73,3
FNF:7
FNH:7
LF:27
LH:27
BRF:10
BRH:5
end_of_record
TN:
SF:test/unit/ProtocolControls.t.sol
DA:36,1
FN:36,WrongDecimalsToken.decimals
FNDA:1,WrongDecimalsToken.decimals
DA:37,1
DA:44,2
FN:44,ExposureSource.setExposure
FNDA:2,ExposureSource.setExposure
DA:45,2
DA:54,3
FN:54,BondMarketMock.setState
FNDA:3,BondMarketMock.setState
DA:55,3
DA:58,1
FN:58,BondMarketMock.setTotalPrincipal
FNDA:1,BondMarketMock.setTotalPrincipal
DA:59,1
DA:62,1
FN:62,BondMarketMock.fundTimeoutBonus
FNDA:1,BondMarketMock.fundTimeoutBonus
DA:63,1
FNF:5
FNH:5
LF:10
LH:10
BRF:0
BRH:0
end_of_record
TN:
SF:test/unit/TokenTransferIntegrity.t.sol
DA:25,5
FN:25,ToggleFeeUSDC.decimals
FNDA:5,ToggleFeeUSDC.decimals
DA:26,5
DA:29,20
FN:29,ToggleFeeUSDC.mint
FNDA:20,ToggleFeeUSDC.mint
DA:30,20
DA:33,5
FN:33,ToggleFeeUSDC.setFeeEnabled
FNDA:5,ToggleFeeUSDC.setFeeEnabled
DA:34,5
DA:37,32
FN:37,ToggleFeeUSDC._update
FNDA:32,ToggleFeeUSDC._update
DA:38,32
BRDA:38,0,0,6
DA:39,6
DA:40,6
DA:41,6
DA:43,26
FNF:4
FNH:4
LF:12
LH:12
BRF:1
BRH:1
end_of_record
