TN:
SF:script/DeployArbitrumSepolia.s.sol
DA:57,5
FN:57,DeployArbitrumSepolia.run
FNDA:5,DeployArbitrumSepolia.run
DA:58,5
BRDA:58,0,0,1
BRDA:58,0,1,4
DA:59,4
DA:60,4
DA:61,4
DA:63,3
DA:64,3
DA:66,3
DA:67,3
DA:68,3
DA:73,3
BRDA:73,1,0,2
DA:74,2
BRDA:74,2,0,0
BRDA:74,2,1,2
DA:77,2
DA:78,2
DA:79,2
DA:82,1
DA:83,1
DA:86,1
BRDA:86,3,0,0
DA:87,0
DA:89,1
DA:90,1
DA:91,1
DA:94,4
FN:94,DeployArbitrumSepolia._loadDeploymentInputs
FNDA:4,DeployArbitrumSepolia._loadDeploymentInputs
DA:99,4
DA:100,4
DA:101,4
DA:102,4
DA:103,4
DA:104,4
DA:105,4
DA:106,4
BRDA:106,4,0,0
BRDA:106,4,1,4
DA:107,4
DA:110,4
FN:110,DeployArbitrumSepolia._validateExternalDependencies
FNDA:4,DeployArbitrumSepolia._validateExternalDependencies
DA:111,4
BRDA:111,5,0,1
BRDA:111,5,1,3
DA:112,3
BRDA:112,6,0,0
BRDA:112,6,1,3
DA:113,3
BRDA:113,7,0,0
DA:114,0
BRDA:114,8,0,-
BRDA:114,8,1,-
DA:115,0
BRDA:115,9,0,-
BRDA:115,9,1,-
DA:119,3
FN:119,DeployArbitrumSepolia._deployContracts
FNDA:3,DeployArbitrumSepolia._deployContracts
DA:123,3
DA:124,3
DA:125,3
DA:126,3
DA:127,3
DA:129,3
DA:130,3
BRDA:130,10,0,3
DA:131,3
DA:132,3
DA:134,3
DA:136,3
DA:137,3
DA:138,3
DA:139,3
DA:140,3
DA:141,3
DA:142,3
DA:143,3
DA:144,3
DA:146,3
DA:153,3
DA:164,3
FN:164,DeployArbitrumSepolia._factoryFingerprint
FNDA:3,DeployArbitrumSepolia._factoryFingerprint
DA:165,3
DA:168,1
FN:168,DeployArbitrumSepolia._scheduleBootstrap
FNDA:1,DeployArbitrumSepolia._scheduleBootstrap
DA:171,1
DA:172,1
DA:173,1
BRDA:173,11,0,0
BRDA:173,11,1,1
DA:177,1
DA:178,1
DA:179,1
DA:185,3
FN:185,DeployArbitrumSepolia._deployFactory
FNDA:3,DeployArbitrumSepolia._deployFactory
DA:191,3
DA:205,1
FN:205,DeployArbitrumSepolia._bootstrapBatch
FNDA:1,DeployArbitrumSepolia._bootstrapBatch
DA:210,1
DA:211,1
DA:212,1
DA:213,1
DA:214,1
DA:215,1
DA:216,1
DA:217,1
DA:218,1
DA:219,1
DA:220,1
DA:221,1
DA:222,1
DA:224,1
DA:225,1
DA:228,0
FN:228,DeployArbitrumSepolia._writePendingManifest
FNDA:0,DeployArbitrumSepolia._writePendingManifest
DA:231,0
DA:232,0
DA:233,0
DA:234,0
DA:235,0
DA:236,0
DA:241,0
DA:242,0
DA:243,0
DA:244,0
DA:245,0
DA:246,0
DA:247,0
DA:248,0
DA:253,0
DA:258,0
DA:261,0
DA:262,0
DA:263,0
DA:264,0
DA:265,0
DA:266,0
DA:267,0
DA:268,0
DA:269,0
DA:270,0
DA:271,0
DA:276,0
DA:277,0
DA:278,0
DA:279,0
DA:280,0
FNF:9
FNH:8
LF:120
LH:84
BRF:20
BRH:10
end_of_record
TN:
SF:script/FinalizeBootstrap.s.sol
DA:17,0
FN:17,FinalizeBootstrap.run
FNDA:0,FinalizeBootstrap.run
DA:18,0
BRDA:18,0,0,-
BRDA:18,0,1,-
DA:19,0
DA:20,0
DA:21,0
DA:22,0
DA:23,0
DA:24,0
DA:25,0
DA:26,0
DA:27,0
DA:28,0
DA:29,0
DA:30,0
DA:31,0
DA:32,0
DA:33,0
DA:34,0
DA:35,0
DA:36,0
DA:37,0
DA:38,0
DA:39,0
DA:40,0
DA:41,0
DA:43,0
DA:44,0
DA:45,0
BRDA:45,1,0,-
BRDA:45,1,1,-
DA:46,0
BRDA:46,2,0,-
BRDA:46,2,1,-
DA:50,0
BRDA:50,3,0,-
DA:51,0
DA:52,0
DA:54,0
DA:55,0
DA:58,2
FN:58,FinalizeBootstrap.shouldRenounceGovernanceRoles
FNDA:2,FinalizeBootstrap.shouldRenounceGovernanceRoles
DA:63,2
FNF:2
FNH:1
LF:36
LH:2
BRF:7
BRH:0
end_of_record
TN:
SF:src/core/BondEscrowV1.sol
DA:48,112
FN:48,BondEscrowV1.constructor
FNDA:112,BondEscrowV1.constructor
DA:49,112
BRDA:49,0,0,2
DA:50,110
DA:51,110
DA:54,110
FN:54,BondEscrowV1.onlyGovernance
FNDA:110,BondEscrowV1.onlyGovernance
DA:55,110
BRDA:55,1,0,1
DA:59,110
FN:59,BondEscrowV1.setFactory
FNDA:110,BondEscrowV1.setFactory
DA:60,109
BRDA:60,2,0,1
DA:61,108
BRDA:61,3,0,1
DA:62,107
DA:63,107
DA:66,87
FN:66,BondEscrowV1.lockBond
FNDA:87,BondEscrowV1.lockBond
DA:67,87
BRDA:67,4,0,1
DA:68,86
BRDA:68,5,0,2
DA:69,84
BRDA:69,6,0,1
DA:70,83
BRDA:70,7,0,2
DA:71,81
DA:72,81
DA:73,81
DA:74,81
BRDA:74,8,0,2
DA:75,79
DA:76,79
DA:77,79
DA:83,15
FN:83,BondEscrowV1.settleBond
FNDA:15,BondEscrowV1.settleBond
DA:84,15
DA:85,15
BRDA:85,9,0,1
DA:86,1
BRDA:86,10,0,1
DA:88,13
DA:89,13
BRDA:89,11,0,1
DA:91,12
DA:92,12
DA:93,12
DA:95,12
BRDA:95,12,1,9
DA:96,12
DA:97,5
DA:98,3
BRDA:98,12,0,3
DA:99,3
DA:100,3
DA:101,3
DA:103,9
DA:104,9
DA:105,9
BRDA:105,13,0,2
DA:106,2
DA:108,9
DA:112,1
FN:112,BondEscrowV1.claim
FNDA:1,BondEscrowV1.claim
DA:113,1
DA:116,6
FN:116,BondEscrowV1.claimFor
FNDA:6,BondEscrowV1.claimFor
DA:117,6
DA:120,7
FN:120,BondEscrowV1._claim
FNDA:7,BondEscrowV1._claim
DA:125,6
DA:126,6
BRDA:126,14,0,1
DA:127,5
DA:128,5
DA:129,5
DA:130,5
FNF:8
FNH:8
LF:55
LH:55
BRF:16
BRH:16
end_of_record
TN:
SF:src/core/EmergencyControllerV1.sol
DA:31,117
FN:31,EmergencyControllerV1.constructor
FNDA:117,EmergencyControllerV1.constructor
DA:32,117
BRDA:32,0,0,2
DA:33,115
DA:34,115
DA:37,6
FN:37,EmergencyControllerV1.onlyGovernance
FNDA:6,EmergencyControllerV1.onlyGovernance
DA:38,6
BRDA:38,1,0,1
DA:42,3875
FN:42,EmergencyControllerV1.isPaused
FNDA:3875,EmergencyControllerV1.isPaused
DA:43,3875
DA:46,17
FN:46,EmergencyControllerV1.pause
FNDA:17,EmergencyControllerV1.pause
DA:47,17
BRDA:47,2,0,2
DA:48,15
BRDA:48,3,0,2
DA:49,2
DA:51,13
BRDA:51,4,0,2
DA:52,2
DA:54,1
BRDA:54,5,0,1
DA:56,10
DA:57,10
DA:58,10
DA:59,10
DA:62,6
FN:62,EmergencyControllerV1.resetEpoch
FNDA:6,EmergencyControllerV1.resetEpoch
DA:63,5
BRDA:63,6,0,1
DA:64,4
DA:65,4
DA:66,4
DA:67,4
DA:68,4
DA:71,3
FN:71,EmergencyControllerV1.setEmergencySafe
FNDA:3,EmergencyControllerV1.setEmergencySafe
DA:72,2
BRDA:72,7,0,1
DA:73,1
DA:74,1
DA:75,1
FNF:6
FNH:6
LF:31
LH:31
BRF:8
BRH:8
end_of_record
TN:
SF:src/core/FeeVaultV1.sol
DA:39,111
FN:39,FeeVaultV1.constructor
FNDA:111,FeeVaultV1.constructor
DA:40,111
BRDA:40,0,0,2
DA:41,109
DA:42,109
DA:45,109
FN:45,FeeVaultV1.onlyGovernance
FNDA:109,FeeVaultV1.onlyGovernance
DA:46,109
BRDA:46,1,0,1
DA:50,109
FN:50,FeeVaultV1.setFactory
FNDA:109,FeeVaultV1.setFactory
DA:51,108
BRDA:51,2,0,1
DA:52,107
BRDA:52,3,0,1
DA:53,106
DA:54,106
DA:55,106
DA:56,106
DA:59,174
FN:59,FeeVaultV1.registerAccruer
FNDA:174,FeeVaultV1.registerAccruer
DA:60,174
BRDA:60,4,0,1
DA:61,173
BRDA:61,5,0,1
DA:62,172
DA:63,172
DA:66,42
FN:66,FeeVaultV1.accrue
FNDA:42,FeeVaultV1.accrue
DA:69,42
BRDA:69,6,0,1
DA:70,41
BRDA:70,7,0,1
DA:71,40
BRDA:71,8,0,40
DA:72,29
DA:73,29
DA:74,29
BRDA:74,9,0,1
DA:75,28
DA:76,28
DA:77,28
DA:80,1
FN:80,FeeVaultV1.claim
FNDA:1,FeeVaultV1.claim
DA:81,1
DA:84,6
FN:84,FeeVaultV1.claimFor
FNDA:6,FeeVaultV1.claimFor
DA:85,6
DA:88,7
FN:88,FeeVaultV1._claim
FNDA:7,FeeVaultV1._claim
DA:93,6
DA:94,6
BRDA:94,10,0,1
DA:95,5
DA:96,5
DA:97,5
DA:98,5
FNF:8
FNH:8
LF:39
LH:39
BRF:11
BRH:11
end_of_record
TN:
SF:src/core/FullMarketDeployerV1.sol
DA:17,104
FN:17,FullMarketDeployerV1.constructor
FNDA:104,FullMarketDeployerV1.constructor
DA:18,104
BRDA:18,0,0,1
DA:19,103
DA:22,103
FN:22,FullMarketDeployerV1.setFactory
FNDA:103,FullMarketDeployerV1.setFactory
DA:23,103
BRDA:23,1,0,1
DA:24,102
BRDA:24,2,0,1
DA:25,101
BRDA:25,3,0,1
DA:26,100
DA:27,100
DA:30,67
FN:30,FullMarketDeployerV1.deploy
FNDA:67,FullMarketDeployerV1.deploy
DA:31,67
BRDA:31,4,0,1
DA:32,66
DA:33,66
FNF:3
FNH:3
LF:13
LH:13
BRF:5
BRH:5
end_of_record
TN:
SF:src/core/LaunchExposureGuardV1.sol
DA:41,108
FN:41,LaunchExposureGuardV1.constructor
FNDA:108,LaunchExposureGuardV1.constructor
DA:42,108
BRDA:42,0,0,1
DA:43,107
BRDA:43,1,0,1
DA:44,106
DA:45,106
DA:48,4
FN:48,LaunchExposureGuardV1.onlyGovernance
FNDA:4,LaunchExposureGuardV1.onlyGovernance
DA:49,4
BRDA:49,2,0,1
DA:53,106
FN:53,LaunchExposureGuardV1.setFactory
FNDA:106,LaunchExposureGuardV1.setFactory
DA:54,105
BRDA:54,3,0,1
DA:55,104
BRDA:55,4,0,1
DA:56,103
DA:57,103
DA:60,76
FN:60,LaunchExposureGuardV1.registerMarket
FNDA:76,LaunchExposureGuardV1.registerMarket
DA:61,76
BRDA:61,5,0,1
DA:62,75
BRDA:62,6,0,1
DA:63,1
BRDA:63,7,0,1
DA:64,73
DA:65,73
DA:68,3664
FN:68,LaunchExposureGuardV1.reserve
FNDA:3664,LaunchExposureGuardV1.reserve
DA:69,3664
BRDA:69,8,0,1
DA:70,3663
BRDA:70,9,0,3663
DA:71,3662
DA:72,3662
DA:73,3662
BRDA:73,10,0,2
DA:74,3660
DA:75,3660
DA:76,3660
DA:77,3660
DA:78,3660
DA:81,103200
FN:81,LaunchExposureGuardV1.sync
FNDA:103200,LaunchExposureGuardV1.sync
DA:85,103200
BRDA:85,11,0,1
DA:86,1
BRDA:86,12,0,1
DA:87,103198
DA:88,103198
DA:89,103198
DA:90,103198
DA:91,103198
DA:94,4
FN:94,LaunchExposureGuardV1.raiseCap
FNDA:4,LaunchExposureGuardV1.raiseCap
DA:95,3
BRDA:95,13,0,2
DA:96,2
DA:98,1
DA:99,1
DA:100,1
DA:103,4
FN:103,LaunchExposureGuardV1.retireForever
FNDA:4,LaunchExposureGuardV1.retireForever
DA:104,1
BRDA:104,14,0,1
DA:105,2
DA:106,2
FNF:8
FNH:8
LF:47
LH:47
BRF:15
BRH:15
end_of_record
TN:
SF:src/core/MarketFactoryV1.sol
DA:91,107
FN:91,MarketFactoryV1.constructor
FNDA:107,MarketFactoryV1.constructor
DA:104,107
DA:105,106
DA:106,106
DA:107,106
DA:108,2
BRDA:108,0,0,2
DA:109,105
DA:110,105
DA:111,105
DA:112,105
DA:113,105
DA:114,105
DA:115,105
DA:116,105
DA:117,105
DA:118,105
DA:119,2
BRDA:119,1,0,2
DA:120,2
DA:124,103
DA:125,103
DA:128,103
FN:128,MarketFactoryV1.onlyGovernance
FNDA:103,MarketFactoryV1.onlyGovernance
DA:129,103
BRDA:129,2,0,0
DA:133,101
FN:133,MarketFactoryV1.createMarket
FNDA:101,MarketFactoryV1.createMarket
DA:138,101
BRDA:138,3,0,1
DA:139,1
BRDA:139,4,0,1
DA:140,99
BRDA:140,5,0,1
DA:141,1
DA:143,98
DA:145,71
DA:146,71
DA:147,71
DA:160,71
DA:162,71
BRDA:162,6,0,67
BRDA:162,6,1,4
DA:163,67
DA:164,67
DA:166,4
DA:167,4
DA:170,1
BRDA:170,7,0,1
DA:171,70
DA:172,70
DA:173,70
DA:174,70
DA:175,70
DA:177,70
DA:178,70
BRDA:178,8,0,1
DA:179,1
DA:180,1
DA:187,70
DA:188,69
DA:190,69
DA:193,69
FN:193,MarketFactoryV1._emitMarketCreated
FNDA:69,MarketFactoryV1._emitMarketCreated
DA:201,69
DA:204,69
DA:217,103
FN:217,MarketFactoryV1.setMarketplace
FNDA:103,MarketFactoryV1.setMarketplace
DA:218,102
BRDA:218,9,0,1
DA:219,101
BRDA:219,10,0,1
DA:220,100
DA:221,100
DA:222,100
DA:229,103
FN:229,MarketFactoryV1.activate
FNDA:103,MarketFactoryV1.activate
DA:230,1
BRDA:230,11,0,1
DA:231,102
DA:232,101
DA:233,98
DA:234,98
BRDA:234,12,0,1
DA:235,1
DA:237,97
DA:238,97
DA:239,97
DA:243,103
FN:243,MarketFactoryV1.dependencyFingerprint
FNDA:103,MarketFactoryV1.dependencyFingerprint
DA:244,201
DA:248,6
FN:248,MarketFactoryV1.dependencyFingerprintFor
FNDA:6,MarketFactoryV1.dependencyFingerprintFor
DA:249,207
DA:267,4
FN:267,MarketFactoryV1.setDeprecated
FNDA:4,MarketFactoryV1.setDeprecated
DA:268,2
DA:269,2
DA:272,1
FN:272,MarketFactoryV1.predictCloneAddress
FNDA:1,MarketFactoryV1.predictCloneAddress
DA:280,1
DA:293,1
DA:296,4
FN:296,MarketFactoryV1.requiredBond
FNDA:4,MarketFactoryV1.requiredBond
DA:297,79
DA:303,71
FN:303,MarketFactoryV1._buildInit
FNDA:71,MarketFactoryV1._buildInit
DA:308,71
DA:339,98
FN:339,MarketFactoryV1._validate
FNDA:98,MarketFactoryV1._validate
DA:344,98
BRDA:344,13,0,1
DA:345,97
BRDA:345,14,0,1
DA:346,96
BRDA:346,15,0,1
DA:347,1
DA:349,95
BRDA:349,16,0,1
DA:350,1
DA:352,94
BRDA:352,17,0,2
DA:353,2
DA:356,92
DA:357,91
DA:358,90
DA:359,89
DA:360,4
BRDA:360,18,0,4
DA:361,88
BRDA:361,19,0,1
DA:362,1
DA:364,87
BRDA:364,20,0,1
DA:365,1
DA:368,86
DA:371,86
BRDA:371,21,0,3
DA:372,3
DA:375,83
DA:376,82
DA:377,81
DA:378,3
BRDA:378,22,0,3
DA:379,3
DA:383,80
DA:386,77
DA:388,75
DA:389,75
BRDA:389,23,0,2
DA:390,2
DA:392,73
DA:395,157
FN:395,MarketFactoryV1._validateMinimum
FNDA:157,MarketFactoryV1._validateMinimum
DA:396,157
BRDA:396,24,0,5
DA:397,5
DA:403,71
FN:403,MarketFactoryV1._transferExact
FNDA:71,MarketFactoryV1._transferExact
DA:404,71
DA:405,71
DA:406,71
DA:407,71
BRDA:407,25,0,1
DA:410,102
FN:410,MarketFactoryV1._validateDependencyCode
FNDA:102,MarketFactoryV1._validateDependencyCode
DA:411,102
DA:412,102
DA:413,102
DA:414,102
DA:415,102
DA:416,102
DA:417,102
DA:418,102
DA:419,102
BRDA:419,26,0,15
DA:420,102
DA:423,101
FN:423,MarketFactoryV1._validateDependencyWiring
FNDA:101,MarketFactoryV1._validateDependencyWiring
DA:424,101
DA:425,101
DA:426,101
DA:427,101
DA:428,101
DA:429,101
DA:430,101
DA:431,101
DA:432,101
DA:433,101
DA:434,101
DA:435,101
DA:436,101
DA:439,101
DA:440,101
DA:443,101
DA:445,101
DA:446,101
DA:447,101
DA:450,100
DA:451,100
DA:452,100
DA:453,100
BRDA:453,27,0,1
DA:454,1
DA:456,99
BRDA:456,28,0,1
DA:457,1
DA:461,933
FN:461,MarketFactoryV1._requireCode
FNDA:933,MarketFactoryV1._requireCode
DA:462,933
BRDA:462,29,0,1
DA:463,1
DA:467,2118
FN:467,MarketFactoryV1._requireWiring
FNDA:2118,MarketFactoryV1._requireWiring
DA:468,2118
BRDA:468,30,0,1
DA:471,2070
FN:471,MarketFactoryV1._codeIdentity
FNDA:2070,MarketFactoryV1._codeIdentity
DA:472,2070
FNF:20
FNH:20
LF:168
LH:168
BRF:32
BRH:31
end_of_record
TN:
SF:src/core/ProtocolConfigV1.sol
DA:49,101
FN:49,ProtocolConfigV1.constructor
FNDA:101,ProtocolConfigV1.constructor
DA:50,101
BRDA:50,0,0,3
DA:51,3
DA:53,98
BRDA:53,1,0,1
DA:54,1
DA:56,97
DA:57,97
DA:58,97
DA:59,97
DA:62,2
FN:62,ProtocolConfigV1.onlyGovernance
FNDA:2,ProtocolConfigV1.onlyGovernance
DA:63,2
BRDA:63,2,0,0
DA:67,2
FN:67,ProtocolConfigV1.setProtocolTreasury
FNDA:2,ProtocolConfigV1.setProtocolTreasury
DA:68,2
BRDA:68,3,0,1
DA:69,1
DA:70,1
DA:71,1
DA:74,5
FN:74,ProtocolConfigV1.setCreationFee
FNDA:5,ProtocolConfigV1.setCreationFee
DA:75,3
BRDA:75,4,0,1
DA:76,1
DA:78,2
DA:79,2
DA:80,2
DA:83,4
FN:83,ProtocolConfigV1.setProtocolShareBps
FNDA:4,ProtocolConfigV1.setProtocolShareBps
DA:84,4
BRDA:84,5,0,1
DA:85,1
DA:87,3
DA:88,3
DA:89,3
DA:92,2
FN:92,ProtocolConfigV1.setEarlyBirdShareBps
FNDA:2,ProtocolConfigV1.setEarlyBirdShareBps
DA:93,2
BRDA:93,6,0,1
DA:94,1
DA:96,1
DA:97,1
DA:98,1
DA:101,20
FN:101,ProtocolConfigV1.setPlatformC2CFeeBps
FNDA:20,ProtocolConfigV1.setPlatformC2CFeeBps
DA:102,20
BRDA:102,7,0,1
DA:103,1
DA:105,19
DA:106,19
DA:107,19
DA:111,3
FN:111,ProtocolConfigV1.setMarketCapLimits
FNDA:3,ProtocolConfigV1.setMarketCapLimits
DA:112,3
BRDA:112,8,0,1
DA:113,1
DA:115,2
BRDA:115,9,0,1
DA:116,1
DA:118,1
DA:119,1
DA:120,1
DA:124,2
FN:124,ProtocolConfigV1.setMaxPerUserPrimaryCap
FNDA:2,ProtocolConfigV1.setMaxPerUserPrimaryCap
DA:125,2
BRDA:125,10,0,1
DA:126,1
DA:128,1
DA:129,1
DA:130,1
DA:134,3
FN:134,ProtocolConfigV1.setCreatorFeeLimits
FNDA:3,ProtocolConfigV1.setCreatorFeeLimits
DA:135,3
BRDA:135,11,0,1
DA:136,1
DA:138,2
BRDA:138,12,0,1
DA:139,1
DA:141,1
DA:142,1
DA:143,1
DA:146,76
FN:146,ProtocolConfigV1.snapshot
FNDA:76,ProtocolConfigV1.snapshot
DA:151,76
BRDA:151,13,0,2
DA:152,2
DA:154,74
BRDA:154,14,0,2
DA:155,2
DA:157,72
FNF:11
FNH:11
LF:68
LH:68
BRF:15
BRH:14
end_of_record
TN:
SF:src/market/MarketVaultCoreV1.sol
DA:198,189
FN:198,MarketVaultCoreV1.constructor
FNDA:189,MarketVaultCoreV1.constructor
DA:199,103
BRDA:199,0,0,103
DA:202,12
FN:202,MarketVaultCoreV1.onlyCreator
FNDA:12,MarketVaultCoreV1.onlyCreator
DA:203,12
BRDA:203,1,0,1
DA:207,102
FN:207,MarketVaultCoreV1.paymentToken
FNDA:102,MarketVaultCoreV1.paymentToken
DA:208,102
DA:211,2
FN:211,MarketVaultCoreV1.economics
FNDA:2,MarketVaultCoreV1.economics
DA:212,2
DA:215,11
FN:215,MarketVaultCoreV1.creatorC2CFeeBps
FNDA:11,MarketVaultCoreV1.creatorC2CFeeBps
DA:216,11
DA:219,5
FN:219,MarketVaultCoreV1.protocolTreasury
FNDA:5,MarketVaultCoreV1.protocolTreasury
DA:220,5
DA:223,11
FN:223,MarketVaultCoreV1.platformC2CFeeBps
FNDA:11,MarketVaultCoreV1.platformC2CFeeBps
DA:224,11
DA:227,2
FN:227,MarketVaultCoreV1.firstBuyOccurred
FNDA:2,MarketVaultCoreV1.firstBuyOccurred
DA:228,13
DA:231,3837
FN:231,MarketVaultCoreV1.totalPrincipal
FNDA:3837,MarketVaultCoreV1.totalPrincipal
DA:232,19239
DA:235,2
FN:235,MarketVaultCoreV1.totalEarlyBirdScore
FNDA:2,MarketVaultCoreV1.totalEarlyBirdScore
DA:236,3679
DA:239,3828
FN:239,MarketVaultCoreV1.cumulativePrimaryBought
FNDA:3828,MarketVaultCoreV1.cumulativePrimaryBought
DA:240,7494
DA:243,9
FN:243,MarketVaultCoreV1.earlyBirdScore
FNDA:9,MarketVaultCoreV1.earlyBirdScore
DA:244,9
DA:247,204913
FN:247,MarketVaultCoreV1.isTerminal
FNDA:204913,MarketVaultCoreV1.isTerminal
DA:248,204913
DA:251,13
FN:251,MarketVaultCoreV1.resolutionDeadline
FNDA:13,MarketVaultCoreV1.resolutionDeadline
DA:252,4052
DA:255,2
FN:255,MarketVaultCoreV1.earlyBirdEnabled
FNDA:2,MarketVaultCoreV1.earlyBirdEnabled
DA:256,3675
DA:259,8
FN:259,MarketVaultCoreV1.permit2Enabled
FNDA:8,MarketVaultCoreV1.permit2Enabled
DA:260,17
DA:264,103199
FN:264,MarketVaultCoreV1.guardExposure
FNDA:103199,MarketVaultCoreV1.guardExposure
DA:265,103199
DA:266,103199
BRDA:266,2,0,4029
DA:267,99170
BRDA:267,3,0,1
DA:268,1
DA:270,99169
DA:273,87
FN:273,MarketVaultCoreV1.initialize
FNDA:87,MarketVaultCoreV1.initialize
DA:274,87
DA:277,87
FN:277,MarketVaultCoreV1._initialize
FNDA:87,MarketVaultCoreV1._initialize
DA:278,2
BRDA:278,4,0,2
DA:279,85
BRDA:279,5,0,1
DA:281,84
DA:282,83
DA:283,83
DA:284,83
DA:285,83
DA:286,83
DA:287,1
BRDA:287,6,0,1
DA:288,83
BRDA:288,7,0,2
DA:289,2
DA:291,81
BRDA:291,8,0,1
DA:292,80
BRDA:292,9,0,1
DA:293,1
DA:295,79
BRDA:295,10,0,1
DA:296,1
DA:298,78
BRDA:298,11,0,1
DA:299,1
DA:302,77
DA:303,76
DA:304,2
BRDA:304,12,0,2
DA:305,75
DA:307,71
DA:308,71
DA:309,71
DA:310,71
DA:311,71
DA:312,71
DA:313,71
DA:314,71
DA:315,71
DA:316,71
DA:317,71
DA:318,71
DA:319,71
DA:320,71
DA:321,71
DA:322,71
DA:323,71
DA:324,71
DA:325,71
DA:326,71
DA:327,71
DA:328,71
DA:329,71
DA:330,71
DA:331,71
DA:332,71
DA:333,71
DA:334,71
DA:336,71
DA:346,71
DA:356,71
DA:367,12
FN:367,MarketVaultCoreV1.updateBeforeFirstBuy
FNDA:12,MarketVaultCoreV1.updateBeforeFirstBuy
DA:377,11
BRDA:377,13,0,1
DA:378,10
BRDA:378,14,0,1
DA:379,9
BRDA:379,15,0,1
DA:380,8
BRDA:380,16,0,1
DA:381,7
BRDA:381,17,0,1
DA:382,1
DA:384,6
BRDA:384,18,0,1
DA:385,1
DA:387,5
BRDA:387,19,0,1
DA:388,1
DA:390,4
DA:391,3
BRDA:391,20,0,1
DA:393,2
DA:394,2
DA:395,2
DA:396,2
DA:397,2
DA:398,2
DA:399,2
DA:400,2
DA:401,2
DA:413,3666
FN:413,MarketVaultCoreV1.buy
FNDA:3666,MarketVaultCoreV1.buy
DA:420,3666
DA:423,3656
DA:424,3655
DA:427,9
FN:427,MarketVaultCoreV1.buyWithPermit2
FNDA:9,MarketVaultCoreV1.buyWithPermit2
DA:437,9
BRDA:437,21,0,1
DA:438,1
DA:440,8
BRDA:440,22,0,1
DA:441,1
DA:443,7
DA:446,7
DA:447,6
DA:448,2
BRDA:448,23,0,2
DA:449,2
DA:452,5
DA:466,5
DA:467,2
DA:470,5
FN:470,MarketVaultCoreV1._pullWithPermit2
FNDA:5,MarketVaultCoreV1._pullWithPermit2
DA:477,5
DA:478,5
DA:479,5
DA:482,5
DA:485,3
DA:486,3
BRDA:486,24,0,1
DA:489,3673
FN:489,MarketVaultCoreV1._prepareBuy
FNDA:3673,MarketVaultCoreV1._prepareBuy
DA:497,3673
BRDA:497,25,0,1
DA:498,3672
BRDA:498,26,0,1
DA:499,1
DA:501,3671
BRDA:501,27,0,2
DA:502,2
DA:504,3669
BRDA:504,28,0,1
DA:505,3668
BRDA:505,29,0,1
DA:506,3667
BRDA:506,30,0,1
DA:508,3666
DA:509,3666
DA:510,3666
DA:511,3666
BRDA:511,31,0,2
DA:512,2
DA:514,3664
BRDA:514,32,0,1
DA:517,3657
FN:517,MarketVaultCoreV1._completeBuy
FNDA:3657,MarketVaultCoreV1._completeBuy
DA:523,3657
DA:524,3657
DA:525,3657
DA:526,3657
DA:527,3657
DA:528,3657
DA:529,3657
DA:530,3657
BRDA:530,33,0,3656
DA:531,3656
DA:532,3656
DA:533,3656
DA:536,3657
DA:537,3657
DA:538,3657
DA:540,3657
DA:541,3657
DA:553,3656
FN:553,MarketVaultCoreV1._pullExact
FNDA:3656,MarketVaultCoreV1._pullExact
DA:554,3656
DA:555,3656
DA:556,3656
DA:557,3656
BRDA:557,34,0,1
DA:560,3663
FN:560,MarketVaultCoreV1._earlyBirdWeight
FNDA:3663,MarketVaultCoreV1._earlyBirdWeight
DA:561,3663
BRDA:561,35,0,2
DA:562,3661
BRDA:562,36,0,2
DA:563,3659
BRDA:563,37,0,1
DA:564,3658
DA:565,3658
DA:566,3658
BRDA:566,38,0,3654
DA:567,4
BRDA:567,39,0,2
DA:568,2
DA:575,16
FN:575,MarketVaultCoreV1.resolve
FNDA:16,MarketVaultCoreV1.resolve
DA:576,15
BRDA:576,40,0,1
DA:577,14
BRDA:577,41,0,1
DA:578,13
BRDA:578,42,0,1
DA:579,12
BRDA:579,43,0,1
DA:580,11
DA:581,11
BRDA:581,44,0,1
DA:583,10
DA:584,10
DA:585,10
DA:586,10
DA:587,10
DA:588,10
DA:589,10
DA:590,10
DA:592,10
DA:593,10
BRDA:593,45,0,9
DA:594,9
DA:595,9
DA:601,9
DA:608,10
DA:609,9
DA:625,4019
FN:625,MarketVaultCoreV1.creatorVoid
FNDA:4019,MarketVaultCoreV1.creatorVoid
DA:626,4019
BRDA:626,46,0,2
DA:627,4017
BRDA:627,47,0,2
DA:628,4015
DA:633,10
FN:633,MarketVaultCoreV1.voidAfterDeadline
FNDA:10,MarketVaultCoreV1.voidAfterDeadline
DA:634,10
BRDA:634,48,0,1
DA:635,9
BRDA:635,49,0,1
DA:636,8
DA:639,4023
FN:639,MarketVaultCoreV1._void
FNDA:4023,MarketVaultCoreV1._void
DA:640,4023
DA:641,4023
DA:642,4023
DA:643,4023
DA:646,3
FN:646,MarketVaultCoreV1.claimWinnings
FNDA:3,MarketVaultCoreV1.claimWinnings
DA:647,3
DA:650,8
FN:650,MarketVaultCoreV1.claimWinningsFor
FNDA:8,MarketVaultCoreV1.claimWinningsFor
DA:651,11
BRDA:651,50,0,1
DA:652,10
DA:653,9
DA:654,9
BRDA:654,51,0,1
DA:655,8
DA:658,8
DA:659,8
DA:660,8
DA:661,8
DA:662,8
DA:665,2
FN:665,MarketVaultCoreV1.claimEarlyBird
FNDA:2,MarketVaultCoreV1.claimEarlyBird
DA:666,2
DA:669,3
FN:669,MarketVaultCoreV1.claimEarlyBirdFor
FNDA:3,MarketVaultCoreV1.claimEarlyBirdFor
DA:670,5
BRDA:670,52,0,1
DA:671,4
DA:672,4
DA:673,4
BRDA:673,53,0,1
DA:674,3
DA:681,3
DA:682,3
DA:683,3
DA:684,3
DA:685,3
DA:688,5
FN:688,MarketVaultCoreV1.refund
FNDA:5,MarketVaultCoreV1.refund
DA:689,5
DA:692,3835
FN:692,MarketVaultCoreV1.refundFor
FNDA:3835,MarketVaultCoreV1.refundFor
DA:693,3840
DA:695,3840
DA:696,4
DA:697,1
BRDA:697,54,0,1
DA:698,3839
DA:700,3838
DA:701,11504
DA:703,3838
BRDA:703,55,0,1
DA:704,3837
DA:705,3837
BRDA:705,56,0,3
DA:706,3
DA:708,3837
DA:709,11502
DA:710,11502
BRDA:710,57,0,4439
DA:712,3837
DA:713,3837
DA:718,7
FN:718,MarketVaultCoreV1.fundTimeoutBonus
FNDA:7,MarketVaultCoreV1.fundTimeoutBonus
DA:719,7
BRDA:719,58,0,1
DA:720,6
BRDA:720,59,0,1
DA:721,1
BRDA:721,60,0,1
DA:722,4
BRDA:722,61,0,1
DA:723,3
DA:724,3
DA:725,3
DA:726,3
DA:729,3
DA:730,3
DA:731,3
DA:732,3
DA:735,2
FN:735,MarketVaultCoreV1.claimTimeoutBonus
FNDA:2,MarketVaultCoreV1.claimTimeoutBonus
DA:736,2
DA:739,3
FN:739,MarketVaultCoreV1.claimTimeoutBonusFor
FNDA:3,MarketVaultCoreV1.claimTimeoutBonusFor
DA:740,5
BRDA:740,62,0,1
DA:741,4
DA:742,4
BRDA:742,63,0,1
DA:743,3
DA:750,3
DA:751,3
DA:752,3
DA:753,3
DA:754,3
DA:757,3849
FN:757,MarketVaultCoreV1._rejectProtocolMarketplaceOwner
FNDA:3849,MarketVaultCoreV1._rejectProtocolMarketplaceOwner
DA:758,3849
DA:759,3849
BRDA:759,64,0,2
DA:760,2
DA:764,5
FN:764,MarketVaultCoreV1.burnLosingPosition
FNDA:5,MarketVaultCoreV1.burnLosingPosition
DA:765,5
BRDA:765,65,0,1
DA:766,4
BRDA:766,66,0,2
DA:767,2
DA:769,2
DA:770,2
BRDA:770,67,0,1
DA:771,1
DA:772,1
DA:775,10
FN:775,MarketVaultCoreV1._calculatePayouts
FNDA:10,MarketVaultCoreV1._calculatePayouts
DA:780,10
DA:781,10
DA:782,10
DA:783,10
DA:784,10
DA:785,10
DA:788,10
DA:798,25
FN:798,MarketVaultCoreV1._consumeRemainingPool
FNDA:25,MarketVaultCoreV1._consumeRemainingPool
DA:805,25
BRDA:805,68,0,3
DA:806,3
DA:808,22
BRDA:808,69,0,12
BRDA:808,69,1,10
DA:809,12
DA:810,12
DA:812,10
DA:816,17
FN:816,MarketVaultCoreV1._assertCoverage
FNDA:17,MarketVaultCoreV1._assertCoverage
DA:817,17
DA:818,17
BRDA:818,70,0,11
BRDA:818,70,1,1
DA:819,11
DA:820,6
BRDA:820,71,1,1
DA:821,6
DA:822,5
DA:823,5
BRDA:823,71,0,5
DA:824,5
DA:826,1
DA:828,17
DA:829,17
BRDA:829,72,0,2
DA:832,79
FN:832,MarketVaultCoreV1._validateTimes
FNDA:79,MarketVaultCoreV1._validateTimes
DA:837,79
DA:838,76
DA:839,5
BRDA:839,73,0,5
DA:844,7322
FN:844,MarketVaultCoreV1._packUint128Pair
FNDA:7322,MarketVaultCoreV1._packUint128Pair
DA:845,7322
DA:848,3662
FN:848,MarketVaultCoreV1._setMarketAccounting
FNDA:3662,MarketVaultCoreV1._setMarketAccounting
DA:849,3662
FNF:48
FNH:48
LF:338
LH:338
BRF:77
BRH:77
end_of_record
TN:
SF:src/marketplace/FixedPriceMarketplaceV1.sol
DA:115,104
FN:115,FixedPriceMarketplaceV1.constructor
FNDA:104,FixedPriceMarketplaceV1.constructor
DA:123,104
DA:124,103
DA:125,2
BRDA:125,0,0,2
DA:126,102
DA:127,102
DA:128,102
DA:129,102
DA:130,102
DA:133,31
FN:133,FixedPriceMarketplaceV1.createListing
FNDA:31,FixedPriceMarketplaceV1.createListing
DA:140,31
BRDA:140,1,0,1
DA:141,1
DA:143,30
BRDA:143,2,0,1
DA:144,29
DA:145,29
BRDA:145,3,0,1
DA:146,28
BRDA:146,4,0,1
DA:147,1
DA:149,27
BRDA:149,5,0,1
DA:150,1
DA:152,26
BRDA:152,6,0,2
DA:153,2
DA:155,24
BRDA:155,7,0,1
DA:157,23
DA:158,23
DA:159,23
DA:160,23
DA:170,23
DA:171,23
DA:173,23
DA:174,23
DA:179,16
FN:179,FixedPriceMarketplaceV1.fillListing
FNDA:16,FixedPriceMarketplaceV1.fillListing
DA:186,16
DA:187,16
DA:188,5
DA:189,4
DA:191,4
DA:192,4
DA:195,8
FN:195,FixedPriceMarketplaceV1.fillListingWithPermit2
FNDA:8,FixedPriceMarketplaceV1.fillListingWithPermit2
DA:205,8
BRDA:205,8,0,1
DA:206,7
BRDA:206,9,0,1
DA:207,1
DA:209,6
DA:210,6
DA:211,6
BRDA:211,10,0,1
DA:213,5
DA:214,4
DA:215,2
BRDA:215,11,0,2
DA:216,2
DA:219,3
DA:220,3
DA:221,3
DA:223,2
DA:224,2
DA:226,2
DA:227,2
DA:230,3
FN:230,FixedPriceMarketplaceV1._fillWitness
FNDA:3,FixedPriceMarketplaceV1._fillWitness
DA:238,3
DA:254,3
FN:254,FixedPriceMarketplaceV1._pullWithPermit2
FNDA:3,FixedPriceMarketplaceV1._pullWithPermit2
DA:261,3
DA:262,3
DA:263,3
DA:266,3
DA:269,3
DA:270,3
BRDA:270,12,0,1
DA:273,5
FN:273,FixedPriceMarketplaceV1.cancelListing
FNDA:5,FixedPriceMarketplaceV1.cancelListing
DA:274,5
DA:275,5
BRDA:275,13,0,2
DA:276,3
DA:277,3
DA:278,3
DA:279,3
DA:281,3
DA:284,5
FN:284,FixedPriceMarketplaceV1.returnTerminalListing
FNDA:5,FixedPriceMarketplaceV1.returnTerminalListing
DA:285,5
DA:286,5
BRDA:286,14,0,1
DA:287,4
BRDA:287,15,0,1
DA:288,3
DA:289,3
DA:290,3
DA:291,3
DA:292,3
DA:294,3
DA:297,22
FN:297,FixedPriceMarketplaceV1._prepareFill
FNDA:22,FixedPriceMarketplaceV1._prepareFill
DA:304,22
BRDA:304,16,0,1
DA:305,1
DA:307,21
BRDA:307,17,0,1
DA:308,20
DA:309,20
BRDA:309,18,0,1
DA:310,19
BRDA:310,19,0,1
DA:311,18
BRDA:311,20,0,1
DA:312,17
BRDA:312,21,0,1
DA:314,16
DA:315,16
BRDA:315,22,0,1
DA:316,15
DA:319,15
BRDA:319,23,0,1
DA:320,1
DA:322,14
DA:323,14
BRDA:323,24,0,1
DA:324,1
DA:327,13
DA:328,13
BRDA:328,25,0,1
DA:329,12
BRDA:329,26,0,1
DA:330,11
DA:333,11
DA:337,11
DA:338,11
DA:339,11
BRDA:339,27,0,10
DA:340,11
DA:349,5
FN:349,FixedPriceMarketplaceV1._payFrom
FNDA:5,FixedPriceMarketplaceV1._payFrom
DA:355,5
BRDA:355,28,0,5
DA:356,5
DA:358,5
DA:359,5
BRDA:359,29,0,4
DA:360,4
DA:361,4
DA:362,4
DA:363,4
BRDA:363,30,0,1
DA:364,3
DA:368,2
FN:368,FixedPriceMarketplaceV1._payHeld
FNDA:2,FixedPriceMarketplaceV1._payHeld
DA:371,2
BRDA:371,31,0,2
DA:372,2
DA:374,2
DA:375,2
BRDA:375,32,0,2
DA:376,2
DA:377,2
DA:381,5
FN:381,FixedPriceMarketplaceV1._accrueFees
FNDA:5,FixedPriceMarketplaceV1._accrueFees
DA:384,5
DA:385,5
DA:388,5
DA:393,6
FN:393,FixedPriceMarketplaceV1._emitFill
FNDA:6,FixedPriceMarketplaceV1._emitFill
DA:400,6
DA:401,6
DA:415,24
FN:415,FixedPriceMarketplaceV1.onERC1155Received
FNDA:24,FixedPriceMarketplaceV1.onERC1155Received
DA:422,24
DA:423,24
BRDA:423,33,0,1
DA:424,1
DA:426,23
DA:429,2
FN:429,FixedPriceMarketplaceV1.onERC1155BatchReceived
FNDA:2,FixedPriceMarketplaceV1.onERC1155BatchReceived
DA:436,2
DA:439,3
FN:439,FixedPriceMarketplaceV1.supportsInterface
FNDA:3,FixedPriceMarketplaceV1.supportsInterface
DA:440,3
DA:441,2
FNF:16
FNH:16
LF:142
LH:142
BRF:34
BRH:34
end_of_record
TN:
SF:src/paymaster/SponsorshipPaymasterV1.sol
DA:120,27
FN:120,SponsorshipPaymasterV1.constructor
FNDA:27,SponsorshipPaymasterV1.constructor
DA:130,27
DA:131,26
DA:132,3
BRDA:132,0,0,3
DA:133,24
DA:134,24
DA:135,24
DA:136,24
DA:137,24
DA:140,2
FN:140,SponsorshipPaymasterV1.onlyGovernance
FNDA:2,SponsorshipPaymasterV1.onlyGovernance
DA:141,2
BRDA:141,1,0,1
DA:145,34
FN:145,SponsorshipPaymasterV1.onlyEntryPoint
FNDA:34,SponsorshipPaymasterV1.onlyEntryPoint
DA:146,34
BRDA:146,2,0,1
DA:150,1
FN:150,SponsorshipPaymasterV1.receive
FNDA:1,SponsorshipPaymasterV1.receive
DA:151,1
DA:154,34
FN:154,SponsorshipPaymasterV1.validatePaymasterUserOp
FNDA:34,SponsorshipPaymasterV1.validatePaymasterUserOp
DA:159,33
BRDA:159,3,0,1
DA:160,1
DA:162,32
DA:163,19
DA:164,19
BRDA:164,4,0,3
DA:166,16
DA:171,32
FN:171,SponsorshipPaymasterV1._validateAuthorization
FNDA:32,SponsorshipPaymasterV1._validateAuthorization
DA:176,32
BRDA:176,5,0,1
DA:177,1
DA:181,31
DA:183,1
BRDA:183,6,0,1
DA:184,30
DA:192,30
DA:194,26
DA:195,26
DA:196,26
DA:197,26
DA:198,26
DA:199,26
BRDA:199,7,0,2
DA:200,2
DA:202,24
BRDA:202,8,0,1
DA:203,23
BRDA:203,9,0,3
DA:204,3
DA:207,20
DA:208,1
BRDA:208,10,0,1
DA:209,19
DA:210,19
DA:211,19
DA:216,16
FN:216,SponsorshipPaymasterV1._reserveSponsorship
FNDA:16,SponsorshipPaymasterV1._reserveSponsorship
DA:222,16
DA:223,16
DA:224,16
DA:226,16
DA:227,13
DA:229,4
BRDA:229,11,0,4
DA:231,12
DA:232,12
DA:233,12
DA:234,12
DA:235,12
DA:238,11
FN:238,SponsorshipPaymasterV1.postOp
FNDA:11,SponsorshipPaymasterV1.postOp
DA:244,10
DA:245,10
DA:246,10
DA:247,10
DA:250,10
DA:251,10
DA:252,10
DA:257,3
FN:257,SponsorshipPaymasterV1.setSponsorSigner
FNDA:3,SponsorshipPaymasterV1.setSponsorSigner
DA:258,2
BRDA:258,12,0,1
DA:259,1
DA:260,1
DA:261,1
DA:262,1
DA:265,5
FN:265,SponsorshipPaymasterV1.setBudgets
FNDA:5,SponsorshipPaymasterV1.setBudgets
DA:270,4
DA:273,3
FN:273,SponsorshipPaymasterV1.deposit
FNDA:3,SponsorshipPaymasterV1.deposit
DA:274,4
DA:275,4
DA:278,3
FN:278,SponsorshipPaymasterV1.withdrawDepositTo
FNDA:3,SponsorshipPaymasterV1.withdrawDepositTo
DA:279,2
BRDA:279,13,0,1
DA:280,1
DA:281,1
DA:284,2
FN:284,SponsorshipPaymasterV1.addStake
FNDA:2,SponsorshipPaymasterV1.addStake
DA:285,1
DA:286,1
DA:289,2
FN:289,SponsorshipPaymasterV1.unlockStake
FNDA:2,SponsorshipPaymasterV1.unlockStake
DA:290,1
DA:291,1
DA:294,3
FN:294,SponsorshipPaymasterV1.withdrawStake
FNDA:3,SponsorshipPaymasterV1.withdrawStake
DA:295,2
BRDA:295,14,0,1
DA:296,1
DA:297,1
DA:300,5
FN:300,SponsorshipPaymasterV1.getDeposit
FNDA:5,SponsorshipPaymasterV1.getDeposit
DA:301,5
DA:304,22
FN:304,SponsorshipPaymasterV1.sponsorshipDigest
FNDA:22,SponsorshipPaymasterV1.sponsorshipDigest
DA:313,22
DA:314,22
DA:322,22
DA:325,42
FN:325,SponsorshipPaymasterV1._sponsorshipHash
FNDA:42,SponsorshipPaymasterV1._sponsorshipHash
DA:329,42
DA:349,42
DA:352,19
FN:352,SponsorshipPaymasterV1._isSponsorSignatureValid
FNDA:19,SponsorshipPaymasterV1._isSponsorSignatureValid
DA:357,19
DA:358,19
DA:359,19
DA:360,19
DA:363,30
FN:363,SponsorshipPaymasterV1._validatedPaymasterGasLimits
FNDA:30,SponsorshipPaymasterV1._validatedPaymasterGasLimits
DA:368,30
DA:373,30
DA:375,30
DA:378,52
FN:378,SponsorshipPaymasterV1._validatePaymasterGasLimits
FNDA:52,SponsorshipPaymasterV1._validatePaymasterGasLimits
DA:383,52
DA:384,51
DA:385,2
BRDA:385,15,0,2
DA:387,50
DA:388,49
DA:389,2
BRDA:389,16,0,2
DA:392,28
FN:392,SponsorshipPaymasterV1._setBudgets
FNDA:28,SponsorshipPaymasterV1._setBudgets
DA:398,28
DA:399,24
DA:400,6
BRDA:400,17,0,6
DA:401,22
DA:402,22
DA:403,22
DA:404,22
DA:409,19
FN:409,SponsorshipPaymasterV1._packValidationData
FNDA:19,SponsorshipPaymasterV1._packValidationData
DA:414,19
FNF:23
FNH:23
LF:124
LH:124
BRF:18
BRH:18
end_of_record
TN:
SF:src/testnet/CpredictSandboxToken.sol
DA:16,8
FN:16,CpredictSandboxToken.constructor
FNDA:8,CpredictSandboxToken.constructor
DA:17,8
BRDA:17,0,0,1
DA:18,1
DA:22,4
FN:22,CpredictSandboxToken.decimals
FNDA:4,CpredictSandboxToken.decimals
DA:23,4
DA:27,3
FN:27,CpredictSandboxToken.mint
FNDA:3,CpredictSandboxToken.mint
DA:28,3
BRDA:28,1,0,1
DA:29,2
BRDA:29,2,0,1
DA:30,1
FNF:3
FNH:3
LF:9
LH:9
BRF:3
BRH:3
end_of_record
TN:
SF:test/gas/ProtocolGasGates.t.sol
DA:12,1
FN:12,CloneDeploymentGasHarness.deployAndInitialize
FNDA:1,CloneDeploymentGasHarness.deployAndInitialize
DA:17,1
DA:18,1
DA:19,1
FNF:1
FNH:1
LF:4
LH:4
BRF:0
BRH:0
end_of_record
TN:
SF:test/helpers/ProtocolTestBase.sol
DA:38,63
FN:38,ProtocolTestBase.setUp
FNDA:63,ProtocolTestBase.setUp
DA:39,63
DA:40,63
DA:41,63
DA:42,63
DA:43,63
DA:44,63
DA:45,63
DA:46,63
DA:47,63
DA:59,63
DA:60,63
DA:61,63
DA:62,63
DA:63,63
DA:66,63
DA:67,63
DA:69,63
DA:70,63
DA:71,252
DA:73,63
DA:74,63
DA:75,63
DA:76,63
DA:77,63
DA:78,63
DA:79,63
DA:80,63
DA:83,70
FN:83,ProtocolTestBase._defaultParams
FNDA:70,ProtocolTestBase._defaultParams
DA:88,70
DA:109,36
FN:109,ProtocolTestBase._create
FNDA:36,ProtocolTestBase._create
DA:113,36
DA:114,36
DA:117,20
FN:117,ProtocolTestBase._createDefault
FNDA:20,ProtocolTestBase._createDefault
DA:118,20
DA:121,36
FN:121,ProtocolTestBase._approveMarket
FNDA:36,ProtocolTestBase._approveMarket
DA:122,36
DA:123,36
DA:126,34
FN:126,ProtocolTestBase._buy
FNDA:34,ProtocolTestBase._buy
DA:129,34
DA:130,34
DA:131,34
DA:132,34
FNF:6
FNH:6
LF:43
LH:43
BRF:0
BRH:0
end_of_record
TN:
SF:test/invariant/MarketAccounting.invariant.t.sol
DA:26,4
FN:26,MarketAccountingHandler.constructor
FNDA:4,MarketAccountingHandler.constructor
DA:33,4
DA:34,4
DA:35,4
DA:36,4
DA:37,4
DA:40,102792
FN:40,MarketAccountingHandler.buy
FNDA:102792,MarketAccountingHandler.buy
DA:41,102792
BRDA:41,0,0,102792
DA:42,3828
DA:43,3828
DA:44,3828
DA:45,3828
DA:46,3828
BRDA:46,1,0,227
DA:47,3601
DA:48,3601
DA:49,3601
DA:50,3601
DA:53,101800
FN:53,MarketAccountingHandler.transfer
FNDA:101800,MarketAccountingHandler.transfer
DA:56,101800
DA:57,101800
DA:58,101800
BRDA:58,2,0,27327
DA:59,74473
DA:60,74473
DA:61,74473
BRDA:61,3,0,73207
DA:62,1266
DA:63,1266
DA:64,1266
DA:67,102068
FN:67,MarketAccountingHandler.creatorVoid
FNDA:102068,MarketAccountingHandler.creatorVoid
DA:68,102068
BRDA:68,4,0,102068
DA:69,4004
DA:70,4004
DA:73,102660
FN:73,MarketAccountingHandler.refund
FNDA:102660,MarketAccountingHandler.refund
DA:74,102660
DA:76,102660
DA:77,3548
DA:78,3548
BRDA:78,5,0,3548
DA:79,99112
DA:80,99112
DA:81,99112
DA:82,297336
DA:84,99112
BRDA:84,6,0,95284
DA:85,3828
DA:88,103192
FN:88,MarketAccountingHandler.syncGuard
FNDA:103192,MarketAccountingHandler.syncGuard
DA:89,103192
FNF:6
FNH:6
LF:44
LH:44
BRF:7
BRH:7
end_of_record
TN:
SF:test/mocks/MockUSDC.sol
DA:9,89
FN:9,MockUSDC.decimals
FNDA:89,MockUSDC.decimals
DA:10,89
DA:13,349
FN:13,MockUSDC.mint
FNDA:349,MockUSDC.mint
DA:14,349
FNF:2
FNH:2
LF:4
LH:4
BRF:0
BRH:0
end_of_record
TN:
SF:test/security/EchidnaMarketAccounting.sol
DA:26,0
FN:26,SecurityActor.constructor.0
FNDA:0,SecurityActor.constructor.0
DA:27,0
DA:28,0
DA:29,0
DA:30,0
DA:33,0
FN:33,SecurityActor.onlyHarness
FNDA:0,SecurityActor.onlyHarness
DA:34,0
BRDA:34,0,0,-
BRDA:34,0,1,-
DA:38,0
FN:38,SecurityActor.buy.0
FNDA:0,SecurityActor.buy.0
DA:39,0
DA:42,0
FN:42,SecurityActor.transferTo
FNDA:0,SecurityActor.transferTo
DA:46,0
DA:49,0
FN:49,SecurityActor.refund.0
FNDA:0,SecurityActor.refund.0
DA:50,0
DA:53,0
FN:53,SecurityActor.claimWinner.0
FNDA:0,SecurityActor.claimWinner.0
DA:54,0
DA:57,0
FN:57,SecurityActor.claimEarlyBird.0
FNDA:0,SecurityActor.claimEarlyBird.0
DA:58,0
DA:61,0
FN:61,SecurityActor.claimTimeoutBonus.0
FNDA:0,SecurityActor.claimTimeoutBonus.0
DA:62,0
DA:65,0
FN:65,SecurityActor.burnLosing.0
FNDA:0,SecurityActor.burnLosing.0
DA:66,0
DA:84,0
FN:84,EchidnaMarketAccounting.constructor.1
FNDA:0,EchidnaMarketAccounting.constructor.1
DA:85,0
DA:86,0
DA:87,0
DA:88,0
DA:89,0
DA:90,0
DA:91,0
DA:92,0
DA:93,0
DA:105,0
DA:106,0
DA:107,0
DA:108,0
DA:109,0
DA:112,0
DA:113,0
DA:115,0
DA:116,0
DA:117,0
DA:136,0
DA:138,0
DA:139,0
DA:140,0
DA:144,0
FN:144,EchidnaMarketAccounting.buy.1
FNDA:0,EchidnaMarketAccounting.buy.1
DA:145,0
BRDA:145,1,0,-
DA:146,0
DA:147,0
DA:148,0
DA:149,0
DA:150,0
DA:151,0
DA:152,0
BRDA:152,2,0,-
DA:153,0
DA:154,0
BRDA:154,3,0,-
DA:157,0
FN:157,EchidnaMarketAccounting.transfer
FNDA:0,EchidnaMarketAccounting.transfer
DA:160,0
DA:161,0
DA:162,0
BRDA:162,4,0,-
DA:163,0
DA:164,0
DA:165,0
BRDA:165,5,0,-
DA:166,0
DA:167,0
BRDA:167,6,0,-
DA:170,0
FN:170,EchidnaMarketAccounting.creatorResolve
FNDA:0,EchidnaMarketAccounting.creatorResolve
DA:171,0
BRDA:171,7,0,-
DA:172,0
BRDA:172,8,0,-
DA:173,0
DA:175,0
DA:176,0
BRDA:176,9,0,-
DA:177,0
BRDA:177,10,0,-
DA:180,0
FN:180,EchidnaMarketAccounting.creatorVoid
FNDA:0,EchidnaMarketAccounting.creatorVoid
DA:181,0
BRDA:181,11,0,-
DA:182,0
BRDA:182,12,0,-
DA:185,0
FN:185,EchidnaMarketAccounting.timeoutVoid
FNDA:0,EchidnaMarketAccounting.timeoutVoid
DA:186,0
BRDA:186,13,0,-
DA:187,0
BRDA:187,14,0,-
DA:190,0
FN:190,EchidnaMarketAccounting.settleBond
FNDA:0,EchidnaMarketAccounting.settleBond
DA:191,0
BRDA:191,15,0,-
DA:192,0
BRDA:192,16,0,-
DA:195,0
FN:195,EchidnaMarketAccounting.refund.1
FNDA:0,EchidnaMarketAccounting.refund.1
DA:196,0
DA:197,0
BRDA:197,17,0,-
DA:200,0
FN:200,EchidnaMarketAccounting.claimWinner.1
FNDA:0,EchidnaMarketAccounting.claimWinner.1
DA:201,0
DA:202,0
BRDA:202,18,0,-
DA:205,0
FN:205,EchidnaMarketAccounting.claimEarlyBird.1
FNDA:0,EchidnaMarketAccounting.claimEarlyBird.1
DA:206,0
DA:207,0
BRDA:207,19,0,-
DA:210,0
FN:210,EchidnaMarketAccounting.claimTimeoutBonus.1
FNDA:0,EchidnaMarketAccounting.claimTimeoutBonus.1
DA:211,0
DA:212,0
BRDA:212,20,0,-
DA:215,0
FN:215,EchidnaMarketAccounting.burnLosing.1
FNDA:0,EchidnaMarketAccounting.burnLosing.1
DA:216,0
DA:217,0
BRDA:217,21,0,-
DA:220,0
FN:220,EchidnaMarketAccounting.syncGuard
FNDA:0,EchidnaMarketAccounting.syncGuard
DA:221,0
BRDA:221,22,0,-
DA:224,0
FN:224,EchidnaMarketAccounting.claimCreatorBond
FNDA:0,EchidnaMarketAccounting.claimCreatorBond
DA:225,0
BRDA:225,23,0,-
DA:228,0
FN:228,EchidnaMarketAccounting.claimCreatorFee
FNDA:0,EchidnaMarketAccounting.claimCreatorFee
DA:229,0
BRDA:229,24,0,-
DA:232,0
FN:232,EchidnaMarketAccounting._vaultSolvent
FNDA:0,EchidnaMarketAccounting._vaultSolvent
DA:233,0
DA:234,0
DA:235,0
BRDA:235,25,0,-
BRDA:235,25,1,-
DA:236,0
DA:237,0
BRDA:237,26,0,-
BRDA:237,26,1,-
DA:238,0
DA:240,0
DA:242,0
DA:245,0
FN:245,EchidnaMarketAccounting._supplyConsistent
FNDA:0,EchidnaMarketAccounting._supplyConsistent
DA:246,0
DA:247,0
DA:248,0
DA:250,0
DA:253,0
FN:253,EchidnaMarketAccounting._guardConservative
FNDA:0,EchidnaMarketAccounting._guardConservative
DA:254,0
DA:255,0
DA:258,0
FN:258,EchidnaMarketAccounting._segregatedVaultsSolvent
FNDA:0,EchidnaMarketAccounting._segregatedVaultsSolvent
DA:259,0
DA:260,0
DA:261,0
DA:264,0
FN:264,EchidnaMarketAccounting.echidna_vault_assets_cover_liabilities
FNDA:0,EchidnaMarketAccounting.echidna_vault_assets_cover_liabilities
DA:265,0
DA:268,0
FN:268,EchidnaMarketAccounting.echidna_supply_is_conserved
FNDA:0,EchidnaMarketAccounting.echidna_supply_is_conserved
DA:269,0
DA:272,0
FN:272,EchidnaMarketAccounting.echidna_guard_is_conservative
FNDA:0,EchidnaMarketAccounting.echidna_guard_is_conservative
DA:273,0
DA:276,0
FN:276,EchidnaMarketAccounting.echidna_fee_and_bond_vaults_are_solvent
FNDA:0,EchidnaMarketAccounting.echidna_fee_and_bond_vaults_are_solvent
DA:277,0
DA:280,0
FN:280,EchidnaMarketAccounting.property_vault_assets_cover_liabilities
FNDA:0,EchidnaMarketAccounting.property_vault_assets_cover_liabilities
DA:281,0
DA:284,0
FN:284,EchidnaMarketAccounting.property_supply_is_conserved
FNDA:0,EchidnaMarketAccounting.property_supply_is_conserved
DA:285,0
DA:288,0
FN:288,EchidnaMarketAccounting.property_guard_is_conservative
FNDA:0,EchidnaMarketAccounting.property_guard_is_conservative
DA:289,0
DA:292,0
FN:292,EchidnaMarketAccounting.property_fee_and_bond_vaults_are_solvent
FNDA:0,EchidnaMarketAccounting.property_fee_and_bond_vaults_are_solvent
DA:293,0
FNF:36
FNH:0
LF:139
LH:0
BRF:30
BRH:0
end_of_record
TN:
SF:test/security/ProtocolMath.smt.sol
DA:9,0
FN:9,ProtocolMathSmt.check_RakeConservation
FNDA:0,ProtocolMathSmt.check_RakeConservation
DA:16,0
BRDA:16,0,0,-
BRDA:16,0,1,-
DA:17,0
BRDA:17,1,0,-
BRDA:17,1,1,-
DA:18,0
BRDA:18,2,0,-
BRDA:18,2,1,-
DA:20,0
DA:21,0
DA:22,0
DA:23,0
DA:24,0
DA:25,0
DA:27,0
DA:28,0
DA:29,0
DA:30,0
DA:33,0
FN:33,ProtocolMathSmt.check_RemainingPoolStep
FNDA:0,ProtocolMathSmt.check_RemainingPoolStep
DA:38,0
BRDA:38,3,0,-
BRDA:38,3,1,-
DA:39,0
BRDA:39,4,0,-
BRDA:39,4,1,-
DA:41,0
DA:44,0
DA:45,0
DA:47,0
DA:48,0
DA:49,0
DA:50,0
BRDA:50,5,0,-
DA:53,0
FN:53,ProtocolMathSmt.check_C2CConservation
FNDA:0,ProtocolMathSmt.check_C2CConservation
DA:59,0
BRDA:59,6,0,-
BRDA:59,6,1,-
DA:60,0
BRDA:60,7,0,-
BRDA:60,7,1,-
DA:61,0
BRDA:61,8,0,-
BRDA:61,8,1,-
DA:63,0
DA:64,0
DA:65,0
DA:66,0
DA:68,0
DA:69,0
FNF:3
FNH:0
LF:34
LH:0
BRF:17
BRH:0
end_of_record
TN:
SF:test/unit/BondEscrowMutationResistance.t.sol
DA:19,0
FN:19,BondReentrantObservationUSDC.decimals
FNDA:0,BondReentrantObservationUSDC.decimals
DA:20,0
DA:23,9
FN:23,BondReentrantObservationUSDC.mint
FNDA:9,BondReentrantObservationUSDC.mint
DA:24,9
DA:27,2
FN:27,BondReentrantObservationUSDC.arm
FNDA:2,BondReentrantObservationUSDC.arm
DA:28,2
DA:29,2
DA:32,15
FN:32,BondReentrantObservationUSDC._update
FNDA:15,BondReentrantObservationUSDC._update
DA:33,15
BRDA:33,0,0,2
DA:34,2
DA:35,2
DA:36,2
DA:38,2
BRDA:38,1,0,2
DA:39,2
DA:42,15
DA:51,5
FN:51,BondMutationMarketMock.setState
FNDA:5,BondMutationMarketMock.setState
DA:52,5
DA:55,0
FN:55,BondMutationMarketMock.fundTimeoutBonus
FNDA:0,BondMutationMarketMock.fundTimeoutBonus
DA:56,0
FNF:6
FNH:4
LF:19
LH:15
BRF:2
BRH:2
end_of_record
TN:
SF:test/unit/FactoryValidation.t.sol
DA:35,2
FN:35,DuplicateMarketRuntime.initialize
FNDA:2,DuplicateMarketRuntime.initialize
DA:36,2
DA:45,1
FN:45,DuplicateMarketDeployer.constructor
FNDA:1,DuplicateMarketDeployer.constructor
DA:46,1
DA:47,1
DA:50,1
FN:50,DuplicateMarketDeployer.setFactory
FNDA:1,DuplicateMarketDeployer.setFactory
DA:51,1
BRDA:51,0,0,0
DA:52,1
BRDA:52,1,0,0
DA:53,1
DA:56,2
FN:56,DuplicateMarketDeployer.deploy
FNDA:2,DuplicateMarketDeployer.deploy
DA:57,2
BRDA:57,2,0,0
DA:58,2
FNF:4
FNH:4
LF:12
LH:12
BRF:3
BRH:0
end_of_record
TN:
SF:test/unit/FeeVaultMutationResistance.t.sol
DA:17,0
FN:17,ReentrantObservationUSDC.decimals
FNDA:0,ReentrantObservationUSDC.decimals
DA:18,0
DA:21,0
FN:21,ReentrantObservationUSDC.mint
FNDA:0,ReentrantObservationUSDC.mint
DA:22,0
DA:25,0
FN:25,ReentrantObservationUSDC.arm
FNDA:0,ReentrantObservationUSDC.arm
DA:26,0
DA:27,0
DA:30,0
FN:30,ReentrantObservationUSDC._update
FNDA:0,ReentrantObservationUSDC._update
DA:31,0
BRDA:31,0,0,-
DA:32,0
DA:33,0
DA:34,0
DA:36,0
BRDA:36,1,0,-
DA:37,0
DA:40,0
FNF:4
FNH:0
LF:15
LH:0
BRF:2
BRH:0
end_of_record
TN:
SF:test/unit/MarketVaultInternalHarness.t.sol
DA:16,2
FN:16,MarketVaultInternalHarness.configureWeight
FNDA:2,MarketVaultInternalHarness.configureWeight
DA:17,2
DA:18,2
DA:19,2
DA:22,6
FN:22,MarketVaultInternalHarness.exposedEarlyBirdWeight
FNDA:6,MarketVaultInternalHarness.exposedEarlyBirdWeight
DA:23,6
DA:26,11
FN:26,MarketVaultInternalHarness.exposedConsume
FNDA:11,MarketVaultInternalHarness.exposedConsume
DA:30,11
DA:35,4
FN:35,MarketVaultInternalHarness.configureCoverage
FNDA:4,MarketVaultInternalHarness.configureCoverage
DA:44,4
DA:45,4
DA:46,4
DA:47,4
DA:48,4
DA:49,4
DA:50,4
DA:53,4
FN:53,MarketVaultInternalHarness.exposedAssertCoverage
FNDA:4,MarketVaultInternalHarness.exposedAssertCoverage
DA:54,4
DA:57,1
FN:57,MarketVaultInternalHarness.configurePackedMarketAccounting
FNDA:1,MarketVaultInternalHarness.configurePackedMarketAccounting
DA:58,1
DA:61,3
FN:61,MarketVaultInternalHarness.exposedPackUint128Pair
FNDA:3,MarketVaultInternalHarness.exposedPackUint128Pair
DA:62,3
DA:65,4
FN:65,MarketVaultInternalHarness._packedMarketAccountingForHarness
FNDA:4,MarketVaultInternalHarness._packedMarketAccountingForHarness
DA:67,4
FNF:8
FNH:8
LF:24
LH:24
BRF:0
BRH:0
end_of_record
TN:
SF:test/unit/PaymasterEdges.t.sol
DA:26,4
FN:26,MockEntryPointAccounting.depositTo
FNDA:4,MockEntryPointAccounting.depositTo
DA:27,4
DA:30,1
FN:30,MockEntryPointAccounting.withdrawTo
FNDA:1,MockEntryPointAccounting.withdrawTo
DA:31,1
DA:32,1
DA:33,1
BRDA:33,0,0,0
BRDA:33,0,1,1
DA:36,1
FN:36,MockEntryPointAccounting.addStake
FNDA:1,MockEntryPointAccounting.addStake
DA:37,1
DA:38,1
DA:41,1
FN:41,MockEntryPointAccounting.unlockStake
FNDA:1,MockEntryPointAccounting.unlockStake
DA:42,1
DA:45,1
FN:45,MockEntryPointAccounting.withdrawStake
FNDA:1,MockEntryPointAccounting.withdrawStake
DA:46,1
BRDA:46,1,0,0
BRDA:46,1,1,1
DA:47,1
DA:48,1
DA:49,1
DA:50,1
BRDA:50,2,0,0
BRDA:50,2,1,1
DA:53,5
FN:53,MockEntryPointAccounting.balanceOf
FNDA:5,MockEntryPointAccounting.balanceOf
DA:54,5
DA:57,3
FN:57,MockEntryPointAccounting.executeSponsored
FNDA:3,MockEntryPointAccounting.executeSponsored
DA:65,3
BRDA:65,3,0,0
BRDA:65,3,1,3
DA:66,3
DA:67,3
DA:68,3
DA:69,3
BRDA:69,4,0,0
BRDA:69,4,1,3
DA:70,3
DA:73,3
FNF:7
FNH:7
LF:27
LH:27
BRF:10
BRH:5
end_of_record
TN:
SF:test/unit/ProtocolControls.t.sol
DA:36,1
FN:36,WrongDecimalsToken.decimals
FNDA:1,WrongDecimalsToken.decimals
DA:37,1
DA:44,2
FN:44,ExposureSource.setExposure
FNDA:2,ExposureSource.setExposure
DA:45,2
DA:54,3
FN:54,BondMarketMock.setState
FNDA:3,BondMarketMock.setState
DA:55,3
DA:58,1
FN:58,BondMarketMock.setTotalPrincipal
FNDA:1,BondMarketMock.setTotalPrincipal
DA:59,1
DA:62,1
FN:62,BondMarketMock.fundTimeoutBonus
FNDA:1,BondMarketMock.fundTimeoutBonus
DA:63,1
FNF:5
FNH:5
LF:10
LH:10
BRF:0
BRH:0
end_of_record
TN:
SF:test/unit/TokenTransferIntegrity.t.sol
DA:25,5
FN:25,ToggleFeeUSDC.decimals
FNDA:5,ToggleFeeUSDC.decimals
DA:26,5
DA:29,20
FN:29,ToggleFeeUSDC.mint
FNDA:20,ToggleFeeUSDC.mint
DA:30,20
DA:33,5
FN:33,ToggleFeeUSDC.setFeeEnabled
FNDA:5,ToggleFeeUSDC.setFeeEnabled
DA:34,5
DA:37,32
FN:37,ToggleFeeUSDC._update
FNDA:32,ToggleFeeUSDC._update
DA:38,32
BRDA:38,0,0,6
DA:39,6
DA:40,6
DA:41,6
DA:43,26
FNF:4
FNH:4
LF:12
LH:12
BRF:1
BRH:1
end_of_record
