TN:
SF:/Users/undef1ned/Work/local/cpredict/lib/openzeppelin-contracts/contracts/interfaces/IERC1363.sol
DA:1,0
end_of_record

SF:/Users/undef1ned/Work/local/cpredict/lib/openzeppelin-contracts/contracts/interfaces/IERC165.sol
end_of_record

SF:/Users/undef1ned/Work/local/cpredict/lib/openzeppelin-contracts/contracts/interfaces/IERC20.sol
end_of_record

SF:/Users/undef1ned/Work/local/cpredict/lib/openzeppelin-contracts/contracts/interfaces/IERC20Metadata.sol
end_of_record

SF:/Users/undef1ned/Work/local/cpredict/lib/openzeppelin-contracts/contracts/interfaces/draft-IERC6093.sol
end_of_record

SF:/Users/undef1ned/Work/local/cpredict/lib/openzeppelin-contracts/contracts/proxy/Clones.sol
DA:20,0
DA:98,0
DA:106,0
DA:107,0
DA:119,0
end_of_record

SF:/Users/undef1ned/Work/local/cpredict/lib/openzeppelin-contracts/contracts/token/ERC1155/ERC1155.sol
DA:40,0
DA:41,0
DA:56,0
DA:60,0
DA:61,0
DA:71,0
DA:75,0
DA:76,0
DA:81,0
DA:82,0
DA:95,0
DA:100,0
DA:105,0
DA:112,0
DA:117,0
DA:118,0
DA:119,0
DA:137,0
DA:138,0
DA:139,0
DA:144,0
DA:148,0
DA:149,0
DA:150,0
DA:151,0
DA:155,0
DA:159,0
DA:160,0
DA:164,0
DA:167,0
DA:169,0
DA:204,0
DA:213,0
DA:215,0
DA:220,0
DA:238,0
DA:239,0
DA:241,0
DA:242,0
DA:244,0
DA:245,0
DA:266,0
DA:269,0
DA:294,3
DA:295,4
DA:309,0
DA:310,0
DA:313,0
DA:346,0
DA:347,0
DA:350,0
DA:383,0
DA:384,0
DA:386,0
DA:387,0
DA:389,0
DA:390,0
DA:396,0
DA:400,0
end_of_record

SF:/Users/undef1ned/Work/local/cpredict/lib/openzeppelin-contracts/contracts/token/ERC1155/IERC1155.sol
end_of_record

SF:/Users/undef1ned/Work/local/cpredict/lib/openzeppelin-contracts/contracts/token/ERC1155/IERC1155Receiver.sol
end_of_record

SF:/Users/undef1ned/Work/local/cpredict/lib/openzeppelin-contracts/contracts/token/ERC1155/extensions/ERC1155Supply.sol
DA:32,0
DA:46,0
DA:56,0
DA:58,0
DA:59,0
DA:60,0
DA:63,0
DA:64,0
DA:67,0
DA:70,0
DA:71,0
DA:72,0
DA:77,0
DA:84,0
end_of_record

SF:/Users/undef1ned/Work/local/cpredict/lib/openzeppelin-contracts/contracts/token/ERC1155/extensions/IERC1155MetadataURI.sol
end_of_record

SF:/Users/undef1ned/Work/local/cpredict/lib/openzeppelin-contracts/contracts/token/ERC1155/utils/ERC1155Holder.sol
DA:20,0
end_of_record

SF:/Users/undef1ned/Work/local/cpredict/lib/openzeppelin-contracts/contracts/token/ERC1155/utils/ERC1155Utils.sol
DA:16,0
DA:25,0
DA:33,0
DA:34,0
DA:35,0
DA:39,0
DA:68,0
DA:69,0
DA:72,0
DA:74,0
DA:76,0
DA:77,0
DA:79,0
DA:81,0
end_of_record

SF:/Users/undef1ned/Work/local/cpredict/lib/openzeppelin-contracts/contracts/token/ERC20/ERC20.sol
DA:45,4
DA:46,2
DA:53,0
DA:83,0
DA:101,1
DA:145,6
DA:159,2
DA:160,13
DA:161,0
DA:163,4
DA:179,2
DA:182,5
DA:183,0
DA:203,4
DA:215,4
DA:216,0
DA:274,3
DA:275,0
DA:277,4
DA:278,0
DA:282,3
DA:296,4
DA:297,0
DA:298,0
end_of_record

SF:/Users/undef1ned/Work/local/cpredict/lib/openzeppelin-contracts/contracts/token/ERC20/IERC20.sol
end_of_record

SF:/Users/undef1ned/Work/local/cpredict/lib/openzeppelin-contracts/contracts/token/ERC20/extensions/IERC20Metadata.sol
end_of_record

SF:/Users/undef1ned/Work/local/cpredict/lib/openzeppelin-contracts/contracts/token/ERC20/utils/SafeERC20.sol
DA:19,0
DA:34,0
DA:35,0
DA:36,0
DA:44,0
DA:45,0
DA:46,0
DA:189,0
DA:191,0
DA:231,0
DA:233,0
end_of_record

SF:/Users/undef1ned/Work/local/cpredict/lib/openzeppelin-contracts/contracts/utils/Arrays.sol
DA:15,0
DA:793,0
DA:815,0
end_of_record

SF:/Users/undef1ned/Work/local/cpredict/lib/openzeppelin-contracts/contracts/utils/Comparators.sol
DA:11,0
end_of_record

SF:/Users/undef1ned/Work/local/cpredict/lib/openzeppelin-contracts/contracts/utils/Context.sol
DA:18,5
end_of_record

SF:/Users/undef1ned/Work/local/cpredict/lib/openzeppelin-contracts/contracts/utils/Create2.sol
DA:18,0
end_of_record

SF:/Users/undef1ned/Work/local/cpredict/lib/openzeppelin-contracts/contracts/utils/Errors.sol
DA:14,0
end_of_record

SF:/Users/undef1ned/Work/local/cpredict/lib/openzeppelin-contracts/contracts/utils/LowLevelCall.sol
DA:12,0
end_of_record

SF:/Users/undef1ned/Work/local/cpredict/lib/openzeppelin-contracts/contracts/utils/Panic.sol
DA:26,0
DA:32,0
DA:50,0
DA:51,0
end_of_record

SF:/Users/undef1ned/Work/local/cpredict/lib/openzeppelin-contracts/contracts/utils/ReentrancyGuard.sol
DA:37,1
DA:50,1
DA:51,0
DA:69,0
DA:71,0
DA:89,0
DA:90,0
DA:94,0
DA:102,0
DA:113,0
end_of_record

SF:/Users/undef1ned/Work/local/cpredict/lib/openzeppelin-contracts/contracts/utils/SlotDerivation.sol
DA:41,0
end_of_record

SF:/Users/undef1ned/Work/local/cpredict/lib/openzeppelin-contracts/contracts/utils/StorageSlot.sol
DA:34,0
end_of_record

SF:/Users/undef1ned/Work/local/cpredict/lib/openzeppelin-contracts/contracts/utils/introspection/ERC165.sol
DA:23,0
end_of_record

SF:/Users/undef1ned/Work/local/cpredict/lib/openzeppelin-contracts/contracts/utils/introspection/IERC165.sol
end_of_record

SF:/Users/undef1ned/Work/local/cpredict/lib/openzeppelin-contracts/contracts/utils/math/Math.sol
DA:12,0
DA:37,0
DA:41,0
DA:148,0
DA:155,0
DA:156,0
DA:162,0
DA:163,0
DA:206,0
DA:208,0
DA:211,0
DA:215,0
DA:219,0
DA:220,0
DA:229,0
DA:241,0
DA:242,0
DA:254,0
DA:259,0
DA:283,0
end_of_record

SF:/Users/undef1ned/Work/local/cpredict/lib/openzeppelin-contracts/contracts/utils/math/SafeCast.sol
DA:19,0
DA:306,0
DA:307,0
DA:442,0
DA:443,0
DA:560,0
DA:561,0
DA:562,0
end_of_record

SF:/Users/undef1ned/Work/local/cpredict/lib/permit2/src/interfaces/IEIP712.sol
end_of_record

SF:/Users/undef1ned/Work/local/cpredict/lib/permit2/src/interfaces/ISignatureTransfer.sol
end_of_record

SF:/Users/undef1ned/Work/local/cpredict/src/core/BondEscrowV1.sol
DA:22,0
DA:32,0
DA:33,0
DA:35,0
DA:36,0
DA:38,0
DA:48,0
DA:49,0
DA:50,0
DA:54,0
DA:59,0
DA:60,0
DA:62,0
DA:66,0
DA:67,0
DA:68,0
DA:69,0
DA:70,0
DA:71,0
DA:72,0
DA:73,0
DA:74,0
DA:76,0
DA:83,0
DA:84,0
DA:85,0
DA:87,0
DA:88,0
DA:92,0
DA:94,0
DA:95,0
DA:96,0
DA:97,0
DA:99,0
DA:100,0
DA:101,0
DA:106,0
DA:110,0
DA:116,0
DA:118,0
DA:119,0
DA:121,0
DA:122,0
DA:123,0
end_of_record

SF:/Users/undef1ned/Work/local/cpredict/src/core/EmergencyControllerV1.sol
DA:15,0
DA:16,0
DA:18,0
DA:21,0
DA:22,0
DA:23,0
DA:32,0
DA:33,0
DA:38,0
DA:43,0
DA:47,0
DA:48,0
DA:49,0
DA:51,0
DA:52,0
DA:54,0
DA:57,0
DA:58,0
DA:59,0
DA:63,0
DA:65,0
DA:66,0
DA:68,0
DA:72,0
DA:75,0
end_of_record

SF:/Users/undef1ned/Work/local/cpredict/src/core/FeeVaultV1.sol
DA:17,0
DA:20,0
DA:21,0
DA:23,0
DA:25,0
DA:26,0
DA:40,0
DA:41,0
DA:42,0
DA:46,0
DA:51,0
DA:52,0
DA:54,0
DA:55,0
DA:56,0
DA:60,0
DA:61,0
DA:62,0
DA:63,0
DA:66,0
DA:69,0
DA:70,0
DA:71,0
DA:72,0
DA:73,0
DA:74,0
DA:76,0
DA:77,0
DA:81,0
DA:85,0
DA:91,0
DA:93,0
DA:94,0
DA:96,0
DA:97,0
DA:98,0
end_of_record

SF:/Users/undef1ned/Work/local/cpredict/src/core/FullMarketDeployerV1.sol
DA:10,0
DA:11,0
DA:18,0
DA:19,0
DA:23,0
DA:24,0
DA:25,0
DA:27,0
DA:31,0
DA:32,0
DA:33,0
end_of_record

SF:/Users/undef1ned/Work/local/cpredict/src/core/LaunchExposureGuardV1.sol
DA:17,0
DA:18,0
DA:20,0
DA:21,0
DA:22,0
DA:25,0
DA:42,0
DA:43,0
DA:44,0
DA:49,0
DA:54,0
DA:55,0
DA:57,0
DA:61,0
DA:62,0
DA:63,0
DA:64,0
DA:65,0
DA:68,0
DA:69,0
DA:70,0
DA:72,0
DA:73,0
DA:74,0
DA:75,0
DA:78,0
DA:81,0
DA:85,0
DA:86,0
DA:87,0
DA:88,0
DA:90,0
DA:91,0
DA:95,0
DA:96,0
DA:100,0
DA:104,0
DA:105,0
DA:106,0
end_of_record

SF:/Users/undef1ned/Work/local/cpredict/src/core/MarketFactoryV1.sol
DA:33,0
DA:37,0
DA:38,0
DA:39,0
DA:40,0
DA:41,0
DA:42,0
DA:44,0
DA:45,0
DA:47,0
DA:48,0
DA:49,0
DA:50,0
DA:51,0
DA:52,0
DA:53,0
DA:54,0
DA:55,0
DA:56,0
DA:61,0
DA:62,0
DA:63,0
DA:91,0
DA:92,0
DA:93,0
DA:94,0
DA:95,0
DA:96,0
DA:97,0
DA:98,0
DA:99,0
DA:100,0
DA:101,0
DA:102,0
DA:103,0
DA:104,0
DA:105,0
DA:106,0
DA:110,0
DA:119,0
DA:120,0
DA:121,0
DA:125,0
DA:127,0
DA:128,0
DA:129,0
DA:130,0
DA:135,0
DA:136,0
DA:142,0
DA:143,0
DA:144,0
DA:146,0
DA:147,0
DA:150,0
DA:154,0
DA:155,0
DA:157,0
DA:158,0
DA:159,0
DA:160,0
DA:161,0
DA:167,0
DA:168,0
DA:181,0
DA:182,0
DA:184,0
DA:190,0
DA:193,0
DA:198,0
DA:199,0
DA:201,0
DA:202,0
DA:207,0
DA:218,0
DA:219,0
DA:220,0
DA:221,0
DA:228,0
DA:231,0
DA:234,0
DA:246,0
DA:248,0
DA:251,0
DA:252,0
DA:253,0
DA:254,0
DA:257,0
DA:258,0
DA:259,0
DA:260,0
DA:262,0
DA:263,0
DA:264,0
DA:267,0
DA:268,0
DA:269,0
DA:270,0
DA:271,0
DA:281,0
DA:282,0
DA:283,0
DA:284,0
DA:286,0
DA:287,0
DA:289,0
DA:290,0
DA:292,0
DA:293,0
DA:294,0
DA:295,0
DA:296,0
DA:297,0
DA:298,0
DA:299,0
DA:302,0
DA:303,0
DA:304,0
DA:305,0
DA:306,0
DA:308,0
DA:309,0
DA:310,0
DA:311,0
DA:313,0
DA:314,0
DA:318,0
DA:320,0
DA:322,0
DA:323,0
DA:324,0
DA:326,0
DA:330,0
DA:331,0
DA:337,0
DA:338,0
DA:340,0
DA:341,0
end_of_record

SF:/Users/undef1ned/Work/local/cpredict/src/core/ProtocolConfigV1.sol
DA:15,0
DA:16,0
DA:17,0
DA:19,0
DA:20,0
DA:21,0
DA:22,0
DA:25,0
DA:26,0
DA:29,0
DA:30,0
DA:31,0
DA:32,0
DA:34,0
DA:35,0
DA:36,0
DA:37,0
DA:38,0
DA:50,0
DA:51,0
DA:53,0
DA:54,0
DA:56,0
DA:57,0
DA:63,0
DA:68,0
DA:71,0
DA:75,0
DA:76,0
DA:78,0
DA:80,0
DA:84,0
DA:85,0
DA:87,0
DA:89,0
DA:93,0
DA:94,0
DA:96,0
DA:98,0
DA:102,0
DA:103,0
DA:105,0
DA:107,0
DA:112,0
DA:113,0
DA:115,0
DA:116,0
DA:118,0
DA:120,0
DA:125,0
DA:126,0
DA:128,0
DA:130,0
DA:135,0
DA:136,0
DA:138,0
DA:139,0
DA:141,0
DA:143,0
DA:151,0
DA:152,0
DA:154,0
DA:155,0
DA:157,0
DA:159,0
end_of_record

SF:/Users/undef1ned/Work/local/cpredict/src/interfaces/IBondEscrowV1.sol
end_of_record

SF:/Users/undef1ned/Work/local/cpredict/src/interfaces/IEmergencyControllerV1.sol
end_of_record

SF:/Users/undef1ned/Work/local/cpredict/src/interfaces/IFeeVaultV1.sol
end_of_record

SF:/Users/undef1ned/Work/local/cpredict/src/interfaces/IFullMarketDeployerV1.sol
end_of_record

SF:/Users/undef1ned/Work/local/cpredict/src/interfaces/ILaunchExposureGuardV1.sol
end_of_record

SF:/Users/undef1ned/Work/local/cpredict/src/interfaces/IMarketFactoryV1.sol
end_of_record

SF:/Users/undef1ned/Work/local/cpredict/src/interfaces/IMarketVaultV1.sol
end_of_record

SF:/Users/undef1ned/Work/local/cpredict/src/interfaces/IProtocolConfigV1.sol
end_of_record

SF:/Users/undef1ned/Work/local/cpredict/src/libraries/ProtocolErrors.sol
end_of_record

SF:/Users/undef1ned/Work/local/cpredict/src/libraries/ProtocolTypes.sol
DA:5,0
DA:6,0
DA:8,226
DA:9,0
DA:11,0
DA:12,0
DA:15,0
DA:17,0
end_of_record

SF:/Users/undef1ned/Work/local/cpredict/src/market/CloneMarketVaultV1.sol
DA:8,1731
DA:9,3
end_of_record

SF:/Users/undef1ned/Work/local/cpredict/src/market/FullMarketVaultV1.sol
DA:7,1732
DA:9,2
end_of_record

SF:/Users/undef1ned/Work/local/cpredict/src/market/MarketVaultCoreV1.sol
DA:52,0
DA:53,3
DA:55,0
DA:57,0
DA:58,0
DA:59,0
DA:67,0
DA:69,0
DA:70,0
DA:71,0
DA:72,0
DA:73,0
DA:74,0
DA:76,0
DA:77,0
DA:78,0
DA:79,0
DA:80,0
DA:81,0
DA:82,0
DA:83,0
DA:84,0
DA:85,0
DA:86,0
DA:87,0
DA:89,0
DA:90,0
DA:91,0
DA:92,0
DA:93,0
DA:96,0
DA:98,0
DA:99,0
DA:100,0
DA:101,0
DA:102,0
DA:103,0
DA:104,0
DA:105,0
DA:106,0
DA:107,0
DA:108,0
DA:109,0
DA:111,0
DA:112,0
DA:113,0
DA:114,0
DA:194,2
DA:197,0
DA:198,0
DA:203,0
DA:207,0
DA:211,0
DA:215,0
DA:219,0
DA:223,0
DA:226,0
DA:227,0
DA:230,0
DA:231,0
DA:234,0
DA:235,0
DA:239,0
DA:240,0
DA:241,0
DA:242,0
DA:243,0
DA:245,0
DA:249,4
DA:252,12
DA:253,6
DA:254,7
DA:255,2
DA:256,71
DA:257,14
DA:258,14
DA:259,14
DA:260,7
DA:261,10
DA:263,22
DA:264,0
DA:266,6
DA:267,9
DA:270,11
DA:271,0
DA:273,7
DA:274,0
DA:276,16
DA:278,3
DA:280,5
DA:281,8
DA:282,4
DA:283,5
DA:284,4
DA:285,4
DA:286,4
DA:287,8
DA:288,5
DA:290,6
DA:291,3
DA:292,8
DA:293,3
DA:294,3
DA:296,8
DA:298,10
DA:299,6
DA:300,10
DA:301,6
DA:302,8
DA:303,10
DA:304,7
DA:306,3
DA:307,2
DA:315,11
DA:317,2
DA:319,2
DA:325,3
DA:326,1
DA:327,2
DA:328,2
DA:329,3
DA:330,3
DA:331,3
DA:336,0
DA:346,0
DA:347,3
DA:348,0
DA:349,0
DA:350,0
DA:351,0
DA:353,0
DA:354,0
DA:356,0
DA:357,0
DA:359,0
DA:360,0
DA:362,1
DA:363,1
DA:364,2
DA:367,1
DA:368,1
DA:369,0
DA:370,0
DA:389,0
DA:390,0
DA:393,0
DA:405,0
DA:406,0
DA:407,0
DA:409,0
DA:410,0
DA:413,0
DA:414,0
DA:415,0
DA:416,0
DA:418,0
DA:421,0
DA:422,0
DA:425,0
DA:432,0
DA:435,0
DA:436,0
DA:439,0
DA:446,0
DA:448,0
DA:451,0
DA:454,0
DA:455,0
DA:458,0
DA:466,0
DA:467,0
DA:470,0
DA:471,0
DA:473,0
DA:474,0
DA:475,0
DA:477,0
DA:478,0
DA:479,0
DA:480,0
DA:481,0
DA:483,0
DA:486,0
DA:492,0
DA:493,0
DA:494,0
DA:495,0
DA:496,0
DA:498,0
DA:499,0
DA:500,0
DA:501,0
DA:502,0
DA:505,0
DA:506,0
DA:519,0
DA:520,0
DA:521,0
DA:522,0
DA:525,0
DA:526,0
DA:527,0
DA:528,0
DA:529,0
DA:530,0
DA:531,0
DA:532,0
DA:533,0
DA:537,0
DA:538,0
DA:539,0
DA:540,0
DA:542,0
DA:544,0
DA:545,0
DA:546,0
DA:547,0
DA:548,0
DA:549,0
DA:550,0
DA:551,0
DA:553,0
DA:554,0
DA:555,0
DA:556,0
DA:557,0
DA:560,0
DA:562,0
DA:563,0
DA:570,0
DA:573,0
DA:582,0
DA:583,0
DA:587,0
DA:588,0
DA:589,0
DA:592,0
DA:593,0
DA:594,0
DA:595,0
DA:599,0
DA:603,0
DA:604,0
DA:605,0
DA:606,0
DA:607,0
DA:608,0
DA:610,0
DA:611,0
DA:612,0
DA:613,0
DA:614,0
DA:618,0
DA:622,0
DA:623,0
DA:624,0
DA:625,0
DA:627,0
DA:628,0
DA:629,0
DA:632,0
DA:633,0
DA:634,0
DA:635,0
DA:636,0
DA:640,0
DA:644,0
DA:645,0
DA:646,0
DA:647,0
DA:649,0
DA:651,0
DA:652,0
DA:654,0
DA:655,0
DA:656,0
DA:657,0
DA:659,0
DA:661,0
DA:663,0
DA:664,0
DA:665,0
DA:670,0
DA:671,0
DA:672,0
DA:673,0
DA:674,0
DA:675,0
DA:676,0
DA:679,0
DA:680,0
DA:682,0
DA:686,0
DA:690,0
DA:691,0
DA:692,0
DA:693,0
DA:695,0
DA:696,0
DA:697,0
DA:700,0
DA:701,0
DA:702,0
DA:703,0
DA:704,0
DA:707,0
DA:708,0
DA:709,0
DA:710,0
DA:715,0
DA:716,0
DA:719,0
DA:720,0
DA:721,0
DA:722,0
DA:725,0
DA:730,0
DA:731,0
DA:732,0
DA:733,0
DA:734,0
DA:735,0
DA:737,0
DA:742,0
DA:743,0
DA:747,0
DA:754,0
DA:757,0
DA:758,0
DA:759,0
DA:761,0
DA:765,0
DA:767,0
DA:768,0
DA:769,0
DA:770,0
DA:771,0
DA:773,0
DA:775,0
DA:777,0
DA:778,0
DA:781,5
DA:785,4
DA:786,33
DA:787,5
DA:788,0
end_of_record

SF:/Users/undef1ned/Work/local/cpredict/test/mocks/MockUSDC.sol
DA:6,533
DA:10,1
end_of_record

SF:/Users/undef1ned/Work/local/cpredict/test/security/EchidnaMarketAccounting.sol
DA:21,0
DA:27,0
DA:28,0
DA:29,0
DA:30,0
DA:34,0
DA:39,0
DA:46,0
DA:50,0
DA:54,0
DA:58,0
DA:62,0
DA:66,0
DA:72,543
DA:73,0
DA:74,0
DA:75,0
DA:76,0
DA:77,0
DA:82,69
DA:84,37
DA:86,28
DA:87,34
DA:88,36
DA:89,36
DA:90,25
DA:91,28
DA:92,29
DA:103,51
DA:104,31
DA:105,31
DA:106,30
DA:108,35
DA:109,29
DA:110,84
DA:111,1
DA:115,1
DA:116,7
DA:121,1
DA:124,1
DA:125,2
DA:127,1
DA:129,41
DA:131,13
DA:132,33
DA:133,29
DA:137,0
DA:138,0
DA:140,0
DA:142,0
DA:143,0
DA:144,0
DA:145,0
DA:146,0
DA:147,0
DA:150,0
DA:158,0
DA:159,0
DA:160,0
DA:161,0
DA:162,0
DA:163,0
DA:166,0
DA:167,0
DA:168,0
DA:171,0
DA:172,0
DA:173,0
DA:176,0
DA:177,0
DA:178,0
DA:181,0
DA:182,0
DA:183,0
DA:186,0
DA:187,0
DA:188,0
DA:193,0
DA:198,0
DA:203,0
DA:208,0
DA:213,0
DA:217,0
DA:221,0
DA:225,0
DA:230,0
DA:231,0
DA:232,0
DA:233,0
DA:234,0
DA:236,0
DA:238,0
DA:243,0
DA:244,0
DA:246,0
DA:250,0
DA:251,0
DA:255,0
DA:256,0
DA:257,0
end_of_record

