TN:
SF:/private/var/folders/gc/k2l60lnx7d59j65323br2fr40000gn/T/cpredict-medusa.PRuXJ5/repo/lib/account-abstraction/contracts/interfaces/IAggregator.sol
end_of_record
SF:/private/var/folders/gc/k2l60lnx7d59j65323br2fr40000gn/T/cpredict-medusa.PRuXJ5/repo/lib/account-abstraction/contracts/interfaces/IEntryPoint.sol
end_of_record
SF:/private/var/folders/gc/k2l60lnx7d59j65323br2fr40000gn/T/cpredict-medusa.PRuXJ5/repo/lib/account-abstraction/contracts/interfaces/INonceManager.sol
end_of_record
SF:/private/var/folders/gc/k2l60lnx7d59j65323br2fr40000gn/T/cpredict-medusa.PRuXJ5/repo/lib/account-abstraction/contracts/interfaces/IPaymaster.sol
end_of_record
SF:/private/var/folders/gc/k2l60lnx7d59j65323br2fr40000gn/T/cpredict-medusa.PRuXJ5/repo/lib/account-abstraction/contracts/interfaces/ISenderCreator.sol
end_of_record
SF:/private/var/folders/gc/k2l60lnx7d59j65323br2fr40000gn/T/cpredict-medusa.PRuXJ5/repo/lib/account-abstraction/contracts/interfaces/IStakeManager.sol
end_of_record
SF:/private/var/folders/gc/k2l60lnx7d59j65323br2fr40000gn/T/cpredict-medusa.PRuXJ5/repo/lib/account-abstraction/contracts/interfaces/PackedUserOperation.sol
end_of_record
SF:/private/var/folders/gc/k2l60lnx7d59j65323br2fr40000gn/T/cpredict-medusa.PRuXJ5/repo/lib/forge-std/src/Base.sol
DA:10,0
DA:40,0
end_of_record
SF:/private/var/folders/gc/k2l60lnx7d59j65323br2fr40000gn/T/cpredict-medusa.PRuXJ5/repo/lib/forge-std/src/Script.sol
DA:27,0
end_of_record
SF:/private/var/folders/gc/k2l60lnx7d59j65323br2fr40000gn/T/cpredict-medusa.PRuXJ5/repo/lib/forge-std/src/StdAssertions.sol
DA:8,0
DA:36,0
DA:41,0
DA:42,0
DA:44,0
DA:59,0
DA:60,0
DA:72,0
DA:83,0
DA:84,0
DA:95,0
DA:96,0
DA:135,0
DA:136,0
DA:147,0
DA:148,0
DA:153,0
DA:154,0
DA:171,0
DA:412,0
DA:413,0
DA:452,0
DA:453,0
DA:492,0
DA:493,0
DA:532,0
DA:533,0
FN:40,failed
FNDA:0,failed
FN:48,fail
FNDA:0,fail
FN:53,fail
FNDA:0,fail
FN:58,assertTrue
FNDA:0,assertTrue
FN:64,assertTrue
FNDA:0,assertTrue
FN:70,assertFalse
FNDA:0,assertFalse
FN:76,assertFalse
FNDA:0,assertFalse
FN:82,assertEq
FNDA:0,assertEq
FN:88,assertEq
FNDA:0,assertEq
FN:94,assertEq
FNDA:0,assertEq
FN:100,assertEq
FNDA:0,assertEq
FN:106,assertEqDecimal
FNDA:0,assertEqDecimal
FN:110,assertEqDecimal
FNDA:0,assertEqDecimal
FN:114,assertEq
FNDA:0,assertEq
FN:120,assertEq
FNDA:0,assertEq
FN:126,assertEqDecimal
FNDA:0,assertEqDecimal
FN:130,assertEqDecimal
FNDA:0,assertEqDecimal
FN:134,assertEq
FNDA:0,assertEq
FN:140,assertEq
FNDA:0,assertEq
FN:146,assertEq
FNDA:0,assertEq
FN:152,assertEq
FNDA:0,assertEq
FN:158,assertEq32
FNDA:0,assertEq32
FN:164,assertEq32
FNDA:0,assertEq32
FN:170,assertEq
FNDA:0,assertEq
FN:174,assertEq
FNDA:0,assertEq
FN:178,assertEq
FNDA:0,assertEq
FN:182,assertEq
FNDA:0,assertEq
FN:186,assertEq
FNDA:0,assertEq
FN:190,assertEq
FNDA:0,assertEq
FN:194,assertEq
FNDA:0,assertEq
FN:198,assertEq
FNDA:0,assertEq
FN:202,assertEq
FNDA:0,assertEq
FN:206,assertEq
FNDA:0,assertEq
FN:210,assertEq
FNDA:0,assertEq
FN:214,assertEq
FNDA:0,assertEq
FN:218,assertEq
FNDA:0,assertEq
FN:222,assertEq
FNDA:0,assertEq
FN:226,assertEq
FNDA:0,assertEq
FN:230,assertEq
FNDA:0,assertEq
FN:234,assertEq
FNDA:0,assertEq
FN:238,assertEq
FNDA:0,assertEq
FN:243,assertEqUint
FNDA:0,assertEqUint
FN:247,assertNotEq
FNDA:0,assertNotEq
FN:253,assertNotEq
FNDA:0,assertNotEq
FN:259,assertNotEq
FNDA:0,assertNotEq
FN:265,assertNotEq
FNDA:0,assertNotEq
FN:271,assertNotEqDecimal
FNDA:0,assertNotEqDecimal
FN:275,assertNotEqDecimal
FNDA:0,assertNotEqDecimal
FN:283,assertNotEq
FNDA:0,assertNotEq
FN:289,assertNotEq
FNDA:0,assertNotEq
FN:295,assertNotEqDecimal
FNDA:0,assertNotEqDecimal
FN:299,assertNotEqDecimal
FNDA:0,assertNotEqDecimal
FN:303,assertNotEq
FNDA:0,assertNotEq
FN:309,assertNotEq
FNDA:0,assertNotEq
FN:315,assertNotEq
FNDA:0,assertNotEq
FN:321,assertNotEq
FNDA:0,assertNotEq
FN:327,assertNotEq32
FNDA:0,assertNotEq32
FN:333,assertNotEq32
FNDA:0,assertNotEq32
FN:339,assertNotEq
FNDA:0,assertNotEq
FN:343,assertNotEq
FNDA:0,assertNotEq
FN:347,assertNotEq
FNDA:0,assertNotEq
FN:351,assertNotEq
FNDA:0,assertNotEq
FN:355,assertNotEq
FNDA:0,assertNotEq
FN:359,assertNotEq
FNDA:0,assertNotEq
FN:363,assertNotEq
FNDA:0,assertNotEq
FN:367,assertNotEq
FNDA:0,assertNotEq
FN:371,assertNotEq
FNDA:0,assertNotEq
FN:375,assertNotEq
FNDA:0,assertNotEq
FN:379,assertNotEq
FNDA:0,assertNotEq
FN:383,assertNotEq
FNDA:0,assertNotEq
FN:387,assertNotEq
FNDA:0,assertNotEq
FN:391,assertNotEq
FNDA:0,assertNotEq
FN:395,assertNotEq
FNDA:0,assertNotEq
FN:399,assertNotEq
FNDA:0,assertNotEq
FN:403,assertNotEq
FNDA:0,assertNotEq
FN:407,assertNotEq
FNDA:0,assertNotEq
FN:411,assertLt
FNDA:0,assertLt
FN:417,assertLt
FNDA:0,assertLt
FN:423,assertLtDecimal
FNDA:0,assertLtDecimal
FN:427,assertLtDecimal
FNDA:0,assertLtDecimal
FN:431,assertLt
FNDA:0,assertLt
FN:437,assertLt
FNDA:0,assertLt
FN:443,assertLtDecimal
FNDA:0,assertLtDecimal
FN:447,assertLtDecimal
FNDA:0,assertLtDecimal
FN:451,assertGt
FNDA:0,assertGt
FN:457,assertGt
FNDA:0,assertGt
FN:463,assertGtDecimal
FNDA:0,assertGtDecimal
FN:467,assertGtDecimal
FNDA:0,assertGtDecimal
FN:471,assertGt
FNDA:0,assertGt
FN:477,assertGt
FNDA:0,assertGt
FN:483,assertGtDecimal
FNDA:0,assertGtDecimal
FN:487,assertGtDecimal
FNDA:0,assertGtDecimal
FN:491,assertLe
FNDA:0,assertLe
FN:497,assertLe
FNDA:0,assertLe
FN:503,assertLeDecimal
FNDA:0,assertLeDecimal
FN:507,assertLeDecimal
FNDA:0,assertLeDecimal
FN:511,assertLe
FNDA:0,assertLe
FN:517,assertLe
FNDA:0,assertLe
FN:523,assertLeDecimal
FNDA:0,assertLeDecimal
FN:527,assertLeDecimal
FNDA:0,assertLeDecimal
FN:531,assertGe
FNDA:0,assertGe
FN:537,assertGe
FNDA:0,assertGe
FN:543,assertGeDecimal
FNDA:0,assertGeDecimal
FN:547,assertGeDecimal
FNDA:0,assertGeDecimal
FN:551,assertGe
FNDA:0,assertGe
FN:557,assertGe
FNDA:0,assertGe
FN:563,assertGeDecimal
FNDA:0,assertGeDecimal
FN:567,assertGeDecimal
FNDA:0,assertGeDecimal
FN:571,assertApproxEqAbs
FNDA:0,assertApproxEqAbs
FN:575,assertApproxEqAbs
FNDA:0,assertApproxEqAbs
FN:583,assertApproxEqAbsDecimal
FNDA:0,assertApproxEqAbsDecimal
FN:591,assertApproxEqAbsDecimal
FNDA:0,assertApproxEqAbsDecimal
FN:601,assertApproxEqAbs
FNDA:0,assertApproxEqAbs
FN:605,assertApproxEqAbs
FNDA:0,assertApproxEqAbs
FN:609,assertApproxEqAbsDecimal
FNDA:0,assertApproxEqAbsDecimal
FN:617,assertApproxEqAbsDecimal
FNDA:0,assertApproxEqAbsDecimal
FN:625,assertApproxEqRel
FNDA:0,assertApproxEqRel
FN:633,assertApproxEqRel
FNDA:0,assertApproxEqRel
FN:642,assertApproxEqRelDecimal
FNDA:0,assertApproxEqRelDecimal
FN:651,assertApproxEqRelDecimal
FNDA:0,assertApproxEqRelDecimal
FN:661,assertApproxEqRel
FNDA:0,assertApproxEqRel
FN:665,assertApproxEqRel
FNDA:0,assertApproxEqRel
FN:674,assertApproxEqRelDecimal
FNDA:0,assertApproxEqRelDecimal
FN:683,assertApproxEqRelDecimal
FNDA:0,assertApproxEqRelDecimal
FN:694,checkEq0
FNDA:0,checkEq0
FN:698,assertEq0
FNDA:0,assertEq0
FN:702,assertEq0
FNDA:0,assertEq0
FN:706,assertNotEq0
FNDA:0,assertNotEq0
FN:710,assertNotEq0
FNDA:0,assertNotEq0
FN:714,assertEqCall
FNDA:0,assertEqCall
FN:718,assertEqCall
FNDA:0,assertEqCall
FN:725,assertEqCall
FNDA:0,assertEqCall
FN:732,assertEqCall
FNDA:0,assertEqCall
end_of_record
SF:/private/var/folders/gc/k2l60lnx7d59j65323br2fr40000gn/T/cpredict-medusa.PRuXJ5/repo/lib/forge-std/src/StdChains.sol
DA:67,0
FN:70,getChain
FNDA:0,getChain
FN:83,getChain
FNDA:0,getChain
FN:99,setChain
FNDA:0,setChain
FN:132,setChain
FNDA:0,setChain
FN:136,_toUpper
FNDA:0,_toUpper
FN:152,getChainWithUpdatedRpcUrl
FNDA:0,getChainWithUpdatedRpcUrl
FN:189,setFallbackToDefaultRpcUrls
FNDA:0,setFallbackToDefaultRpcUrls
FN:193,initializeStdChains
FNDA:0,initializeStdChains
FN:280,setChainWithDefaultRpcUrl
FNDA:0,setChainWithDefaultRpcUrl
end_of_record
SF:/private/var/folders/gc/k2l60lnx7d59j65323br2fr40000gn/T/cpredict-medusa.PRuXJ5/repo/lib/forge-std/src/StdCheats.sol
DA:11,0
DA:513,0
DA:515,0
DA:519,0
DA:742,0
DA:743,0
DA:746,0
FN:209,assumeNotBlacklisted
FNDA:0,assumeNotBlacklisted
FN:233,assumeNoBlacklisted
FNDA:0,assumeNoBlacklisted
FN:237,assumeAddressIsNot
FNDA:0,assumeAddressIsNot
FN:251,assumeAddressIsNot
FNDA:0,assumeAddressIsNot
FN:256,assumeAddressIsNot
FNDA:0,assumeAddressIsNot
FN:267,assumeAddressIsNot
FNDA:0,assumeAddressIsNot
FN:284,_isPayable
FNDA:0,_isPayable
FN:305,assumePayable
FNDA:0,assumePayable
FN:309,assumeNotPayable
FNDA:0,assumeNotPayable
FN:313,assumeNotZeroAddress
FNDA:0,assumeNotZeroAddress
FN:317,assumeNotPrecompile
FNDA:0,assumeNotPrecompile
FN:321,assumeNotPrecompile
FNDA:0,assumeNotPrecompile
FN:344,assumeNotForgeAddress
FNDA:0,assumeNotForgeAddress
FN:352,assumeUnusedAddress
FNDA:0,assumeUnusedAddress
FN:364,readEIP1559ScriptArtifact
FNDA:0,readEIP1559ScriptArtifact
FN:384,rawToConvertedEIPTx1559s
FNDA:0,rawToConvertedEIPTx1559s
FN:392,rawToConvertedEIPTx1559
FNDA:0,rawToConvertedEIPTx1559
FN:403,rawToConvertedEIP1559Detail
FNDA:0,rawToConvertedEIP1559Detail
FN:421,readTx1559s
FNDA:0,readTx1559s
FN:428,readTx1559
FNDA:0,readTx1559
FN:437,readReceipts
FNDA:0,readReceipts
FN:444,readReceipt
FNDA:0,readReceipt
FN:452,rawToConvertedReceipts
FNDA:0,rawToConvertedReceipts
FN:460,rawToConvertedReceipt
FNDA:0,rawToConvertedReceipt
FN:478,rawToConvertedReceiptLogs
FNDA:0,rawToConvertedReceiptLogs
FN:502,deployCode
FNDA:0,deployCode
FN:512,deployCode
FNDA:0,deployCode
FN:523,deployCode
FNDA:0,deployCode
FN:533,deployCode
FNDA:0,deployCode
FN:544,makeAddrAndKey
FNDA:0,makeAddrAndKey
FN:551,makeAddr
FNDA:0,makeAddr
FN:559,destroyAccount
FNDA:0,destroyAccount
FN:570,makeAccount
FNDA:0,makeAccount
FN:574,deriveRememberKey
FNDA:0,deriveRememberKey
FN:583,_bytesToUint
FNDA:0,_bytesToUint
FN:588,isFork
FNDA:0,isFork
FN:631,_viewChainId
FNDA:0,_viewChainId
FN:640,_pureChainId
FNDA:0,_pureChainId
FN:659,skip
FNDA:0,skip
FN:663,rewind
FNDA:0,rewind
FN:668,hoax
FNDA:0,hoax
FN:673,hoax
FNDA:0,hoax
FN:678,hoax
FNDA:0,hoax
FN:683,hoax
FNDA:0,hoax
FN:689,startHoax
FNDA:0,startHoax
FN:694,startHoax
FNDA:0,startHoax
FN:701,startHoax
FNDA:0,startHoax
FN:706,startHoax
FNDA:0,startHoax
FN:711,changePrank
FNDA:0,changePrank
FN:717,changePrank
FNDA:0,changePrank
FN:724,deal
FNDA:0,deal
FN:730,deal
FNDA:0,deal
FN:736,dealERC1155
FNDA:0,dealERC1155
FN:740,deal
FNDA:0,deal
FN:761,dealERC1155
FNDA:0,dealERC1155
FN:786,dealERC721
FNDA:0,dealERC721
FN:808,deployCodeTo
FNDA:0,deployCodeTo
FN:812,deployCodeTo
FNDA:0,deployCodeTo
FN:816,deployCodeTo
FNDA:0,deployCodeTo
FN:825,console2_log_StdCheats
FNDA:0,console2_log_StdCheats
end_of_record
SF:/private/var/folders/gc/k2l60lnx7d59j65323br2fr40000gn/T/cpredict-medusa.PRuXJ5/repo/lib/forge-std/src/StdConstants.sol
DA:7,30
end_of_record
SF:/private/var/folders/gc/k2l60lnx7d59j65323br2fr40000gn/T/cpredict-medusa.PRuXJ5/repo/lib/forge-std/src/StdError.sol
DA:5,1
DA:6,196
DA:7,138
DA:8,84
DA:9,63
DA:10,288
DA:11,72
DA:12,235
DA:13,102
DA:14,265
end_of_record
SF:/private/var/folders/gc/k2l60lnx7d59j65323br2fr40000gn/T/cpredict-medusa.PRuXJ5/repo/lib/forge-std/src/StdInvariant.sol
DA:65,0
DA:84,0
DA:88,0
DA:92,0
DA:96,0
DA:100,0
DA:104,0
DA:108,0
DA:112,0
DA:116,0
DA:120,0
FN:40,excludeContract
FNDA:0,excludeContract
FN:44,excludeSelector
FNDA:0,excludeSelector
FN:48,excludeSender
FNDA:0,excludeSender
FN:52,excludeArtifact
FNDA:0,excludeArtifact
FN:56,targetArtifact
FNDA:0,targetArtifact
FN:60,targetArtifactSelector
FNDA:0,targetArtifactSelector
FN:64,targetContract
FNDA:0,targetContract
FN:68,targetSelector
FNDA:0,targetSelector
FN:72,targetSender
FNDA:0,targetSender
FN:76,targetInterface
FNDA:0,targetInterface
FN:83,excludeArtifacts
FNDA:0,excludeArtifacts
FN:87,excludeContracts
FNDA:0,excludeContracts
FN:91,excludeSelectors
FNDA:0,excludeSelectors
FN:95,excludeSenders
FNDA:0,excludeSenders
FN:99,targetArtifacts
FNDA:0,targetArtifacts
FN:103,targetArtifactSelectors
FNDA:0,targetArtifactSelectors
FN:107,targetContracts
FNDA:0,targetContracts
FN:111,targetSelectors
FNDA:0,targetSelectors
FN:115,targetSenders
FNDA:0,targetSenders
FN:119,targetInterfaces
FNDA:0,targetInterfaces
end_of_record
SF:/private/var/folders/gc/k2l60lnx7d59j65323br2fr40000gn/T/cpredict-medusa.PRuXJ5/repo/lib/forge-std/src/StdJson.sol
DA:25,30
FN:28,keyExists
FNDA:0,keyExists
FN:32,parseRaw
FNDA:0,parseRaw
FN:36,readUint
FNDA:0,readUint
FN:40,readUintArray
FNDA:0,readUintArray
FN:44,readInt
FNDA:0,readInt
FN:48,readIntArray
FNDA:0,readIntArray
FN:52,readBytes32
FNDA:0,readBytes32
FN:56,readBytes32Array
FNDA:0,readBytes32Array
FN:60,readString
FNDA:0,readString
FN:64,readStringArray
FNDA:0,readStringArray
FN:68,readAddress
FNDA:0,readAddress
FN:72,readAddressArray
FNDA:0,readAddressArray
FN:76,readBool
FNDA:0,readBool
FN:80,readBoolArray
FNDA:0,readBoolArray
FN:84,readBytes
FNDA:0,readBytes
FN:88,readBytesArray
FNDA:0,readBytesArray
FN:92,readUintOr
FNDA:0,readUintOr
FN:96,readUintArrayOr
FNDA:0,readUintArrayOr
FN:104,readIntOr
FNDA:0,readIntOr
FN:108,readIntArrayOr
FNDA:0,readIntArrayOr
FN:116,readBytes32Or
FNDA:0,readBytes32Or
FN:124,readBytes32ArrayOr
FNDA:0,readBytes32ArrayOr
FN:132,readStringOr
FNDA:0,readStringOr
FN:140,readStringArrayOr
FNDA:0,readStringArrayOr
FN:148,readAddressOr
FNDA:0,readAddressOr
FN:156,readAddressArrayOr
FNDA:0,readAddressArrayOr
FN:164,readBoolOr
FNDA:0,readBoolOr
FN:168,readBoolArrayOr
FNDA:0,readBoolArrayOr
FN:176,readBytesOr
FNDA:0,readBytesOr
FN:184,readBytesArrayOr
FNDA:0,readBytesArrayOr
FN:192,serialize
FNDA:0,serialize
FN:196,serialize
FNDA:0,serialize
FN:200,serialize
FNDA:0,serialize
FN:207,serialize
FNDA:0,serialize
FN:211,serialize
FNDA:0,serialize
FN:218,serialize
FNDA:0,serialize
FN:222,serialize
FNDA:0,serialize
FN:229,serialize
FNDA:0,serialize
FN:233,serialize
FNDA:0,serialize
FN:240,serialize
FNDA:0,serialize
FN:244,serialize
FNDA:0,serialize
FN:251,serialize
FNDA:0,serialize
FN:255,serialize
FNDA:0,serialize
FN:262,serialize
FNDA:0,serialize
FN:269,serialize
FNDA:0,serialize
FN:276,write
FNDA:0,write
FN:280,write
FNDA:0,write
end_of_record
SF:/private/var/folders/gc/k2l60lnx7d59j65323br2fr40000gn/T/cpredict-medusa.PRuXJ5/repo/lib/forge-std/src/StdMath.sol
DA:4,30
FN:7,abs
FNDA:0,abs
FN:16,delta
FNDA:0,delta
FN:20,delta
FNDA:0,delta
FN:31,percentDelta
FNDA:0,percentDelta
FN:37,percentDelta
FNDA:0,percentDelta
end_of_record
SF:/private/var/folders/gc/k2l60lnx7d59j65323br2fr40000gn/T/cpredict-medusa.PRuXJ5/repo/lib/forge-std/src/StdStorage.sol
DA:24,30
DA:28,0
DA:36,0
DA:37,0
DA:39,0
DA:45,0
DA:46,0
DA:47,0
DA:49,0
DA:56,0
DA:57,0
DA:59,0
DA:60,0
DA:62,0
DA:64,0
DA:66,0
DA:72,0
DA:73,0
DA:74,0
DA:76,0
DA:78,0
DA:79,0
DA:82,0
DA:86,0
DA:88,0
DA:89,0
DA:92,0
DA:93,0
DA:107,0
DA:108,0
DA:109,0
DA:110,0
DA:113,0
DA:117,0
DA:119,0
DA:120,0
DA:121,0
DA:123,0
DA:124,0
DA:126,0
DA:127,0
DA:128,0
DA:129,0
DA:132,0
DA:133,0
DA:136,0
DA:138,0
DA:140,0
DA:141,0
DA:142,0
DA:147,0
DA:149,0
DA:150,0
DA:153,0
DA:154,0
DA:155,0
DA:161,0
DA:168,0
DA:172,0
DA:177,0
DA:192,0
DA:283,0
DA:285,0
DA:286,0
DA:287,0
DA:294,0
DA:295,0
DA:297,0
DA:310,0
DA:311,0
DA:319,0
DA:330,0
DA:334,30
DA:335,0
DA:346,0
DA:413,0
DA:414,0
DA:416,0
DA:419,0
DA:420,0
DA:421,0
DA:423,0
DA:427,0
DA:432,0
DA:435,0
DA:437,0
DA:439,0
DA:440,0
DA:441,0
FN:31,sigs
FNDA:0,sigs
FN:35,getCallParams
FNDA:0,getCallParams
FN:44,callTarget
FNDA:0,callTarget
FN:55,checkSlotMutatesCall
FNDA:0,checkSlotMutatesCall
FN:71,findOffset
FNDA:0,findOffset
FN:85,findOffsets
FNDA:0,findOffsets
FN:96,find
FNDA:0,find
FN:106,find
FNDA:0,find
FN:171,target
FNDA:0,target
FN:176,sig
FNDA:0,sig
FN:181,sig
FNDA:0,sig
FN:186,with_calldata
FNDA:0,with_calldata
FN:191,with_key
FNDA:0,with_key
FN:196,with_key
FNDA:0,with_key
FN:201,with_key
FNDA:0,with_key
FN:206,enable_packed_slots
FNDA:0,enable_packed_slots
FN:211,depth
FNDA:0,depth
FN:216,read
FNDA:0,read
FN:224,read_bytes32
FNDA:0,read_bytes32
FN:228,read_bool
FNDA:0,read_bool
FN:235,read_address
FNDA:0,read_address
FN:239,read_uint
FNDA:0,read_uint
FN:243,read_int
FNDA:0,read_int
FN:247,parent
FNDA:0,parent
FN:261,root
FNDA:0,root
FN:282,bytesToBytes32
FNDA:0,bytesToBytes32
FN:292,flatten
FNDA:0,flatten
FN:305,clear
FNDA:0,clear
FN:316,getMaskByOffsets
FNDA:0,getMaskByOffsets
FN:325,getUpdatedSlotValue
FNDA:0,getUpdatedSlotValue
FN:337,sigs
FNDA:0,sigs
FN:341,find
FNDA:0,find
FN:345,find
FNDA:0,find
FN:349,target
FNDA:0,target
FN:353,sig
FNDA:0,sig
FN:357,sig
FNDA:0,sig
FN:361,with_key
FNDA:0,with_key
FN:365,with_key
FNDA:0,with_key
FN:369,with_key
FNDA:0,with_key
FN:373,with_calldata
FNDA:0,with_calldata
FN:377,enable_packed_slots
FNDA:0,enable_packed_slots
FN:381,depth
FNDA:0,depth
FN:385,clear
FNDA:0,clear
FN:389,checked_write
FNDA:0,checked_write
FN:393,checked_write
FNDA:0,checked_write
FN:397,checked_write_int
FNDA:0,checked_write_int
FN:401,checked_write
FNDA:0,checked_write
FN:410,checked_write
FNDA:0,checked_write
FN:446,read_bytes32
FNDA:0,read_bytes32
FN:450,read_bool
FNDA:0,read_bool
FN:454,read_address
FNDA:0,read_address
FN:458,read_uint
FNDA:0,read_uint
FN:462,read_int
FNDA:0,read_int
FN:466,parent
FNDA:0,parent
FN:470,root
FNDA:0,root
end_of_record
SF:/private/var/folders/gc/k2l60lnx7d59j65323br2fr40000gn/T/cpredict-medusa.PRuXJ5/repo/lib/forge-std/src/StdStyle.sol
DA:6,30
FN:22,styleConcat
FNDA:0,styleConcat
FN:26,red
FNDA:0,red
FN:30,red
FNDA:0,red
FN:34,red
FNDA:0,red
FN:38,red
FNDA:0,red
FN:42,red
FNDA:0,red
FN:46,redBytes
FNDA:0,redBytes
FN:50,redBytes32
FNDA:0,redBytes32
FN:54,green
FNDA:0,green
FN:58,green
FNDA:0,green
FN:62,green
FNDA:0,green
FN:66,green
FNDA:0,green
FN:70,green
FNDA:0,green
FN:74,greenBytes
FNDA:0,greenBytes
FN:78,greenBytes32
FNDA:0,greenBytes32
FN:82,yellow
FNDA:0,yellow
FN:86,yellow
FNDA:0,yellow
FN:90,yellow
FNDA:0,yellow
FN:94,yellow
FNDA:0,yellow
FN:98,yellow
FNDA:0,yellow
FN:102,yellowBytes
FNDA:0,yellowBytes
FN:106,yellowBytes32
FNDA:0,yellowBytes32
FN:110,blue
FNDA:0,blue
FN:114,blue
FNDA:0,blue
FN:118,blue
FNDA:0,blue
FN:122,blue
FNDA:0,blue
FN:126,blue
FNDA:0,blue
FN:130,blueBytes
FNDA:0,blueBytes
FN:134,blueBytes32
FNDA:0,blueBytes32
FN:138,magenta
FNDA:0,magenta
FN:142,magenta
FNDA:0,magenta
FN:146,magenta
FNDA:0,magenta
FN:150,magenta
FNDA:0,magenta
FN:154,magenta
FNDA:0,magenta
FN:158,magentaBytes
FNDA:0,magentaBytes
FN:162,magentaBytes32
FNDA:0,magentaBytes32
FN:166,cyan
FNDA:0,cyan
FN:170,cyan
FNDA:0,cyan
FN:174,cyan
FNDA:0,cyan
FN:178,cyan
FNDA:0,cyan
FN:182,cyan
FNDA:0,cyan
FN:186,cyanBytes
FNDA:0,cyanBytes
FN:190,cyanBytes32
FNDA:0,cyanBytes32
FN:194,bold
FNDA:0,bold
FN:198,bold
FNDA:0,bold
FN:202,bold
FNDA:0,bold
FN:206,bold
FNDA:0,bold
FN:210,bold
FNDA:0,bold
FN:214,boldBytes
FNDA:0,boldBytes
FN:218,boldBytes32
FNDA:0,boldBytes32
FN:222,dim
FNDA:0,dim
FN:226,dim
FNDA:0,dim
FN:230,dim
FNDA:0,dim
FN:234,dim
FNDA:0,dim
FN:238,dim
FNDA:0,dim
FN:242,dimBytes
FNDA:0,dimBytes
FN:246,dimBytes32
FNDA:0,dimBytes32
FN:250,italic
FNDA:0,italic
FN:254,italic
FNDA:0,italic
FN:258,italic
FNDA:0,italic
FN:262,italic
FNDA:0,italic
FN:266,italic
FNDA:0,italic
FN:270,italicBytes
FNDA:0,italicBytes
FN:274,italicBytes32
FNDA:0,italicBytes32
FN:278,underline
FNDA:0,underline
FN:282,underline
FNDA:0,underline
FN:286,underline
FNDA:0,underline
FN:290,underline
FNDA:0,underline
FN:294,underline
FNDA:0,underline
FN:298,underlineBytes
FNDA:0,underlineBytes
FN:302,underlineBytes32
FNDA:0,underlineBytes32
FN:306,inverse
FNDA:0,inverse
FN:310,inverse
FNDA:0,inverse
FN:314,inverse
FNDA:0,inverse
FN:318,inverse
FNDA:0,inverse
FN:322,inverse
FNDA:0,inverse
FN:326,inverseBytes
FNDA:0,inverseBytes
FN:330,inverseBytes32
FNDA:0,inverseBytes32
end_of_record
SF:/private/var/folders/gc/k2l60lnx7d59j65323br2fr40000gn/T/cpredict-medusa.PRuXJ5/repo/lib/forge-std/src/StdToml.sol
DA:25,30
FN:28,keyExists
FNDA:0,keyExists
FN:32,parseRaw
FNDA:0,parseRaw
FN:36,readUint
FNDA:0,readUint
FN:40,readUintArray
FNDA:0,readUintArray
FN:44,readInt
FNDA:0,readInt
FN:48,readIntArray
FNDA:0,readIntArray
FN:52,readBytes32
FNDA:0,readBytes32
FN:56,readBytes32Array
FNDA:0,readBytes32Array
FN:60,readString
FNDA:0,readString
FN:64,readStringArray
FNDA:0,readStringArray
FN:68,readAddress
FNDA:0,readAddress
FN:72,readAddressArray
FNDA:0,readAddressArray
FN:76,readBool
FNDA:0,readBool
FN:80,readBoolArray
FNDA:0,readBoolArray
FN:84,readBytes
FNDA:0,readBytes
FN:88,readBytesArray
FNDA:0,readBytesArray
FN:92,readUintOr
FNDA:0,readUintOr
FN:96,readUintArrayOr
FNDA:0,readUintArrayOr
FN:104,readIntOr
FNDA:0,readIntOr
FN:108,readIntArrayOr
FNDA:0,readIntArrayOr
FN:116,readBytes32Or
FNDA:0,readBytes32Or
FN:124,readBytes32ArrayOr
FNDA:0,readBytes32ArrayOr
FN:132,readStringOr
FNDA:0,readStringOr
FN:140,readStringArrayOr
FNDA:0,readStringArrayOr
FN:148,readAddressOr
FNDA:0,readAddressOr
FN:156,readAddressArrayOr
FNDA:0,readAddressArrayOr
FN:164,readBoolOr
FNDA:0,readBoolOr
FN:168,readBoolArrayOr
FNDA:0,readBoolArrayOr
FN:176,readBytesOr
FNDA:0,readBytesOr
FN:184,readBytesArrayOr
FNDA:0,readBytesArrayOr
FN:192,serialize
FNDA:0,serialize
FN:196,serialize
FNDA:0,serialize
FN:200,serialize
FNDA:0,serialize
FN:207,serialize
FNDA:0,serialize
FN:211,serialize
FNDA:0,serialize
FN:218,serialize
FNDA:0,serialize
FN:222,serialize
FNDA:0,serialize
FN:229,serialize
FNDA:0,serialize
FN:233,serialize
FNDA:0,serialize
FN:240,serialize
FNDA:0,serialize
FN:244,serialize
FNDA:0,serialize
FN:251,serialize
FNDA:0,serialize
FN:255,serialize
FNDA:0,serialize
FN:262,serialize
FNDA:0,serialize
FN:269,serialize
FNDA:0,serialize
FN:276,write
FNDA:0,write
FN:280,write
FNDA:0,write
end_of_record
SF:/private/var/folders/gc/k2l60lnx7d59j65323br2fr40000gn/T/cpredict-medusa.PRuXJ5/repo/lib/forge-std/src/StdUtils.sol
DA:16,0
DA:32,0
DA:35,0
DA:37,0
DA:41,0
DA:42,0
DA:45,0
DA:46,0
DA:47,0
DA:48,0
DA:49,0
DA:51,0
DA:52,0
DA:53,0
DA:54,0
DA:59,0
DA:191,0
DA:202,0
FN:31,_bound
FNDA:0,_bound
FN:58,bound
FNDA:0,bound
FN:63,_bound
FNDA:0,_bound
FN:83,bound
FNDA:0,bound
FN:88,boundPrivateKey
FNDA:0,boundPrivateKey
FN:92,bytesToUint
FNDA:0,bytesToUint
FN:98,computeCreateAddress
FNDA:0,computeCreateAddress
FN:103,computeCreate2Address
FNDA:0,computeCreate2Address
FN:114,computeCreate2Address
FNDA:0,computeCreate2Address
FN:121,hashInitCode
FNDA:0,hashInitCode
FN:128,hashInitCode
FNDA:0,hashInitCode
FN:133,getTokenBalances
FNDA:0,getTokenBalances
FN:166,addressFromLast20Bytes
FNDA:0,addressFromLast20Bytes
FN:173,_castLogPayloadViewToPure
FNDA:0,_castLogPayloadViewToPure
FN:183,_sendLogPayload
FNDA:0,_sendLogPayload
FN:187,_sendLogPayloadView
FNDA:0,_sendLogPayloadView
FN:197,console2_log_StdUtils
FNDA:0,console2_log_StdUtils
FN:201,console2_log_StdUtils
FNDA:0,console2_log_StdUtils
FN:205,console2_log_StdUtils
FNDA:0,console2_log_StdUtils
end_of_record
SF:/private/var/folders/gc/k2l60lnx7d59j65323br2fr40000gn/T/cpredict-medusa.PRuXJ5/repo/lib/forge-std/src/Test.sol
DA:33,0
end_of_record
SF:/private/var/folders/gc/k2l60lnx7d59j65323br2fr40000gn/T/cpredict-medusa.PRuXJ5/repo/lib/forge-std/src/Vm.sol
end_of_record
SF:/private/var/folders/gc/k2l60lnx7d59j65323br2fr40000gn/T/cpredict-medusa.PRuXJ5/repo/lib/forge-std/src/console.sol
DA:4,30
DA:6,0
DA:11,0
DA:190,0
DA:202,0
DA:230,0
DA:246,0
FN:8,_sendLogPayloadImplementation
FNDA:0,_sendLogPayloadImplementation
FN:25,_castToPure
FNDA:0,_castToPure
FN:33,_sendLogPayload
FNDA:0,_sendLogPayload
FN:37,log
FNDA:0,log
FN:41,logInt
FNDA:0,logInt
FN:45,logUint
FNDA:0,logUint
FN:49,logString
FNDA:0,logString
FN:53,logBool
FNDA:0,logBool
FN:57,logAddress
FNDA:0,logAddress
FN:61,logBytes
FNDA:0,logBytes
FN:65,logBytes1
FNDA:0,logBytes1
FN:69,logBytes2
FNDA:0,logBytes2
FN:73,logBytes3
FNDA:0,logBytes3
FN:77,logBytes4
FNDA:0,logBytes4
FN:81,logBytes5
FNDA:0,logBytes5
FN:85,logBytes6
FNDA:0,logBytes6
FN:89,logBytes7
FNDA:0,logBytes7
FN:93,logBytes8
FNDA:0,logBytes8
FN:97,logBytes9
FNDA:0,logBytes9
FN:101,logBytes10
FNDA:0,logBytes10
FN:105,logBytes11
FNDA:0,logBytes11
FN:109,logBytes12
FNDA:0,logBytes12
FN:113,logBytes13
FNDA:0,logBytes13
FN:117,logBytes14
FNDA:0,logBytes14
FN:121,logBytes15
FNDA:0,logBytes15
FN:125,logBytes16
FNDA:0,logBytes16
FN:129,logBytes17
FNDA:0,logBytes17
FN:133,logBytes18
FNDA:0,logBytes18
FN:137,logBytes19
FNDA:0,logBytes19
FN:141,logBytes20
FNDA:0,logBytes20
FN:145,logBytes21
FNDA:0,logBytes21
FN:149,logBytes22
FNDA:0,logBytes22
FN:153,logBytes23
FNDA:0,logBytes23
FN:157,logBytes24
FNDA:0,logBytes24
FN:161,logBytes25
FNDA:0,logBytes25
FN:165,logBytes26
FNDA:0,logBytes26
FN:169,logBytes27
FNDA:0,logBytes27
FN:173,logBytes28
FNDA:0,logBytes28
FN:177,logBytes29
FNDA:0,logBytes29
FN:181,logBytes30
FNDA:0,logBytes30
FN:185,logBytes31
FNDA:0,logBytes31
FN:189,logBytes32
FNDA:0,logBytes32
FN:193,log
FNDA:0,log
FN:197,log
FNDA:0,log
FN:201,log
FNDA:0,log
FN:205,log
FNDA:0,log
FN:209,log
FNDA:0,log
FN:213,log
FNDA:0,log
FN:217,log
FNDA:0,log
FN:221,log
FNDA:0,log
FN:225,log
FNDA:0,log
FN:229,log
FNDA:0,log
FN:233,log
FNDA:0,log
FN:237,log
FNDA:0,log
FN:241,log
FNDA:0,log
FN:245,log
FNDA:0,log
FN:249,log
FNDA:0,log
FN:253,log
FNDA:0,log
FN:257,log
FNDA:0,log
FN:261,log
FNDA:0,log
FN:265,log
FNDA:0,log
FN:269,log
FNDA:0,log
FN:273,log
FNDA:0,log
FN:277,log
FNDA:0,log
FN:281,log
FNDA:0,log
FN:285,log
FNDA:0,log
FN:289,log
FNDA:0,log
FN:293,log
FNDA:0,log
FN:297,log
FNDA:0,log
FN:301,log
FNDA:0,log
FN:305,log
FNDA:0,log
FN:309,log
FNDA:0,log
FN:313,log
FNDA:0,log
FN:317,log
FNDA:0,log
FN:321,log
FNDA:0,log
FN:325,log
FNDA:0,log
FN:329,log
FNDA:0,log
FN:333,log
FNDA:0,log
FN:337,log
FNDA:0,log
FN:341,log
FNDA:0,log
FN:345,log
FNDA:0,log
FN:349,log
FNDA:0,log
FN:353,log
FNDA:0,log
FN:357,log
FNDA:0,log
FN:361,log
FNDA:0,log
FN:365,log
FNDA:0,log
FN:369,log
FNDA:0,log
FN:373,log
FNDA:0,log
FN:377,log
FNDA:0,log
FN:381,log
FNDA:0,log
FN:385,log
FNDA:0,log
FN:389,log
FNDA:0,log
FN:393,log
FNDA:0,log
FN:397,log
FNDA:0,log
FN:401,log
FNDA:0,log
FN:405,log
FNDA:0,log
FN:409,log
FNDA:0,log
FN:413,log
FNDA:0,log
FN:417,log
FNDA:0,log
FN:421,log
FNDA:0,log
FN:425,log
FNDA:0,log
FN:429,log
FNDA:0,log
FN:433,log
FNDA:0,log
FN:437,log
FNDA:0,log
FN:441,log
FNDA:0,log
FN:445,log
FNDA:0,log
FN:449,log
FNDA:0,log
FN:453,log
FNDA:0,log
FN:457,log
FNDA:0,log
FN:461,log
FNDA:0,log
FN:465,log
FNDA:0,log
FN:469,log
FNDA:0,log
FN:473,log
FNDA:0,log
FN:477,log
FNDA:0,log
FN:481,log
FNDA:0,log
FN:485,log
FNDA:0,log
FN:489,log
FNDA:0,log
FN:493,log
FNDA:0,log
FN:497,log
FNDA:0,log
FN:501,log
FNDA:0,log
FN:505,log
FNDA:0,log
FN:509,log
FNDA:0,log
FN:513,log
FNDA:0,log
FN:517,log
FNDA:0,log
FN:521,log
FNDA:0,log
FN:525,log
FNDA:0,log
FN:529,log
FNDA:0,log
FN:533,log
FNDA:0,log
FN:537,log
FNDA:0,log
FN:541,log
FNDA:0,log
FN:545,log
FNDA:0,log
FN:549,log
FNDA:0,log
FN:553,log
FNDA:0,log
FN:557,log
FNDA:0,log
FN:561,log
FNDA:0,log
FN:565,log
FNDA:0,log
FN:569,log
FNDA:0,log
FN:573,log
FNDA:0,log
FN:577,log
FNDA:0,log
FN:581,log
FNDA:0,log
FN:585,log
FNDA:0,log
FN:589,log
FNDA:0,log
FN:593,log
FNDA:0,log
FN:597,log
FNDA:0,log
FN:601,log
FNDA:0,log
FN:605,log
FNDA:0,log
FN:609,log
FNDA:0,log
FN:613,log
FNDA:0,log
FN:617,log
FNDA:0,log
FN:621,log
FNDA:0,log
FN:625,log
FNDA:0,log
FN:629,log
FNDA:0,log
FN:633,log
FNDA:0,log
FN:637,log
FNDA:0,log
FN:641,log
FNDA:0,log
FN:645,log
FNDA:0,log
FN:649,log
FNDA:0,log
FN:653,log
FNDA:0,log
FN:657,log
FNDA:0,log
FN:661,log
FNDA:0,log
FN:665,log
FNDA:0,log
FN:669,log
FNDA:0,log
FN:673,log
FNDA:0,log
FN:677,log
FNDA:0,log
FN:681,log
FNDA:0,log
FN:685,log
FNDA:0,log
FN:689,log
FNDA:0,log
FN:693,log
FNDA:0,log
FN:697,log
FNDA:0,log
FN:701,log
FNDA:0,log
FN:705,log
FNDA:0,log
FN:709,log
FNDA:0,log
FN:713,log
FNDA:0,log
FN:717,log
FNDA:0,log
FN:721,log
FNDA:0,log
FN:725,log
FNDA:0,log
FN:729,log
FNDA:0,log
FN:733,log
FNDA:0,log
FN:737,log
FNDA:0,log
FN:741,log
FNDA:0,log
FN:745,log
FNDA:0,log
FN:749,log
FNDA:0,log
FN:753,log
FNDA:0,log
FN:757,log
FNDA:0,log
FN:761,log
FNDA:0,log
FN:765,log
FNDA:0,log
FN:769,log
FNDA:0,log
FN:773,log
FNDA:0,log
FN:777,log
FNDA:0,log
FN:781,log
FNDA:0,log
FN:785,log
FNDA:0,log
FN:789,log
FNDA:0,log
FN:793,log
FNDA:0,log
FN:797,log
FNDA:0,log
FN:801,log
FNDA:0,log
FN:805,log
FNDA:0,log
FN:809,log
FNDA:0,log
FN:813,log
FNDA:0,log
FN:817,log
FNDA:0,log
FN:821,log
FNDA:0,log
FN:825,log
FNDA:0,log
FN:829,log
FNDA:0,log
FN:833,log
FNDA:0,log
FN:837,log
FNDA:0,log
FN:841,log
FNDA:0,log
FN:845,log
FNDA:0,log
FN:849,log
FNDA:0,log
FN:853,log
FNDA:0,log
FN:857,log
FNDA:0,log
FN:861,log
FNDA:0,log
FN:865,log
FNDA:0,log
FN:869,log
FNDA:0,log
FN:873,log
FNDA:0,log
FN:877,log
FNDA:0,log
FN:881,log
FNDA:0,log
FN:885,log
FNDA:0,log
FN:889,log
FNDA:0,log
FN:893,log
FNDA:0,log
FN:897,log
FNDA:0,log
FN:901,log
FNDA:0,log
FN:905,log
FNDA:0,log
FN:909,log
FNDA:0,log
FN:913,log
FNDA:0,log
FN:917,log
FNDA:0,log
FN:921,log
FNDA:0,log
FN:925,log
FNDA:0,log
FN:929,log
FNDA:0,log
FN:933,log
FNDA:0,log
FN:937,log
FNDA:0,log
FN:941,log
FNDA:0,log
FN:945,log
FNDA:0,log
FN:949,log
FNDA:0,log
FN:953,log
FNDA:0,log
FN:957,log
FNDA:0,log
FN:961,log
FNDA:0,log
FN:965,log
FNDA:0,log
FN:969,log
FNDA:0,log
FN:973,log
FNDA:0,log
FN:977,log
FNDA:0,log
FN:981,log
FNDA:0,log
FN:985,log
FNDA:0,log
FN:989,log
FNDA:0,log
FN:993,log
FNDA:0,log
FN:997,log
FNDA:0,log
FN:1001,log
FNDA:0,log
FN:1005,log
FNDA:0,log
FN:1009,log
FNDA:0,log
FN:1013,log
FNDA:0,log
FN:1017,log
FNDA:0,log
FN:1021,log
FNDA:0,log
FN:1025,log
FNDA:0,log
FN:1029,log
FNDA:0,log
FN:1033,log
FNDA:0,log
FN:1037,log
FNDA:0,log
FN:1041,log
FNDA:0,log
FN:1045,log
FNDA:0,log
FN:1049,log
FNDA:0,log
FN:1053,log
FNDA:0,log
FN:1057,log
FNDA:0,log
FN:1061,log
FNDA:0,log
FN:1065,log
FNDA:0,log
FN:1069,log
FNDA:0,log
FN:1073,log
FNDA:0,log
FN:1077,log
FNDA:0,log
FN:1081,log
FNDA:0,log
FN:1085,log
FNDA:0,log
FN:1089,log
FNDA:0,log
FN:1093,log
FNDA:0,log
FN:1097,log
FNDA:0,log
FN:1101,log
FNDA:0,log
FN:1105,log
FNDA:0,log
FN:1109,log
FNDA:0,log
FN:1113,log
FNDA:0,log
FN:1117,log
FNDA:0,log
FN:1121,log
FNDA:0,log
FN:1125,log
FNDA:0,log
FN:1129,log
FNDA:0,log
FN:1133,log
FNDA:0,log
FN:1137,log
FNDA:0,log
FN:1141,log
FNDA:0,log
FN:1145,log
FNDA:0,log
FN:1149,log
FNDA:0,log
FN:1153,log
FNDA:0,log
FN:1157,log
FNDA:0,log
FN:1161,log
FNDA:0,log
FN:1165,log
FNDA:0,log
FN:1169,log
FNDA:0,log
FN:1173,log
FNDA:0,log
FN:1177,log
FNDA:0,log
FN:1181,log
FNDA:0,log
FN:1185,log
FNDA:0,log
FN:1189,log
FNDA:0,log
FN:1193,log
FNDA:0,log
FN:1197,log
FNDA:0,log
FN:1201,log
FNDA:0,log
FN:1205,log
FNDA:0,log
FN:1209,log
FNDA:0,log
FN:1213,log
FNDA:0,log
FN:1217,log
FNDA:0,log
FN:1221,log
FNDA:0,log
FN:1225,log
FNDA:0,log
FN:1229,log
FNDA:0,log
FN:1233,log
FNDA:0,log
FN:1237,log
FNDA:0,log
FN:1241,log
FNDA:0,log
FN:1245,log
FNDA:0,log
FN:1249,log
FNDA:0,log
FN:1253,log
FNDA:0,log
FN:1257,log
FNDA:0,log
FN:1261,log
FNDA:0,log
FN:1265,log
FNDA:0,log
FN:1269,log
FNDA:0,log
FN:1273,log
FNDA:0,log
FN:1277,log
FNDA:0,log
FN:1281,log
FNDA:0,log
FN:1285,log
FNDA:0,log
FN:1289,log
FNDA:0,log
FN:1293,log
FNDA:0,log
FN:1297,log
FNDA:0,log
FN:1301,log
FNDA:0,log
FN:1305,log
FNDA:0,log
FN:1309,log
FNDA:0,log
FN:1313,log
FNDA:0,log
FN:1317,log
FNDA:0,log
FN:1321,log
FNDA:0,log
FN:1325,log
FNDA:0,log
FN:1329,log
FNDA:0,log
FN:1333,log
FNDA:0,log
FN:1337,log
FNDA:0,log
FN:1341,log
FNDA:0,log
FN:1345,log
FNDA:0,log
FN:1349,log
FNDA:0,log
FN:1353,log
FNDA:0,log
FN:1357,log
FNDA:0,log
FN:1361,log
FNDA:0,log
FN:1365,log
FNDA:0,log
FN:1369,log
FNDA:0,log
FN:1373,log
FNDA:0,log
FN:1377,log
FNDA:0,log
FN:1381,log
FNDA:0,log
FN:1385,log
FNDA:0,log
FN:1389,log
FNDA:0,log
FN:1393,log
FNDA:0,log
FN:1397,log
FNDA:0,log
FN:1401,log
FNDA:0,log
FN:1405,log
FNDA:0,log
FN:1409,log
FNDA:0,log
FN:1413,log
FNDA:0,log
FN:1417,log
FNDA:0,log
FN:1421,log
FNDA:0,log
FN:1425,log
FNDA:0,log
FN:1429,log
FNDA:0,log
FN:1433,log
FNDA:0,log
FN:1437,log
FNDA:0,log
FN:1441,log
FNDA:0,log
FN:1445,log
FNDA:0,log
FN:1449,log
FNDA:0,log
FN:1453,log
FNDA:0,log
FN:1457,log
FNDA:0,log
FN:1461,log
FNDA:0,log
FN:1465,log
FNDA:0,log
FN:1469,log
FNDA:0,log
FN:1473,log
FNDA:0,log
FN:1477,log
FNDA:0,log
FN:1481,log
FNDA:0,log
FN:1485,log
FNDA:0,log
FN:1489,log
FNDA:0,log
FN:1493,log
FNDA:0,log
FN:1497,log
FNDA:0,log
FN:1501,log
FNDA:0,log
FN:1505,log
FNDA:0,log
FN:1509,log
FNDA:0,log
FN:1513,log
FNDA:0,log
FN:1517,log
FNDA:0,log
FN:1521,log
FNDA:0,log
FN:1525,log
FNDA:0,log
FN:1529,log
FNDA:0,log
FN:1533,log
FNDA:0,log
FN:1537,log
FNDA:0,log
FN:1541,log
FNDA:0,log
FN:1545,log
FNDA:0,log
FN:1549,log
FNDA:0,log
FN:1553,log
FNDA:0,log
FN:1557,log
FNDA:0,log
end_of_record
SF:/private/var/folders/gc/k2l60lnx7d59j65323br2fr40000gn/T/cpredict-medusa.PRuXJ5/repo/lib/forge-std/src/console2.sol
end_of_record
SF:/private/var/folders/gc/k2l60lnx7d59j65323br2fr40000gn/T/cpredict-medusa.PRuXJ5/repo/lib/forge-std/src/interfaces/IMulticall3.sol
end_of_record
SF:/private/var/folders/gc/k2l60lnx7d59j65323br2fr40000gn/T/cpredict-medusa.PRuXJ5/repo/lib/forge-std/src/safeconsole.sol
DA:6,30
FN:11,_sendLogPayload
FNDA:0,_sendLogPayload
FN:21,_sendLogPayloadView
FNDA:0,_sendLogPayloadView
FN:28,_memcopy
FNDA:0,_memcopy
FN:38,_memcopyView
FNDA:0,_memcopyView
FN:45,logMemory
FNDA:0,logMemory
FN:99,log
FNDA:0,log
FN:118,log
FNDA:0,log
FN:137,log
FNDA:0,log
FN:156,log
FNDA:0,log
FN:189,log
FNDA:0,log
FN:212,log
FNDA:0,log
FN:235,log
FNDA:0,log
FN:258,log
FNDA:0,log
FN:295,log
FNDA:0,log
FN:318,log
FNDA:0,log
FN:341,log
FNDA:0,log
FN:364,log
FNDA:0,log
FN:401,log
FNDA:0,log
FN:424,log
FNDA:0,log
FN:447,log
FNDA:0,log
FN:470,log
FNDA:0,log
FN:507,log
FNDA:0,log
FN:544,log
FNDA:0,log
FN:581,log
FNDA:0,log
FN:618,log
FNDA:0,log
FN:662,log
FNDA:0,log
FN:689,log
FNDA:0,log
FN:716,log
FNDA:0,log
FN:743,log
FNDA:0,log
FN:784,log
FNDA:0,log
FN:811,log
FNDA:0,log
FN:838,log
FNDA:0,log
FN:865,log
FNDA:0,log
FN:906,log
FNDA:0,log
FN:933,log
FNDA:0,log
FN:960,log
FNDA:0,log
FN:987,log
FNDA:0,log
FN:1028,log
FNDA:0,log
FN:1069,log
FNDA:0,log
FN:1110,log
FNDA:0,log
FN:1151,log
FNDA:0,log
FN:1199,log
FNDA:0,log
FN:1226,log
FNDA:0,log
FN:1253,log
FNDA:0,log
FN:1280,log
FNDA:0,log
FN:1321,log
FNDA:0,log
FN:1348,log
FNDA:0,log
FN:1375,log
FNDA:0,log
FN:1402,log
FNDA:0,log
FN:1443,log
FNDA:0,log
FN:1470,log
FNDA:0,log
FN:1497,log
FNDA:0,log
FN:1524,log
FNDA:0,log
FN:1565,log
FNDA:0,log
FN:1606,log
FNDA:0,log
FN:1647,log
FNDA:0,log
FN:1688,log
FNDA:0,log
FN:1736,log
FNDA:0,log
FN:1763,log
FNDA:0,log
FN:1790,log
FNDA:0,log
FN:1817,log
FNDA:0,log
FN:1858,log
FNDA:0,log
FN:1885,log
FNDA:0,log
FN:1912,log
FNDA:0,log
FN:1939,log
FNDA:0,log
FN:1980,log
FNDA:0,log
FN:2007,log
FNDA:0,log
FN:2034,log
FNDA:0,log
FN:2061,log
FNDA:0,log
FN:2102,log
FNDA:0,log
FN:2143,log
FNDA:0,log
FN:2184,log
FNDA:0,log
FN:2225,log
FNDA:0,log
FN:2273,log
FNDA:0,log
FN:2314,log
FNDA:0,log
FN:2355,log
FNDA:0,log
FN:2396,log
FNDA:0,log
FN:2444,log
FNDA:0,log
FN:2485,log
FNDA:0,log
FN:2526,log
FNDA:0,log
FN:2567,log
FNDA:0,log
FN:2615,log
FNDA:0,log
FN:2656,log
FNDA:0,log
FN:2697,log
FNDA:0,log
FN:2738,log
FNDA:0,log
FN:2786,log
FNDA:0,log
FN:2834,log
FNDA:0,log
FN:2882,log
FNDA:0,log
FN:2930,log
FNDA:0,log
FN:2985,log
FNDA:0,log
FN:3016,log
FNDA:0,log
FN:3047,log
FNDA:0,log
FN:3078,log
FNDA:0,log
FN:3123,log
FNDA:0,log
FN:3154,log
FNDA:0,log
FN:3185,log
FNDA:0,log
FN:3216,log
FNDA:0,log
FN:3261,log
FNDA:0,log
FN:3292,log
FNDA:0,log
FN:3323,log
FNDA:0,log
FN:3354,log
FNDA:0,log
FN:3399,log
FNDA:0,log
FN:3444,log
FNDA:0,log
FN:3489,log
FNDA:0,log
FN:3534,log
FNDA:0,log
FN:3586,log
FNDA:0,log
FN:3617,log
FNDA:0,log
FN:3648,log
FNDA:0,log
FN:3679,log
FNDA:0,log
FN:3724,log
FNDA:0,log
FN:3755,log
FNDA:0,log
FN:3786,log
FNDA:0,log
FN:3817,log
FNDA:0,log
FN:3862,log
FNDA:0,log
FN:3893,log
FNDA:0,log
FN:3924,log
FNDA:0,log
FN:3955,log
FNDA:0,log
FN:4000,log
FNDA:0,log
FN:4045,log
FNDA:0,log
FN:4090,log
FNDA:0,log
FN:4135,log
FNDA:0,log
FN:4187,log
FNDA:0,log
FN:4218,log
FNDA:0,log
FN:4249,log
FNDA:0,log
FN:4280,log
FNDA:0,log
FN:4325,log
FNDA:0,log
FN:4356,log
FNDA:0,log
FN:4387,log
FNDA:0,log
FN:4418,log
FNDA:0,log
FN:4463,log
FNDA:0,log
FN:4494,log
FNDA:0,log
FN:4525,log
FNDA:0,log
FN:4556,log
FNDA:0,log
FN:4601,log
FNDA:0,log
FN:4646,log
FNDA:0,log
FN:4691,log
FNDA:0,log
FN:4736,log
FNDA:0,log
FN:4788,log
FNDA:0,log
FN:4833,log
FNDA:0,log
FN:4878,log
FNDA:0,log
FN:4923,log
FNDA:0,log
FN:4975,log
FNDA:0,log
FN:5020,log
FNDA:0,log
FN:5065,log
FNDA:0,log
FN:5110,log
FNDA:0,log
FN:5162,log
FNDA:0,log
FN:5207,log
FNDA:0,log
FN:5252,log
FNDA:0,log
FN:5297,log
FNDA:0,log
FN:5349,log
FNDA:0,log
FN:5401,log
FNDA:0,log
FN:5453,log
FNDA:0,log
FN:5505,log
FNDA:0,log
FN:5564,log
FNDA:0,log
FN:5595,log
FNDA:0,log
FN:5626,log
FNDA:0,log
FN:5657,log
FNDA:0,log
FN:5702,log
FNDA:0,log
FN:5733,log
FNDA:0,log
FN:5764,log
FNDA:0,log
FN:5795,log
FNDA:0,log
FN:5840,log
FNDA:0,log
FN:5871,log
FNDA:0,log
FN:5902,log
FNDA:0,log
FN:5933,log
FNDA:0,log
FN:5978,log
FNDA:0,log
FN:6023,log
FNDA:0,log
FN:6068,log
FNDA:0,log
FN:6113,log
FNDA:0,log
FN:6165,log
FNDA:0,log
FN:6196,log
FNDA:0,log
FN:6227,log
FNDA:0,log
FN:6258,log
FNDA:0,log
FN:6303,log
FNDA:0,log
FN:6334,log
FNDA:0,log
FN:6365,log
FNDA:0,log
FN:6396,log
FNDA:0,log
FN:6441,log
FNDA:0,log
FN:6472,log
FNDA:0,log
FN:6503,log
FNDA:0,log
FN:6534,log
FNDA:0,log
FN:6579,log
FNDA:0,log
FN:6624,log
FNDA:0,log
FN:6669,log
FNDA:0,log
FN:6714,log
FNDA:0,log
FN:6766,log
FNDA:0,log
FN:6797,log
FNDA:0,log
FN:6828,log
FNDA:0,log
FN:6859,log
FNDA:0,log
FN:6904,log
FNDA:0,log
FN:6935,log
FNDA:0,log
FN:6966,log
FNDA:0,log
FN:6997,log
FNDA:0,log
FN:7042,log
FNDA:0,log
FN:7073,log
FNDA:0,log
FN:7104,log
FNDA:0,log
FN:7135,log
FNDA:0,log
FN:7180,log
FNDA:0,log
FN:7225,log
FNDA:0,log
FN:7270,log
FNDA:0,log
FN:7315,log
FNDA:0,log
FN:7367,log
FNDA:0,log
FN:7412,log
FNDA:0,log
FN:7457,log
FNDA:0,log
FN:7502,log
FNDA:0,log
FN:7554,log
FNDA:0,log
FN:7599,log
FNDA:0,log
FN:7644,log
FNDA:0,log
FN:7689,log
FNDA:0,log
FN:7741,log
FNDA:0,log
FN:7786,log
FNDA:0,log
FN:7831,log
FNDA:0,log
FN:7876,log
FNDA:0,log
FN:7928,log
FNDA:0,log
FN:7980,log
FNDA:0,log
FN:8032,log
FNDA:0,log
FN:8084,log
FNDA:0,log
FN:8143,log
FNDA:0,log
FN:8174,log
FNDA:0,log
FN:8205,log
FNDA:0,log
FN:8236,log
FNDA:0,log
FN:8281,log
FNDA:0,log
FN:8312,log
FNDA:0,log
FN:8343,log
FNDA:0,log
FN:8374,log
FNDA:0,log
FN:8419,log
FNDA:0,log
FN:8450,log
FNDA:0,log
FN:8481,log
FNDA:0,log
FN:8512,log
FNDA:0,log
FN:8557,log
FNDA:0,log
FN:8602,log
FNDA:0,log
FN:8647,log
FNDA:0,log
FN:8692,log
FNDA:0,log
FN:8744,log
FNDA:0,log
FN:8775,log
FNDA:0,log
FN:8806,log
FNDA:0,log
FN:8837,log
FNDA:0,log
FN:8882,log
FNDA:0,log
FN:8913,log
FNDA:0,log
FN:8944,log
FNDA:0,log
FN:8975,log
FNDA:0,log
FN:9020,log
FNDA:0,log
FN:9051,log
FNDA:0,log
FN:9082,log
FNDA:0,log
FN:9113,log
FNDA:0,log
FN:9158,log
FNDA:0,log
FN:9203,log
FNDA:0,log
FN:9248,log
FNDA:0,log
FN:9293,log
FNDA:0,log
FN:9345,log
FNDA:0,log
FN:9376,log
FNDA:0,log
FN:9407,log
FNDA:0,log
FN:9438,log
FNDA:0,log
FN:9483,log
FNDA:0,log
FN:9514,log
FNDA:0,log
FN:9545,log
FNDA:0,log
FN:9576,log
FNDA:0,log
FN:9621,log
FNDA:0,log
FN:9652,log
FNDA:0,log
FN:9683,log
FNDA:0,log
FN:9714,log
FNDA:0,log
FN:9759,log
FNDA:0,log
FN:9804,log
FNDA:0,log
FN:9849,log
FNDA:0,log
FN:9894,log
FNDA:0,log
FN:9946,log
FNDA:0,log
FN:9991,log
FNDA:0,log
FN:10036,log
FNDA:0,log
FN:10081,log
FNDA:0,log
FN:10133,log
FNDA:0,log
FN:10178,log
FNDA:0,log
FN:10223,log
FNDA:0,log
FN:10268,log
FNDA:0,log
FN:10320,log
FNDA:0,log
FN:10365,log
FNDA:0,log
FN:10410,log
FNDA:0,log
FN:10455,log
FNDA:0,log
FN:10507,log
FNDA:0,log
FN:10559,log
FNDA:0,log
FN:10611,log
FNDA:0,log
FN:10663,log
FNDA:0,log
FN:10722,log
FNDA:0,log
FN:10767,log
FNDA:0,log
FN:10812,log
FNDA:0,log
FN:10857,log
FNDA:0,log
FN:10909,log
FNDA:0,log
FN:10954,log
FNDA:0,log
FN:10999,log
FNDA:0,log
FN:11044,log
FNDA:0,log
FN:11096,log
FNDA:0,log
FN:11141,log
FNDA:0,log
FN:11186,log
FNDA:0,log
FN:11231,log
FNDA:0,log
FN:11283,log
FNDA:0,log
FN:11335,log
FNDA:0,log
FN:11387,log
FNDA:0,log
FN:11439,log
FNDA:0,log
FN:11498,log
FNDA:0,log
FN:11543,log
FNDA:0,log
FN:11588,log
FNDA:0,log
FN:11633,log
FNDA:0,log
FN:11685,log
FNDA:0,log
FN:11730,log
FNDA:0,log
FN:11775,log
FNDA:0,log
FN:11820,log
FNDA:0,log
FN:11872,log
FNDA:0,log
FN:11917,log
FNDA:0,log
FN:11962,log
FNDA:0,log
FN:12007,log
FNDA:0,log
FN:12059,log
FNDA:0,log
FN:12111,log
FNDA:0,log
FN:12163,log
FNDA:0,log
FN:12215,log
FNDA:0,log
FN:12274,log
FNDA:0,log
FN:12319,log
FNDA:0,log
FN:12364,log
FNDA:0,log
FN:12409,log
FNDA:0,log
FN:12461,log
FNDA:0,log
FN:12506,log
FNDA:0,log
FN:12551,log
FNDA:0,log
FN:12596,log
FNDA:0,log
FN:12648,log
FNDA:0,log
FN:12693,log
FNDA:0,log
FN:12738,log
FNDA:0,log
FN:12783,log
FNDA:0,log
FN:12835,log
FNDA:0,log
FN:12887,log
FNDA:0,log
FN:12939,log
FNDA:0,log
FN:12991,log
FNDA:0,log
FN:13050,log
FNDA:0,log
FN:13102,log
FNDA:0,log
FN:13154,log
FNDA:0,log
FN:13206,log
FNDA:0,log
FN:13265,log
FNDA:0,log
FN:13317,log
FNDA:0,log
FN:13369,log
FNDA:0,log
FN:13421,log
FNDA:0,log
FN:13480,log
FNDA:0,log
FN:13532,log
FNDA:0,log
FN:13584,log
FNDA:0,log
FN:13636,log
FNDA:0,log
FN:13695,log
FNDA:0,log
FN:13754,log
FNDA:0,log
FN:13813,log
FNDA:0,log
FN:13872,log
FNDA:0,log
end_of_record
SF:/private/var/folders/gc/k2l60lnx7d59j65323br2fr40000gn/T/cpredict-medusa.PRuXJ5/repo/lib/openzeppelin-contracts/contracts/access/AccessControl.sol
DA:57,0
DA:70,0
DA:77,0
DA:85,0
DA:93,0
DA:94,0
DA:105,0
DA:120,0
DA:121,0
DA:135,0
DA:136,0
DA:155,0
DA:156,0
DA:159,0
DA:182,0
DA:183,0
DA:184,0
DA:186,0
DA:200,0
DA:201,0
FN:69,supportsInterface
FNDA:0,supportsInterface
FN:76,hasRole
FNDA:0,hasRole
FN:84,_checkRole
FNDA:0,_checkRole
FN:92,_checkRole
FNDA:0,_checkRole
FN:104,getRoleAdmin
FNDA:0,getRoleAdmin
FN:120,grantRole
FNDA:0,grantRole
FN:135,revokeRole
FNDA:0,revokeRole
FN:154,renounceRole
FNDA:0,renounceRole
FN:167,_setRoleAdmin
FNDA:0,_setRoleAdmin
FN:180,_grantRole
FNDA:0,_grantRole
FN:197,_revokeRole
FNDA:0,_revokeRole
end_of_record
SF:/private/var/folders/gc/k2l60lnx7d59j65323br2fr40000gn/T/cpredict-medusa.PRuXJ5/repo/lib/openzeppelin-contracts/contracts/access/IAccessControl.sol
end_of_record
SF:/private/var/folders/gc/k2l60lnx7d59j65323br2fr40000gn/T/cpredict-medusa.PRuXJ5/repo/lib/openzeppelin-contracts/contracts/governance/TimelockController.sol
DA:25,0
DA:26,0
DA:27,0
DA:28,0
DA:117,0
DA:121,0
DA:125,0
DA:126,0
DA:127,0
DA:131,0
DA:132,0
DA:135,0
DA:136,0
DA:146,0
DA:147,0
DA:169,0
DA:176,0
DA:177,0
DA:184,0
DA:191,0
DA:199,0
DA:207,0
DA:208,0
DA:209,0
DA:210,0
DA:211,0
DA:212,0
DA:214,0
DA:224,0
DA:238,0
DA:252,0
DA:272,0
DA:273,0
DA:274,0
DA:275,0
DA:297,0
DA:298,0
DA:301,0
DA:302,0
DA:303,0
DA:304,0
DA:306,0
DA:307,0
DA:315,0
DA:316,0
DA:319,0
DA:320,0
DA:322,0
DA:333,0
DA:336,0
DA:341,0
DA:363,0
DA:365,0
DA:366,0
DA:367,0
DA:368,0
DA:390,0
DA:391,0
DA:394,0
DA:396,0
DA:397,0
DA:398,0
DA:399,0
DA:400,0
DA:401,0
DA:402,0
DA:404,0
DA:411,0
DA:412,0
DA:419,0
DA:420,0
DA:422,0
DA:423,0
DA:431,0
DA:449,0
DA:450,0
DA:452,0
FN:158,supportsInterface
FNDA:0,supportsInterface
FN:168,isOperation
FNDA:0,isOperation
FN:175,isOperationPending
FNDA:0,isOperationPending
FN:183,isOperationReady
FNDA:0,isOperationReady
FN:190,isOperationDone
FNDA:0,isOperationDone
FN:198,getTimestamp
FNDA:0,getTimestamp
FN:205,getOperationState
FNDA:0,getOperationState
FN:223,getMinDelay
FNDA:0,getMinDelay
FN:231,hashOperation
FNDA:0,hashOperation
FN:245,hashOperationBatch
FNDA:0,hashOperationBatch
FN:264,schedule
FNDA:0,schedule
FN:289,scheduleBatch
FNDA:0,scheduleBatch
FN:314,_schedule
FNDA:0,_schedule
FN:332,cancel
FNDA:0,cancel
FN:356,execute
FNDA:0,execute
FN:383,executeBatch
FNDA:0,executeBatch
FN:410,_execute
FNDA:0,_execute
FN:418,_beforeCall
FNDA:0,_beforeCall
FN:430,_afterCall
FNDA:0,_afterCall
FN:447,updateDelay
FNDA:0,updateDelay
FN:467,_encodeStateBitmap
FNDA:0,_encodeStateBitmap
end_of_record
SF:/private/var/folders/gc/k2l60lnx7d59j65323br2fr40000gn/T/cpredict-medusa.PRuXJ5/repo/lib/openzeppelin-contracts/contracts/interfaces/IERC1363.sol
end_of_record
SF:/private/var/folders/gc/k2l60lnx7d59j65323br2fr40000gn/T/cpredict-medusa.PRuXJ5/repo/lib/openzeppelin-contracts/contracts/interfaces/IERC165.sol
end_of_record
SF:/private/var/folders/gc/k2l60lnx7d59j65323br2fr40000gn/T/cpredict-medusa.PRuXJ5/repo/lib/openzeppelin-contracts/contracts/interfaces/IERC20.sol
end_of_record
SF:/private/var/folders/gc/k2l60lnx7d59j65323br2fr40000gn/T/cpredict-medusa.PRuXJ5/repo/lib/openzeppelin-contracts/contracts/interfaces/IERC20Metadata.sol
end_of_record
SF:/private/var/folders/gc/k2l60lnx7d59j65323br2fr40000gn/T/cpredict-medusa.PRuXJ5/repo/lib/openzeppelin-contracts/contracts/interfaces/IERC5267.sol
end_of_record
SF:/private/var/folders/gc/k2l60lnx7d59j65323br2fr40000gn/T/cpredict-medusa.PRuXJ5/repo/lib/openzeppelin-contracts/contracts/interfaces/draft-IERC6093.sol
end_of_record
SF:/private/var/folders/gc/k2l60lnx7d59j65323br2fr40000gn/T/cpredict-medusa.PRuXJ5/repo/lib/openzeppelin-contracts/contracts/proxy/Clones.sol
DA:20,30
DA:95,0
DA:98,0
DA:106,0
DA:107,0
DA:119,0
FN:32,clone
FNDA:0,clone
FN:47,clone
FNDA:0,clone
FN:75,cloneDeterministic
FNDA:0,cloneDeterministic
FN:90,cloneDeterministic
FNDA:0,cloneDeterministic
FN:114,predictDeterministicAddress
FNDA:0,predictDeterministicAddress
FN:134,predictDeterministicAddress
FNDA:0,predictDeterministicAddress
FN:152,cloneWithImmutableArgs
FNDA:0,cloneWithImmutableArgs
FN:167,cloneWithImmutableArgs
FNDA:0,cloneWithImmutableArgs
FN:197,cloneDeterministicWithImmutableArgs
FNDA:0,cloneDeterministicWithImmutableArgs
FN:216,cloneDeterministicWithImmutableArgs
FNDA:0,cloneDeterministicWithImmutableArgs
FN:229,predictDeterministicAddressWithImmutableArgs
FNDA:0,predictDeterministicAddressWithImmutableArgs
FN:242,predictDeterministicAddressWithImmutableArgs
FNDA:0,predictDeterministicAddressWithImmutableArgs
FN:261,fetchCloneArgs
FNDA:0,fetchCloneArgs
FN:279,_cloneCodeWithImmutableArgs
FNDA:0,_cloneCodeWithImmutableArgs
end_of_record
SF:/private/var/folders/gc/k2l60lnx7d59j65323br2fr40000gn/T/cpredict-medusa.PRuXJ5/repo/lib/openzeppelin-contracts/contracts/token/ERC1155/ERC1155.sol
DA:40,0
DA:41,0
DA:56,0
DA:61,13959
DA:75,0
DA:76,0
DA:81,0
DA:82,0
DA:95,0
DA:100,1196
DA:112,0
DA:118,1196
DA:119,0
DA:138,7965
DA:139,0
DA:144,15930
DA:149,4669
DA:150,4669
DA:151,0
DA:155,4669
DA:160,4492
DA:164,7965
DA:167,7965
DA:169,0
DA:213,1196
DA:220,3296
DA:238,0
DA:239,0
DA:241,1196
DA:242,0
DA:244,1196
DA:245,1196
DA:266,0
DA:269,0
DA:295,1
DA:310,3296
DA:313,3296
DA:347,3473
DA:350,3473
DA:383,0
DA:384,0
DA:386,0
DA:387,0
DA:389,0
DA:390,0
DA:400,3473
FN:38,supportsInterface
FNDA:0,supportsInterface
FN:55,uri
FNDA:0,uri
FN:60,balanceOf
FNDA:1,balanceOf
FN:71,balanceOfBatch
FNDA:0,balanceOfBatch
FN:89,setApprovalForAll
FNDA:0,setApprovalForAll
FN:94,isApprovedForAll
FNDA:0,isApprovedForAll
FN:99,safeTransferFrom
FNDA:1,safeTransferFrom
FN:105,safeBatchTransferFrom
FNDA:0,safeBatchTransferFrom
FN:117,_checkAuthorized
FNDA:1,_checkAuthorized
FN:137,_update
FNDA:1,_update
FN:185,_updateWithAcceptanceCheck
FNDA:0,_updateWithAcceptanceCheck
FN:204,_updateWithAcceptanceCheck
FNDA:1,_updateWithAcceptanceCheck
FN:237,_safeTransferFrom
FNDA:1,_safeTransferFrom
FN:259,_safeBatchTransferFrom
FNDA:0,_safeBatchTransferFrom
FN:294,_setURI
FNDA:1,_setURI
FN:309,_mint
FNDA:1,_mint
FN:329,_mintBatch
FNDA:0,_mintBatch
FN:346,_burn
FNDA:1,_burn
FN:365,_burnBatch
FNDA:0,_burnBatch
FN:382,_setApprovalForAll
FNDA:0,_setApprovalForAll
FN:396,_asSingletonArrays
FNDA:1,_asSingletonArrays
end_of_record
SF:/private/var/folders/gc/k2l60lnx7d59j65323br2fr40000gn/T/cpredict-medusa.PRuXJ5/repo/lib/openzeppelin-contracts/contracts/token/ERC1155/IERC1155.sol
end_of_record
SF:/private/var/folders/gc/k2l60lnx7d59j65323br2fr40000gn/T/cpredict-medusa.PRuXJ5/repo/lib/openzeppelin-contracts/contracts/token/ERC1155/IERC1155Receiver.sol
end_of_record
SF:/private/var/folders/gc/k2l60lnx7d59j65323br2fr40000gn/T/cpredict-medusa.PRuXJ5/repo/lib/openzeppelin-contracts/contracts/token/ERC1155/extensions/ERC1155Supply.sol
DA:32,3473
DA:46,0
DA:56,3473
DA:58,3296
DA:59,0
DA:60,6592
DA:63,3296
DA:64,3296
DA:67,3473
DA:70,3473
DA:71,0
DA:72,6946
DA:77,3473
DA:84,3473
FN:31,totalSupply
FNDA:1,totalSupply
FN:38,totalSupply
FNDA:0,totalSupply
FN:45,exists
FNDA:0,exists
FN:50,_update
FNDA:1,_update
end_of_record
SF:/private/var/folders/gc/k2l60lnx7d59j65323br2fr40000gn/T/cpredict-medusa.PRuXJ5/repo/lib/openzeppelin-contracts/contracts/token/ERC1155/extensions/IERC1155MetadataURI.sol
end_of_record
SF:/private/var/folders/gc/k2l60lnx7d59j65323br2fr40000gn/T/cpredict-medusa.PRuXJ5/repo/lib/openzeppelin-contracts/contracts/token/ERC1155/utils/ERC1155Holder.sol
DA:20,0
FN:19,supportsInterface
FNDA:0,supportsInterface
FN:23,onERC1155Received
FNDA:0,onERC1155Received
FN:33,onERC1155BatchReceived
FNDA:0,onERC1155BatchReceived
end_of_record
SF:/private/var/folders/gc/k2l60lnx7d59j65323br2fr40000gn/T/cpredict-medusa.PRuXJ5/repo/lib/openzeppelin-contracts/contracts/token/ERC1155/utils/ERC1155Utils.sol
DA:16,30
DA:33,4492
DA:34,4492
DA:35,4492
DA:39,0
DA:68,0
DA:69,4492
DA:72,0
DA:74,0
DA:77,0
DA:79,0
DA:81,0
FN:25,checkOnERC1155Received
FNDA:1,checkOnERC1155Received
FN:60,checkOnERC1155BatchReceived
FNDA:1,checkOnERC1155BatchReceived
end_of_record
SF:/private/var/folders/gc/k2l60lnx7d59j65323br2fr40000gn/T/cpredict-medusa.PRuXJ5/repo/lib/openzeppelin-contracts/contracts/token/ERC20/ERC20.sol
DA:45,1
DA:46,1
DA:53,0
DA:83,0
DA:101,20605
DA:145,3297
DA:160,20605
DA:161,0
DA:163,20605
DA:164,0
DA:166,0
DA:177,0
DA:179,5
DA:182,20605
DA:183,0
DA:191,0
DA:194,0
DA:203,20605
DA:215,5
DA:216,0
DA:218,0
DA:274,5
DA:275,0
DA:277,5
DA:278,0
DA:282,5
DA:296,3297
DA:297,0
DA:298,0
FN:52,name
FNDA:0,name
FN:60,symbol
FNDA:0,symbol
FN:77,decimals
FNDA:0,decimals
FN:82,totalSupply
FNDA:0,totalSupply
FN:87,balanceOf
FNDA:0,balanceOf
FN:99,transfer
FNDA:1,transfer
FN:106,allowance
FNDA:0,allowance
FN:120,approve
FNDA:0,approve
FN:142,transferFrom
FNDA:1,transferFrom
FN:159,_transfer
FNDA:1,_transfer
FN:176,_update
FNDA:1,_update
FN:214,_mint
FNDA:1,_mint
FN:229,_burn
FNDA:0,_burn
FN:251,_approve
FNDA:0,_approve
FN:273,_approve
FNDA:1,_approve
FN:294,_spendAllowance
FNDA:1,_spendAllowance
end_of_record
SF:/private/var/folders/gc/k2l60lnx7d59j65323br2fr40000gn/T/cpredict-medusa.PRuXJ5/repo/lib/openzeppelin-contracts/contracts/token/ERC20/IERC20.sol
end_of_record
SF:/private/var/folders/gc/k2l60lnx7d59j65323br2fr40000gn/T/cpredict-medusa.PRuXJ5/repo/lib/openzeppelin-contracts/contracts/token/ERC20/extensions/IERC20Metadata.sol
end_of_record
SF:/private/var/folders/gc/k2l60lnx7d59j65323br2fr40000gn/T/cpredict-medusa.PRuXJ5/repo/lib/openzeppelin-contracts/contracts/token/ERC20/utils/SafeERC20.sol
DA:19,30
DA:35,7658
DA:36,0
DA:45,3296
DA:46,0
DA:189,7658
DA:191,7658
DA:231,0
DA:233,3296
FN:34,safeTransfer
FNDA:1,safeTransfer
FN:44,safeTransferFrom
FNDA:1,safeTransferFrom
FN:53,trySafeTransfer
FNDA:0,trySafeTransfer
FN:60,trySafeTransferFrom
FNDA:0,trySafeTransferFrom
FN:73,safeIncreaseAllowance
FNDA:0,safeIncreaseAllowance
FN:87,safeDecreaseAllowance
FNDA:0,safeDecreaseAllowance
FN:106,forceApprove
FNDA:0,forceApprove
FN:120,transferAndCallRelaxed
FNDA:0,transferAndCallRelaxed
FN:135,transferFromAndCallRelaxed
FNDA:0,transferFromAndCallRelaxed
FN:160,approveAndCallRelaxed
FNDA:0,approveAndCallRelaxed
FN:169,tryGetDecimals
FNDA:0,tryGetDecimals
FN:188,_safeTransfer
FNDA:1,_safeTransfer
FN:224,_safeTransferFrom
FNDA:1,_safeTransferFrom
FN:267,_safeApprove
FNDA:0,_safeApprove
end_of_record
SF:/private/var/folders/gc/k2l60lnx7d59j65323br2fr40000gn/T/cpredict-medusa.PRuXJ5/repo/lib/openzeppelin-contracts/contracts/token/ERC721/IERC721Receiver.sol
end_of_record
SF:/private/var/folders/gc/k2l60lnx7d59j65323br2fr40000gn/T/cpredict-medusa.PRuXJ5/repo/lib/openzeppelin-contracts/contracts/token/ERC721/utils/ERC721Holder.sol
FN:23,onERC721Received
FNDA:0,onERC721Received
end_of_record
SF:/private/var/folders/gc/k2l60lnx7d59j65323br2fr40000gn/T/cpredict-medusa.PRuXJ5/repo/lib/openzeppelin-contracts/contracts/utils/Address.sol
DA:12,30
DA:160,0
DA:161,0
DA:164,0
FN:34,sendValue
FNDA:0,sendValue
FN:66,functionCall
FNDA:0,functionCall
FN:79,functionCallWithValue
FNDA:0,functionCallWithValue
FN:99,functionStaticCall
FNDA:0,functionStaticCall
FN:116,functionDelegateCall
FNDA:0,functionDelegateCall
FN:136,verifyCallResultFromTarget
FNDA:0,verifyCallResultFromTarget
FN:158,verifyCallResult
FNDA:0,verifyCallResult
end_of_record
SF:/private/var/folders/gc/k2l60lnx7d59j65323br2fr40000gn/T/cpredict-medusa.PRuXJ5/repo/lib/openzeppelin-contracts/contracts/utils/Arrays.sol
DA:15,30
DA:793,0
DA:815,7965
FN:32,sort
FNDA:0,sort
FN:43,sort
FNDA:0,sort
FN:61,sort
FNDA:0,sort
FN:72,sort
FNDA:0,sort
FN:90,sort
FNDA:0,sort
FN:101,sort
FNDA:0,sort
FN:115,_quickSort
FNDA:0,_quickSort
FN:150,_begin
FNDA:0,_begin
FN:160,_end
FNDA:0,_end
FN:169,_mload
FNDA:0,_mload
FN:178,_swap
FNDA:0,_swap
FN:188,_castToUint256Array
FNDA:0,_castToUint256Array
FN:195,_castToUint256Array
FNDA:0,_castToUint256Array
FN:202,_castToUint256Comp
FNDA:0,_castToUint256Comp
FN:211,_castToUint256Comp
FNDA:0,_castToUint256Comp
FN:232,findUpperBound
FNDA:0,findUpperBound
FN:268,lowerBound
FNDA:0,lowerBound
FN:302,upperBound
FNDA:0,upperBound
FN:331,lowerBoundMemory
FNDA:0,lowerBoundMemory
FN:360,upperBoundMemory
FNDA:0,upperBoundMemory
FN:392,slice
FNDA:0,slice
FN:402,slice
FNDA:0,slice
FN:422,slice
FNDA:0,slice
FN:432,slice
FNDA:0,slice
FN:452,slice
FNDA:0,slice
FN:462,slice
FNDA:0,slice
FN:482,splice
FNDA:0,splice
FN:493,splice
FNDA:0,splice
FN:515,replace
FNDA:0,replace
FN:534,replace
FNDA:0,replace
FN:564,splice
FNDA:0,splice
FN:575,splice
FNDA:0,splice
FN:597,replace
FNDA:0,replace
FN:616,replace
FNDA:0,replace
FN:646,splice
FNDA:0,splice
FN:657,splice
FNDA:0,splice
FN:679,replace
FNDA:0,replace
FN:698,replace
FNDA:0,replace
FN:727,unsafeAccess
FNDA:0,unsafeAccess
FN:740,unsafeAccess
FNDA:0,unsafeAccess
FN:753,unsafeAccess
FNDA:0,unsafeAccess
FN:766,unsafeAccess
FNDA:0,unsafeAccess
FN:779,unsafeAccess
FNDA:0,unsafeAccess
FN:792,unsafeMemoryAccess
FNDA:0,unsafeMemoryAccess
FN:803,unsafeMemoryAccess
FNDA:0,unsafeMemoryAccess
FN:814,unsafeMemoryAccess
FNDA:1,unsafeMemoryAccess
FN:825,unsafeMemoryAccess
FNDA:0,unsafeMemoryAccess
FN:836,unsafeMemoryAccess
FNDA:0,unsafeMemoryAccess
FN:847,unsafeSetLength
FNDA:0,unsafeSetLength
FN:858,unsafeSetLength
FNDA:0,unsafeSetLength
FN:869,unsafeSetLength
FNDA:0,unsafeSetLength
FN:880,unsafeSetLength
FNDA:0,unsafeSetLength
FN:891,unsafeSetLength
FNDA:0,unsafeSetLength
end_of_record
SF:/private/var/folders/gc/k2l60lnx7d59j65323br2fr40000gn/T/cpredict-medusa.PRuXJ5/repo/lib/openzeppelin-contracts/contracts/utils/Bytes.sol
DA:11,30
FN:19,indexOf
FNDA:0,indexOf
FN:30,indexOf
FNDA:0,indexOf
FN:47,lastIndexOf
FNDA:0,lastIndexOf
FN:58,lastIndexOf
FNDA:0,lastIndexOf
FN:76,slice
FNDA:0,slice
FN:86,slice
FNDA:0,slice
FN:106,splice
FNDA:0,splice
FN:117,splice
FNDA:0,splice
FN:139,replace
FNDA:0,replace
FN:154,replace
FNDA:0,replace
FN:183,concat
FNDA:0,concat
FN:210,toNibbles
FNDA:0,toNibbles
FN:250,equal
FNDA:0,equal
FN:258,reverseBytes32
FNDA:0,reverseBytes32
FN:275,reverseBytes16
FNDA:0,reverseBytes16
FN:286,reverseBytes8
FNDA:0,reverseBytes8
FN:293,reverseBytes4
FNDA:0,reverseBytes4
FN:299,reverseBytes2
FNDA:0,reverseBytes2
FN:307,clz
FNDA:0,clz
FN:323,_unsafeReadBytesOffset
FNDA:0,_unsafeReadBytesOffset
end_of_record
SF:/private/var/folders/gc/k2l60lnx7d59j65323br2fr40000gn/T/cpredict-medusa.PRuXJ5/repo/lib/openzeppelin-contracts/contracts/utils/Comparators.sol
DA:11,30
FN:12,lt
FNDA:0,lt
FN:16,gt
FNDA:0,gt
end_of_record
SF:/private/var/folders/gc/k2l60lnx7d59j65323br2fr40000gn/T/cpredict-medusa.PRuXJ5/repo/lib/openzeppelin-contracts/contracts/utils/Context.sol
DA:18,17308
FN:17,_msgSender
FNDA:1,_msgSender
FN:21,_msgData
FNDA:0,_msgData
FN:25,_contextSuffixLength
FNDA:0,_contextSuffixLength
end_of_record
SF:/private/var/folders/gc/k2l60lnx7d59j65323br2fr40000gn/T/cpredict-medusa.PRuXJ5/repo/lib/openzeppelin-contracts/contracts/utils/Create2.sol
DA:18,30
FN:38,deploy
FNDA:0,deploy
FN:61,computeAddress
FNDA:0,computeAddress
FN:69,computeAddress
FNDA:0,computeAddress
end_of_record
SF:/private/var/folders/gc/k2l60lnx7d59j65323br2fr40000gn/T/cpredict-medusa.PRuXJ5/repo/lib/openzeppelin-contracts/contracts/utils/Errors.sol
DA:14,30
end_of_record
SF:/private/var/folders/gc/k2l60lnx7d59j65323br2fr40000gn/T/cpredict-medusa.PRuXJ5/repo/lib/openzeppelin-contracts/contracts/utils/LowLevelCall.sol
DA:12,30
DA:123,0
FN:14,callNoReturn
FNDA:0,callNoReturn
FN:19,callNoReturn
FNDA:0,callNoReturn
FN:30,callReturn64Bytes
FNDA:0,callReturn64Bytes
FN:38,callReturn64Bytes
FNDA:0,callReturn64Bytes
FN:51,staticcallNoReturn
FNDA:0,staticcallNoReturn
FN:62,staticcallReturn64Bytes
FNDA:0,staticcallReturn64Bytes
FN:74,delegatecallNoReturn
FNDA:0,delegatecallNoReturn
FN:85,delegatecallReturn64Bytes
FNDA:0,delegatecallReturn64Bytes
FN:97,returnDataSize
FNDA:0,returnDataSize
FN:104,returnData
FNDA:0,returnData
FN:114,bubbleRevert
FNDA:0,bubbleRevert
FN:122,bubbleRevert
FNDA:0,bubbleRevert
end_of_record
SF:/private/var/folders/gc/k2l60lnx7d59j65323br2fr40000gn/T/cpredict-medusa.PRuXJ5/repo/lib/openzeppelin-contracts/contracts/utils/Panic.sol
DA:26,30
DA:32,6592
DA:51,0
FN:50,panic
FNDA:0,panic
end_of_record
SF:/private/var/folders/gc/k2l60lnx7d59j65323br2fr40000gn/T/cpredict-medusa.PRuXJ5/repo/lib/openzeppelin-contracts/contracts/utils/ReentrancyGuard.sol
DA:37,1
DA:50,1
DA:51,0
DA:69,0
DA:71,9281
DA:90,0
DA:94,291904
DA:102,5985
DA:113,291904
FN:88,_nonReentrantBeforeView
FNDA:0,_nonReentrantBeforeView
FN:94,_nonReentrantBefore
FNDA:1,_nonReentrantBefore
FN:102,_nonReentrantAfter
FNDA:1,_nonReentrantAfter
FN:112,_reentrancyGuardEntered
FNDA:1,_reentrancyGuardEntered
FN:116,_reentrancyGuardStorageSlot
FNDA:0,_reentrancyGuardStorageSlot
end_of_record
SF:/private/var/folders/gc/k2l60lnx7d59j65323br2fr40000gn/T/cpredict-medusa.PRuXJ5/repo/lib/openzeppelin-contracts/contracts/utils/ShortStrings.sol
DA:40,30
DA:54,0
DA:55,0
DA:57,0
DA:66,0
DA:67,0
DA:78,0
DA:79,0
DA:80,0
FN:52,toShortString
FNDA:0,toShortString
FN:63,toString
FNDA:0,toString
FN:77,byteLength
FNDA:0,byteLength
FN:88,toShortStringWithFallback
FNDA:0,toShortStringWithFallback
FN:100,toStringWithFallback
FNDA:0,toStringWithFallback
FN:115,byteLengthWithFallback
FNDA:0,byteLengthWithFallback
end_of_record
SF:/private/var/folders/gc/k2l60lnx7d59j65323br2fr40000gn/T/cpredict-medusa.PRuXJ5/repo/lib/openzeppelin-contracts/contracts/utils/SlotDerivation.sol
DA:41,30
FN:45,erc7201Slot
FNDA:0,erc7201Slot
FN:55,offset
FNDA:0,offset
FN:64,deriveArray
FNDA:0,deriveArray
FN:74,deriveMapping
FNDA:0,deriveMapping
FN:85,deriveMapping
FNDA:0,deriveMapping
FN:96,deriveMapping
FNDA:0,deriveMapping
FN:107,deriveMapping
FNDA:0,deriveMapping
FN:118,deriveMapping
FNDA:0,deriveMapping
FN:129,deriveMapping
FNDA:0,deriveMapping
FN:144,deriveMapping
FNDA:0,deriveMapping
end_of_record
SF:/private/var/folders/gc/k2l60lnx7d59j65323br2fr40000gn/T/cpredict-medusa.PRuXJ5/repo/lib/openzeppelin-contracts/contracts/utils/StorageSlot.sol
DA:34,30
FN:66,getAddressSlot
FNDA:0,getAddressSlot
FN:75,getBooleanSlot
FNDA:0,getBooleanSlot
FN:84,getBytes32Slot
FNDA:0,getBytes32Slot
FN:93,getUint256Slot
FNDA:0,getUint256Slot
FN:102,getInt256Slot
FNDA:0,getInt256Slot
FN:111,getStringSlot
FNDA:0,getStringSlot
FN:120,getStringSlot
FNDA:0,getStringSlot
FN:129,getBytesSlot
FNDA:0,getBytesSlot
FN:138,getBytesSlot
FNDA:0,getBytesSlot
end_of_record
SF:/private/var/folders/gc/k2l60lnx7d59j65323br2fr40000gn/T/cpredict-medusa.PRuXJ5/repo/lib/openzeppelin-contracts/contracts/utils/Strings.sol
DA:14,30
FN:42,toString
FNDA:0,toString
FN:65,toStringSigned
FNDA:0,toStringSigned
FN:72,toHexString
FNDA:0,toHexString
FN:81,toHexString
FNDA:0,toHexString
FN:100,toHexString
FNDA:0,toHexString
FN:108,toChecksumHexString
FNDA:0,toChecksumHexString
FN:131,toHexString
FNDA:0,toHexString
FN:148,equal
FNDA:0,equal
FN:159,parseUint
FNDA:0,parseUint
FN:171,parseUint
FNDA:0,parseUint
FN:182,tryParseUint
FNDA:0,tryParseUint
FN:192,tryParseUint
FNDA:0,tryParseUint
FN:205,_tryParseUintUncheckedBounds
FNDA:0,_tryParseUintUncheckedBounds
FN:229,parseInt
FNDA:0,parseInt
FN:241,parseInt
FNDA:0,parseInt
FN:253,tryParseInt
FNDA:0,tryParseInt
FN:265,tryParseInt
FNDA:0,tryParseInt
FN:278,_tryParseIntUncheckedBounds
FNDA:0,_tryParseIntUncheckedBounds
FN:307,parseHexUint
FNDA:0,parseHexUint
FN:319,parseHexUint
FNDA:0,parseHexUint
FN:330,tryParseHexUint
FNDA:0,tryParseHexUint
FN:340,tryParseHexUint
FNDA:0,tryParseHexUint
FN:353,_tryParseHexUintUncheckedBounds
FNDA:0,_tryParseHexUintUncheckedBounds
FN:384,parseAddress
FNDA:0,parseAddress
FN:395,parseAddress
FNDA:0,parseAddress
FN:405,tryParseAddress
FNDA:0,tryParseAddress
FN:413,tryParseAddress
FNDA:0,tryParseAddress
FN:433,_tryParseChr
FNDA:0,_tryParseChr
FN:461,escapeJSON
FNDA:0,escapeJSON
FN:513,_unsafeReadBytesOffset
FNDA:0,_unsafeReadBytesOffset
FN:526,_unsafeWriteBytesOffset
FNDA:0,_unsafeWriteBytesOffset
end_of_record
SF:/private/var/folders/gc/k2l60lnx7d59j65323br2fr40000gn/T/cpredict-medusa.PRuXJ5/repo/lib/openzeppelin-contracts/contracts/utils/cryptography/ECDSA.sol
DA:12,30
DA:65,0
DA:71,0
DA:76,0
DA:78,0
DA:185,0
DA:186,0
DA:190,0
DA:191,0
DA:192,0
DA:195,0
FN:61,tryRecover
FNDA:0,tryRecover
FN:85,tryRecoverCalldata
FNDA:0,tryRecoverCalldata
FN:124,recover
FNDA:0,recover
FN:133,recoverCalldata
FNDA:0,recoverCalldata
FN:144,tryRecover
FNDA:0,tryRecover
FN:160,recover
FNDA:0,recover
FN:170,tryRecover
FNDA:0,tryRecover
FN:202,recover
FNDA:0,recover
FN:217,parse
FNDA:0,parse
FN:245,parseCalldata
FNDA:0,parseCalldata
FN:273,_throwError
FNDA:0,_throwError
end_of_record
SF:/private/var/folders/gc/k2l60lnx7d59j65323br2fr40000gn/T/cpredict-medusa.PRuXJ5/repo/lib/openzeppelin-contracts/contracts/utils/cryptography/EIP712.sol
DA:42,0
DA:79,0
DA:80,0
DA:81,0
DA:82,0
DA:84,0
DA:85,0
DA:86,0
DA:93,0
DA:94,0
DA:96,0
DA:101,0
DA:120,0
DA:142,0
DA:143,0
DA:156,0
DA:166,0
FN:92,_domainSeparatorV4
FNDA:0,_domainSeparatorV4
FN:100,_buildDomainSeparator
FNDA:0,_buildDomainSeparator
FN:119,_hashTypedDataV4
FNDA:0,_hashTypedDataV4
FN:124,eip712Domain
FNDA:0,eip712Domain
FN:155,_EIP712Name
FNDA:0,_EIP712Name
FN:165,_EIP712Version
FNDA:0,_EIP712Version
end_of_record
SF:/private/var/folders/gc/k2l60lnx7d59j65323br2fr40000gn/T/cpredict-medusa.PRuXJ5/repo/lib/openzeppelin-contracts/contracts/utils/cryptography/MessageHashUtils.sol
DA:15,30
DA:93,0
FN:32,toEthSignedMessageHash
FNDA:0,toEthSignedMessageHash
FN:50,toEthSignedMessageHash
FNDA:0,toEthSignedMessageHash
FN:64,toDataWithIntendedValidatorHash
FNDA:0,toDataWithIntendedValidatorHash
FN:71,toDataWithIntendedValidatorHash
FNDA:0,toDataWithIntendedValidatorHash
FN:92,toTypedDataHash
FNDA:0,toTypedDataHash
FN:117,toDomainSeparator
FNDA:0,toDomainSeparator
FN:137,toDomainSeparator
FNDA:0,toDomainSeparator
FN:182,toDomainTypeHash
FNDA:0,toDomainTypeHash
end_of_record
SF:/private/var/folders/gc/k2l60lnx7d59j65323br2fr40000gn/T/cpredict-medusa.PRuXJ5/repo/lib/openzeppelin-contracts/contracts/utils/introspection/ERC165.sol
DA:23,0
FN:22,supportsInterface
FNDA:0,supportsInterface
end_of_record
SF:/private/var/folders/gc/k2l60lnx7d59j65323br2fr40000gn/T/cpredict-medusa.PRuXJ5/repo/lib/openzeppelin-contracts/contracts/utils/introspection/IERC165.sol
end_of_record
SF:/private/var/folders/gc/k2l60lnx7d59j65323br2fr40000gn/T/cpredict-medusa.PRuXJ5/repo/lib/openzeppelin-contracts/contracts/utils/math/Math.sol
DA:12,30
DA:41,6083
DA:54,0
DA:117,0
DA:148,6592
DA:156,0
DA:163,6592
DA:208,5019
DA:211,5019
DA:215,1064
DA:219,0
DA:220,0
DA:229,0
DA:241,0
DA:242,0
DA:254,0
DA:259,0
DA:283,0
FN:25,add512
FNDA:0,add512
FN:37,mul512
FNDA:1,mul512
FN:51,tryAdd
FNDA:0,tryAdd
FN:62,trySub
FNDA:0,trySub
FN:73,tryMul
FNDA:0,tryMul
FN:89,tryDiv
FNDA:0,tryDiv
FN:102,tryMod
FNDA:0,tryMod
FN:115,saturatingAdd
FNDA:0,saturatingAdd
FN:123,saturatingSub
FNDA:0,saturatingSub
FN:131,saturatingMul
FNDA:0,saturatingMul
FN:143,ternary
FNDA:1,ternary
FN:155,max
FNDA:0,max
FN:162,min
FNDA:1,min
FN:170,average
FNDA:0,average
FN:183,ceilDiv
FNDA:0,ceilDiv
FN:206,mulDiv
FNDA:1,mulDiv
FN:282,mulDiv
FNDA:0,mulDiv
FN:289,mulShr
FNDA:0,mulShr
FN:302,mulShr
FNDA:0,mulShr
FN:317,invMod
FNDA:0,invMod
FN:374,invModPrime
FNDA:0,invModPrime
FN:393,modExp
FNDA:0,modExp
FN:411,tryModExp
FNDA:0,tryModExp
FN:440,modExp
FNDA:0,modExp
FN:451,tryModExp
FNDA:0,tryModExp
FN:478,_zeroBytes
FNDA:0,_zeroBytes
FN:499,sqrt
FNDA:0,sqrt
FN:608,sqrt
FNDA:0,sqrt
FN:619,log2
FNDA:0,log2
FN:664,log2
FNDA:0,log2
FN:675,log10
FNDA:0,log10
FN:713,log10
FNDA:0,log10
FN:726,log256
FNDA:0,log256
FN:743,log256
FNDA:0,log256
FN:753,unsignedRoundsUp
FNDA:0,unsignedRoundsUp
FN:760,clz
FNDA:0,clz
end_of_record
SF:/private/var/folders/gc/k2l60lnx7d59j65323br2fr40000gn/T/cpredict-medusa.PRuXJ5/repo/lib/openzeppelin-contracts/contracts/utils/math/SafeCast.sol
DA:19,30
DA:306,13184
DA:307,0
DA:442,0
DA:443,0
DA:561,1673
DA:562,0
FN:50,toUint248
FNDA:0,toUint248
FN:67,toUint240
FNDA:0,toUint240
FN:84,toUint232
FNDA:0,toUint232
FN:101,toUint224
FNDA:0,toUint224
FN:118,toUint216
FNDA:0,toUint216
FN:135,toUint208
FNDA:0,toUint208
FN:152,toUint200
FNDA:0,toUint200
FN:169,toUint192
FNDA:0,toUint192
FN:186,toUint184
FNDA:0,toUint184
FN:203,toUint176
FNDA:0,toUint176
FN:220,toUint168
FNDA:0,toUint168
FN:237,toUint160
FNDA:0,toUint160
FN:254,toUint152
FNDA:0,toUint152
FN:271,toUint144
FNDA:0,toUint144
FN:288,toUint136
FNDA:0,toUint136
FN:305,toUint128
FNDA:1,toUint128
FN:322,toUint120
FNDA:0,toUint120
FN:339,toUint112
FNDA:0,toUint112
FN:356,toUint104
FNDA:0,toUint104
FN:373,toUint96
FNDA:0,toUint96
FN:390,toUint88
FNDA:0,toUint88
FN:407,toUint80
FNDA:0,toUint80
FN:424,toUint72
FNDA:0,toUint72
FN:441,toUint64
FNDA:0,toUint64
FN:458,toUint56
FNDA:0,toUint56
FN:475,toUint48
FNDA:0,toUint48
FN:492,toUint40
FNDA:0,toUint40
FN:509,toUint32
FNDA:0,toUint32
FN:526,toUint24
FNDA:0,toUint24
FN:543,toUint16
FNDA:0,toUint16
FN:560,toUint8
FNDA:1,toUint8
FN:574,toUint256
FNDA:0,toUint256
FN:592,toInt248
FNDA:0,toInt248
FN:610,toInt240
FNDA:0,toInt240
FN:628,toInt232
FNDA:0,toInt232
FN:646,toInt224
FNDA:0,toInt224
FN:664,toInt216
FNDA:0,toInt216
FN:682,toInt208
FNDA:0,toInt208
FN:700,toInt200
FNDA:0,toInt200
FN:718,toInt192
FNDA:0,toInt192
FN:736,toInt184
FNDA:0,toInt184
FN:754,toInt176
FNDA:0,toInt176
FN:772,toInt168
FNDA:0,toInt168
FN:790,toInt160
FNDA:0,toInt160
FN:808,toInt152
FNDA:0,toInt152
FN:826,toInt144
FNDA:0,toInt144
FN:844,toInt136
FNDA:0,toInt136
FN:862,toInt128
FNDA:0,toInt128
FN:880,toInt120
FNDA:0,toInt120
FN:898,toInt112
FNDA:0,toInt112
FN:916,toInt104
FNDA:0,toInt104
FN:934,toInt96
FNDA:0,toInt96
FN:952,toInt88
FNDA:0,toInt88
FN:970,toInt80
FNDA:0,toInt80
FN:988,toInt72
FNDA:0,toInt72
FN:1006,toInt64
FNDA:0,toInt64
FN:1024,toInt56
FNDA:0,toInt56
FN:1042,toInt48
FNDA:0,toInt48
FN:1060,toInt40
FNDA:0,toInt40
FN:1078,toInt32
FNDA:0,toInt32
FN:1096,toInt24
FNDA:0,toInt24
FN:1114,toInt16
FNDA:0,toInt16
FN:1132,toInt8
FNDA:0,toInt8
FN:1146,toInt256
FNDA:0,toInt256
FN:1157,toUint
FNDA:0,toUint
end_of_record
SF:/private/var/folders/gc/k2l60lnx7d59j65323br2fr40000gn/T/cpredict-medusa.PRuXJ5/repo/lib/openzeppelin-contracts/contracts/utils/math/SignedMath.sol
DA:11,30
FN:19,ternary
FNDA:0,ternary
FN:31,max
FNDA:0,max
FN:38,min
FNDA:0,min
FN:46,average
FNDA:0,average
FN:55,abs
FNDA:0,abs
end_of_record
SF:/private/var/folders/gc/k2l60lnx7d59j65323br2fr40000gn/T/cpredict-medusa.PRuXJ5/repo/lib/permit2/src/interfaces/IEIP712.sol
end_of_record
SF:/private/var/folders/gc/k2l60lnx7d59j65323br2fr40000gn/T/cpredict-medusa.PRuXJ5/repo/lib/permit2/src/interfaces/ISignatureTransfer.sol
end_of_record
SF:/private/var/folders/gc/k2l60lnx7d59j65323br2fr40000gn/T/cpredict-medusa.PRuXJ5/repo/script/DeployBaseSepolia.s.sol
DA:20,0
DA:21,0
DA:22,0
DA:23,0
DA:24,0
DA:25,0
DA:26,0
DA:27,0
DA:44,0
DA:45,0
DA:46,0
DA:47,0
DA:48,0
DA:49,0
DA:50,0
DA:51,0
DA:52,0
DA:53,0
DA:54,0
DA:55,0
DA:56,0
DA:58,0
DA:59,0
DA:60,0
DA:62,0
DA:64,0
DA:65,0
DA:67,0
DA:68,0
DA:69,0
DA:70,0
DA:71,0
DA:72,0
DA:73,0
DA:75,0
DA:87,0
DA:88,0
DA:89,0
DA:93,0
DA:98,0
DA:99,0
DA:100,0
DA:105,0
DA:107,0
DA:114,0
DA:119,0
DA:129,0
DA:147,0
DA:150,0
DA:151,0
DA:152,0
DA:153,0
DA:154,0
DA:155,0
DA:156,0
DA:157,0
DA:158,0
DA:160,0
DA:161,0
DA:162,0
DA:175,0
DA:176,0
DA:177,0
DA:178,0
DA:179,0
DA:180,0
DA:181,0
DA:182,0
DA:183,0
DA:184,0
DA:185,0
DA:186,0
DA:187,0
DA:188,0
DA:189,0
DA:193,0
DA:195,0
DA:196,0
DA:197,0
DA:198,0
DA:199,0
FN:43,run
FNDA:0,run
FN:103,_scheduleBootstrap
FNDA:0,_scheduleBootstrap
FN:125,_deployFactory
FNDA:0,_deployFactory
FN:142,_bootstrapBatch
FNDA:0,_bootstrapBatch
FN:165,_writePendingManifest
FNDA:0,_writePendingManifest
end_of_record
SF:/private/var/folders/gc/k2l60lnx7d59j65323br2fr40000gn/T/cpredict-medusa.PRuXJ5/repo/script/FinalizeBootstrap.s.sol
DA:13,0
DA:14,0
DA:15,0
DA:18,0
DA:19,0
DA:20,0
DA:21,0
DA:22,0
DA:23,0
DA:25,0
DA:26,0
DA:29,0
DA:30,0
DA:31,0
DA:32,0
DA:33,0
DA:34,0
DA:35,0
DA:36,0
DA:37,0
DA:38,0
DA:39,0
DA:40,0
DA:42,0
DA:43,0
DA:44,0
DA:46,0
DA:49,0
DA:50,0
DA:51,0
DA:52,0
FN:17,run
FNDA:0,run
end_of_record
SF:/private/var/folders/gc/k2l60lnx7d59j65323br2fr40000gn/T/cpredict-medusa.PRuXJ5/repo/src/core/BondEscrowV1.sol
DA:32,0
DA:33,0
DA:35,0
DA:36,0
DA:38,0
DA:49,0
DA:50,0
DA:51,0
DA:55,0
DA:60,0
DA:61,0
DA:63,0
DA:67,0
DA:68,0
DA:69,0
DA:70,0
DA:71,0
DA:72,0
DA:73,0
DA:74,0
DA:75,0
DA:77,0
DA:84,0
DA:85,0
DA:86,0
DA:88,0
DA:89,0
DA:93,0
DA:96,0
DA:97,0
DA:99,0
DA:100,0
DA:101,0
DA:103,0
DA:104,0
DA:106,0
DA:108,0
DA:113,0
DA:117,0
DA:123,0
DA:125,0
DA:126,0
DA:128,0
DA:129,0
DA:130,0
FN:59,setFactory
FNDA:0,setFactory
FN:66,lockBond
FNDA:0,lockBond
FN:83,settleBond
FNDA:0,settleBond
FN:112,claim
FNDA:0,claim
FN:116,claimFor
FNDA:0,claimFor
FN:120,_claim
FNDA:0,_claim
end_of_record
SF:/private/var/folders/gc/k2l60lnx7d59j65323br2fr40000gn/T/cpredict-medusa.PRuXJ5/repo/src/core/EmergencyControllerV1.sol
DA:16,0
DA:18,0
DA:21,0
DA:22,0
DA:23,0
DA:32,0
DA:33,0
DA:38,0
DA:43,0
DA:47,0
DA:48,0
DA:49,0
DA:51,0
DA:52,0
DA:54,0
DA:57,0
DA:58,0
DA:59,0
DA:63,0
DA:65,0
DA:66,0
DA:68,0
DA:72,0
DA:75,0
FN:42,isPaused
FNDA:0,isPaused
FN:46,pause
FNDA:0,pause
FN:62,resetEpoch
FNDA:0,resetEpoch
FN:71,setEmergencySafe
FNDA:0,setEmergencySafe
end_of_record
SF:/private/var/folders/gc/k2l60lnx7d59j65323br2fr40000gn/T/cpredict-medusa.PRuXJ5/repo/src/core/FeeVaultV1.sol
DA:20,0
DA:21,0
DA:23,0
DA:25,0
DA:26,0
DA:40,0
DA:41,0
DA:42,0
DA:46,0
DA:51,0
DA:52,0
DA:54,0
DA:55,0
DA:56,0
DA:60,0
DA:61,0
DA:62,0
DA:63,0
DA:69,0
DA:70,0
DA:71,0
DA:72,0
DA:73,0
DA:74,0
DA:76,0
DA:77,0
DA:81,0
DA:85,0
DA:91,0
DA:93,0
DA:94,0
DA:96,0
DA:97,0
DA:98,0
FN:50,setFactory
FNDA:0,setFactory
FN:59,registerAccruer
FNDA:0,registerAccruer
FN:66,accrue
FNDA:0,accrue
FN:80,claim
FNDA:0,claim
FN:84,claimFor
FNDA:0,claimFor
FN:88,_claim
FNDA:0,_claim
end_of_record
SF:/private/var/folders/gc/k2l60lnx7d59j65323br2fr40000gn/T/cpredict-medusa.PRuXJ5/repo/src/core/FullMarketDeployerV1.sol
DA:11,0
DA:18,0
DA:19,0
DA:23,0
DA:24,0
DA:25,0
DA:27,0
DA:31,0
DA:32,0
DA:33,0
FN:22,setFactory
FNDA:0,setFactory
FN:30,deploy
FNDA:0,deploy
end_of_record
SF:/private/var/folders/gc/k2l60lnx7d59j65323br2fr40000gn/T/cpredict-medusa.PRuXJ5/repo/src/core/LaunchExposureGuardV1.sol
DA:18,0
DA:20,0
DA:21,0
DA:22,0
DA:25,0
DA:42,0
DA:43,0
DA:44,0
DA:49,0
DA:54,0
DA:55,0
DA:57,0
DA:61,0
DA:62,0
DA:63,0
DA:64,0
DA:65,0
DA:69,0
DA:70,0
DA:72,0
DA:73,0
DA:74,0
DA:75,0
DA:78,0
DA:85,0
DA:86,0
DA:87,0
DA:88,0
DA:90,0
DA:91,0
DA:95,0
DA:96,0
DA:100,0
DA:104,0
DA:105,0
DA:106,0
FN:53,setFactory
FNDA:0,setFactory
FN:60,registerMarket
FNDA:0,registerMarket
FN:68,reserve
FNDA:0,reserve
FN:81,sync
FNDA:0,sync
FN:94,raiseCap
FNDA:0,raiseCap
FN:103,retireForever
FNDA:0,retireForever
end_of_record
SF:/private/var/folders/gc/k2l60lnx7d59j65323br2fr40000gn/T/cpredict-medusa.PRuXJ5/repo/src/core/MarketFactoryV1.sol
DA:42,0
DA:43,0
DA:44,0
DA:45,0
DA:46,0
DA:47,0
DA:49,0
DA:50,0
DA:52,0
DA:53,0
DA:54,0
DA:55,0
DA:56,0
DA:57,0
DA:58,0
DA:59,0
DA:60,0
DA:61,0
DA:66,0
DA:68,0
DA:69,0
DA:71,0
DA:100,0
DA:101,0
DA:102,0
DA:103,0
DA:104,0
DA:105,0
DA:106,0
DA:107,0
DA:108,0
DA:109,0
DA:110,0
DA:111,0
DA:112,0
DA:113,0
DA:114,0
DA:118,0
DA:127,0
DA:128,0
DA:129,0
DA:130,0
DA:134,0
DA:138,0
DA:139,0
DA:144,0
DA:145,0
DA:152,0
DA:153,0
DA:155,0
DA:156,0
DA:159,0
DA:162,0
DA:163,0
DA:164,0
DA:166,0
DA:167,0
DA:168,0
DA:170,0
DA:176,0
DA:177,0
DA:190,0
DA:191,0
DA:199,0
DA:202,0
DA:207,0
DA:208,0
DA:210,0
DA:211,0
DA:219,0
DA:223,0
DA:224,0
DA:228,0
DA:233,0
DA:240,0
DA:241,0
DA:242,0
DA:243,0
DA:244,0
DA:245,0
DA:246,0
DA:247,0
DA:248,0
DA:249,0
DA:250,0
DA:251,0
DA:258,0
DA:271,0
DA:272,0
DA:279,0
DA:282,0
DA:285,0
DA:299,0
DA:302,0
DA:303,0
DA:304,0
DA:305,0
DA:308,0
DA:309,0
DA:310,0
DA:311,0
DA:313,0
DA:314,0
DA:315,0
DA:318,0
DA:319,0
DA:320,0
DA:321,0
DA:322,0
DA:332,0
DA:333,0
DA:334,0
DA:335,0
DA:337,0
DA:338,0
DA:340,0
DA:341,0
DA:344,0
DA:345,0
DA:346,0
DA:347,0
DA:348,0
DA:349,0
DA:350,0
DA:352,0
DA:353,0
DA:356,0
DA:357,0
DA:358,0
DA:359,0
DA:360,0
DA:363,0
DA:364,0
DA:365,0
DA:368,0
DA:372,0
DA:374,0
DA:376,0
DA:377,0
DA:378,0
DA:380,0
DA:384,0
DA:385,0
DA:392,0
DA:394,0
DA:395,0
DA:399,0
DA:400,0
DA:401,0
DA:402,0
DA:403,0
DA:404,0
DA:405,0
DA:406,0
DA:407,0
DA:412,0
DA:413,0
DA:414,0
DA:415,0
DA:416,0
DA:417,0
DA:418,0
DA:419,0
DA:420,0
DA:421,0
DA:422,0
DA:423,0
DA:424,0
DA:427,0
DA:429,0
DA:431,0
DA:434,0
DA:436,0
DA:438,0
DA:439,0
DA:440,0
DA:441,0
DA:442,0
DA:444,0
DA:445,0
DA:450,0
DA:451,0
DA:456,0
DA:460,0
FN:122,createMarket
FNDA:0,createMarket
FN:182,_emitMarketCreated
FNDA:0,_emitMarketCreated
FN:206,setMarketplace
FNDA:0,setMarketplace
FN:218,activate
FNDA:0,activate
FN:232,dependencyFingerprint
FNDA:0,dependencyFingerprint
FN:237,dependencyFingerprintFor
FNDA:0,dependencyFingerprintFor
FN:256,setDeprecated
FNDA:0,setDeprecated
FN:261,predictCloneAddress
FNDA:0,predictCloneAddress
FN:285,requiredBond
FNDA:0,requiredBond
FN:292,_buildInit
FNDA:0,_buildInit
FN:327,_validate
FNDA:0,_validate
FN:383,_validateMinimum
FNDA:0,_validateMinimum
FN:391,_transferExact
FNDA:0,_transferExact
FN:398,_validateDependencyCode
FNDA:0,_validateDependencyCode
FN:411,_validateDependencyWiring
FNDA:0,_validateDependencyWiring
FN:449,_requireCode
FNDA:0,_requireCode
FN:455,_requireWiring
FNDA:0,_requireWiring
FN:459,_codeIdentity
FNDA:0,_codeIdentity
end_of_record
SF:/private/var/folders/gc/k2l60lnx7d59j65323br2fr40000gn/T/cpredict-medusa.PRuXJ5/repo/src/core/ProtocolConfigV1.sol
DA:16,0
DA:17,0
DA:19,0
DA:20,0
DA:21,0
DA:22,0
DA:25,0
DA:26,0
DA:29,0
DA:30,0
DA:31,0
DA:32,0
DA:34,0
DA:35,0
DA:36,0
DA:37,0
DA:38,0
DA:50,0
DA:51,0
DA:53,0
DA:54,0
DA:56,0
DA:57,0
DA:63,0
DA:68,0
DA:71,0
DA:75,0
DA:76,0
DA:78,0
DA:80,0
DA:84,0
DA:85,0
DA:87,0
DA:89,0
DA:93,0
DA:94,0
DA:96,0
DA:98,0
DA:102,0
DA:103,0
DA:105,0
DA:107,0
DA:112,0
DA:113,0
DA:115,0
DA:116,0
DA:118,0
DA:120,0
DA:125,0
DA:126,0
DA:128,0
DA:130,0
DA:135,0
DA:136,0
DA:138,0
DA:139,0
DA:141,0
DA:143,0
DA:151,0
DA:152,0
DA:154,0
DA:155,0
DA:159,0
FN:67,setProtocolTreasury
FNDA:0,setProtocolTreasury
FN:74,setCreationFee
FNDA:0,setCreationFee
FN:83,setProtocolShareBps
FNDA:0,setProtocolShareBps
FN:92,setEarlyBirdShareBps
FNDA:0,setEarlyBirdShareBps
FN:101,setPlatformC2CFeeBps
FNDA:0,setPlatformC2CFeeBps
FN:111,setMarketCapLimits
FNDA:0,setMarketCapLimits
FN:124,setMaxPerUserPrimaryCap
FNDA:0,setMaxPerUserPrimaryCap
FN:134,setCreatorFeeLimits
FNDA:0,setCreatorFeeLimits
FN:146,snapshot
FNDA:0,snapshot
end_of_record
SF:/private/var/folders/gc/k2l60lnx7d59j65323br2fr40000gn/T/cpredict-medusa.PRuXJ5/repo/src/interfaces/IBondEscrowV1.sol
end_of_record
SF:/private/var/folders/gc/k2l60lnx7d59j65323br2fr40000gn/T/cpredict-medusa.PRuXJ5/repo/src/interfaces/IEmergencyControllerV1.sol
end_of_record
SF:/private/var/folders/gc/k2l60lnx7d59j65323br2fr40000gn/T/cpredict-medusa.PRuXJ5/repo/src/interfaces/IFeeVaultV1.sol
end_of_record
SF:/private/var/folders/gc/k2l60lnx7d59j65323br2fr40000gn/T/cpredict-medusa.PRuXJ5/repo/src/interfaces/IFixedPriceMarketplaceV1.sol
end_of_record
SF:/private/var/folders/gc/k2l60lnx7d59j65323br2fr40000gn/T/cpredict-medusa.PRuXJ5/repo/src/interfaces/IFullMarketDeployerV1.sol
end_of_record
SF:/private/var/folders/gc/k2l60lnx7d59j65323br2fr40000gn/T/cpredict-medusa.PRuXJ5/repo/src/interfaces/ILaunchExposureGuardV1.sol
end_of_record
SF:/private/var/folders/gc/k2l60lnx7d59j65323br2fr40000gn/T/cpredict-medusa.PRuXJ5/repo/src/interfaces/IMarketFactoryV1.sol
end_of_record
SF:/private/var/folders/gc/k2l60lnx7d59j65323br2fr40000gn/T/cpredict-medusa.PRuXJ5/repo/src/interfaces/IMarketVaultV1.sol
end_of_record
SF:/private/var/folders/gc/k2l60lnx7d59j65323br2fr40000gn/T/cpredict-medusa.PRuXJ5/repo/src/interfaces/IProtocolConfigV1.sol
end_of_record
SF:/private/var/folders/gc/k2l60lnx7d59j65323br2fr40000gn/T/cpredict-medusa.PRuXJ5/repo/src/libraries/ProtocolErrors.sol
end_of_record
SF:/private/var/folders/gc/k2l60lnx7d59j65323br2fr40000gn/T/cpredict-medusa.PRuXJ5/repo/src/libraries/ProtocolTypes.sol
DA:5,30
DA:6,5019
DA:7,0
DA:8,5985
DA:9,291904
DA:11,0
DA:12,9888
DA:13,0
DA:14,0
DA:15,3296
DA:16,0
DA:17,0
end_of_record
SF:/private/var/folders/gc/k2l60lnx7d59j65323br2fr40000gn/T/cpredict-medusa.PRuXJ5/repo/src/market/CloneMarketVaultV1.sol
DA:8,1068811
DA:9,1
end_of_record
SF:/private/var/folders/gc/k2l60lnx7d59j65323br2fr40000gn/T/cpredict-medusa.PRuXJ5/repo/src/market/FullMarketVaultV1.sol
DA:7,1068811
DA:9,0
end_of_record
SF:/private/var/folders/gc/k2l60lnx7d59j65323br2fr40000gn/T/cpredict-medusa.PRuXJ5/repo/src/market/MarketVaultCoreV1.sol
DA:52,26629
DA:53,1
DA:55,0
DA:57,1673
DA:58,1673
DA:59,0
DA:67,1
DA:69,0
DA:70,0
DA:71,0
DA:72,0
DA:73,0
DA:74,0
DA:76,1
DA:77,0
DA:78,0
DA:79,0
DA:80,0
DA:81,132024
DA:82,0
DA:83,15432
DA:84,0
DA:85,0
DA:86,8384
DA:87,0
DA:89,3296
DA:90,3296
DA:91,3296
DA:92,0
DA:93,0
DA:96,0
DA:98,0
DA:102,0
DA:103,108
DA:104,0
DA:105,108
DA:106,127
DA:107,0
DA:108,127
DA:109,0
DA:111,0
DA:114,0
DA:196,1
DA:200,6515
DA:205,1
DA:209,0
DA:213,0
DA:217,0
DA:221,0
DA:225,0
DA:229,9365
DA:233,3296
DA:237,3296
DA:241,0
DA:245,368436
DA:249,26629
DA:253,3296
DA:257,0
DA:262,74728
DA:263,74728
DA:264,68281
DA:265,16183
DA:267,52098
DA:271,4719
DA:275,1
DA:276,1
DA:278,1
DA:279,1
DA:280,1
DA:281,1
DA:282,1
DA:283,1
DA:285,1
DA:286,0
DA:288,1
DA:289,1
DA:292,1
DA:293,0
DA:295,1
DA:296,0
DA:298,1
DA:300,1
DA:302,1
DA:303,1
DA:304,1
DA:305,1
DA:306,1
DA:307,1
DA:308,1
DA:309,1
DA:310,1
DA:312,1
DA:313,1
DA:314,1
DA:315,1
DA:316,1
DA:318,1
DA:320,1
DA:321,1
DA:322,1
DA:323,1
DA:324,1
DA:325,1
DA:326,1
DA:329,1
DA:339,1
DA:341,1
DA:348,1
DA:349,1
DA:350,1
DA:351,1
DA:352,1
DA:353,1
DA:368,0
DA:369,1
DA:370,0
DA:371,0
DA:372,0
DA:373,0
DA:375,0
DA:376,0
DA:378,0
DA:379,0
DA:381,0
DA:382,0
DA:384,1
DA:385,1
DA:386,1
DA:387,0
DA:389,1
DA:390,1
DA:391,0
DA:392,7965
DA:412,3296
DA:415,3296
DA:427,0
DA:428,0
DA:429,0
DA:431,0
DA:432,0
DA:435,0
DA:437,0
DA:438,0
DA:440,0
DA:447,0
DA:454,0
DA:457,0
DA:458,0
DA:468,0
DA:470,0
DA:473,0
DA:476,0
DA:477,0
DA:488,3296
DA:489,3296
DA:492,3296
DA:493,0
DA:495,3296
DA:496,3296
DA:497,3296
DA:499,6592
DA:500,3296
DA:501,6592
DA:502,3296
DA:503,0
DA:505,3296
DA:514,3296
DA:515,3296
DA:518,3296
DA:519,3296
DA:520,3296
DA:521,3296
DA:522,3296
DA:523,3296
DA:524,3296
DA:527,3296
DA:528,3296
DA:529,3296
DA:531,3296
DA:532,3296
DA:545,3296
DA:546,3296
DA:547,3296
DA:548,3296
DA:552,0
DA:553,3296
DA:554,3296
DA:555,3296
DA:556,3296
DA:557,5495
DA:558,2199
DA:559,153
DA:567,1673
DA:568,1673
DA:569,1673
DA:570,1673
DA:572,1673
DA:574,1673
DA:575,1673
DA:576,1673
DA:577,1673
DA:578,1673
DA:579,1673
DA:580,1673
DA:581,1673
DA:583,1673
DA:584,1673
DA:585,1673
DA:586,1673
DA:587,1673
DA:590,1673
DA:592,1673
DA:593,1673
DA:603,1673
DA:617,6515
DA:618,6515
DA:619,574
DA:625,5755
DA:626,5755
DA:627,5755
DA:631,6329
DA:633,5755
DA:634,5755
DA:638,0
DA:642,70501
DA:643,13959
DA:644,13959
DA:645,13959
DA:647,1892
DA:649,1892
DA:650,1892
DA:651,1892
DA:652,1892
DA:653,1892
DA:657,0
DA:661,69423
DA:662,14660
DA:663,14660
DA:664,14660
DA:667,3195
DA:668,1673
DA:669,1421
DA:672,1522
DA:673,3195
DA:674,1522
DA:675,1522
DA:676,1522
DA:680,0
DA:684,72741
DA:686,72741
DA:687,67854
DA:689,51895
DA:691,207580
DA:692,155685
DA:694,51895
DA:695,1579
DA:696,1579
DA:697,1453
DA:699,6316
DA:701,4737
DA:703,1579
DA:705,1579
DA:710,1275
DA:711,190436
DA:712,1275
DA:713,1275
DA:714,1275
DA:716,1275
DA:717,1275
DA:721,1275
DA:723,1275
DA:727,0
DA:731,157714
DA:732,9136
DA:733,157714
DA:736,1275
DA:737,1275
DA:738,672
DA:741,992
DA:742,992
DA:743,992
DA:744,1892
DA:745,992
DA:749,65854
DA:750,65854
DA:751,0
DA:756,72990
DA:757,14705
DA:758,4514
DA:760,10191
DA:761,10191
DA:762,1
DA:763,1
DA:772,1673
DA:773,3346
DA:774,1673
DA:775,1673
DA:776,1673
DA:777,1673
DA:784,1673
DA:785,1673
[...]
DA:131,0
DA:132,0
DA:133,0
DA:137,0
DA:138,0
DA:139,0
DA:140,0
DA:141,0
DA:142,0
DA:143,0
DA:144,0
DA:146,0
DA:147,0
DA:148,0
DA:149,0
DA:150,0
DA:151,0
DA:152,0
DA:153,0
DA:154,0
DA:155,0
DA:156,0
DA:157,0
DA:158,0
DA:162,0
DA:163,0
DA:164,0
DA:165,0
DA:166,0
DA:168,0
DA:169,0
DA:170,0
DA:171,0
DA:172,0
DA:173,0
DA:174,0
DA:175,0
DA:176,0
DA:178,0
DA:179,0
DA:180,0
DA:181,0
DA:182,0
DA:183,0
DA:184,0
DA:185,0
DA:186,0
DA:187,0
DA:188,0
DA:189,0
DA:190,0
DA:191,0
DA:192,0
DA:193,0
DA:194,0
DA:195,0
DA:196,0
DA:200,0
DA:201,0
DA:202,0
DA:203,0
DA:205,0
DA:206,0
DA:207,0
DA:208,0
DA:210,0
DA:211,0
DA:212,0
DA:213,0
DA:216,0
DA:217,0
DA:218,0
DA:219,0
DA:222,0
DA:223,0
DA:224,0
DA:225,0
DA:228,0
DA:229,0
DA:230,0
DA:231,0
DA:234,0
DA:239,0
DA:241,0
DA:242,0
DA:243,0
DA:246,0
DA:251,0
DA:253,0
DA:254,0
DA:255,0
DA:259,0
DA:263,0
DA:265,0
DA:266,0
DA:267,0
DA:271,0
DA:275,0
DA:277,0
DA:278,0
DA:279,0
DA:283,0
DA:284,0
DA:285,0
DA:286,0
DA:288,0
DA:289,0
DA:290,0
DA:294,0
DA:295,0
DA:296,0
DA:297,0
DA:299,0
DA:300,0
DA:301,0
DA:302,0
DA:304,0
DA:305,0
DA:306,0
DA:307,0
DA:308,0
DA:312,0
DA:313,0
DA:314,0
DA:315,0
DA:316,0
DA:317,0
DA:319,0
DA:320,0
DA:321,0
DA:322,0
DA:323,0
DA:324,0
DA:325,0
DA:329,0
DA:330,0
DA:332,0
DA:334,0
DA:335,0
DA:340,0
DA:341,0
DA:342,0
DA:343,0
DA:345,0
DA:346,0
DA:347,0
DA:348,0
DA:352,0
DA:353,0
DA:355,0
DA:357,0
DA:359,0
DA:361,0
DA:364,0
DA:372,0
DA:373,0
DA:374,0
DA:375,0
DA:388,0
DA:389,0
DA:390,0
DA:391,0
DA:392,0
DA:393,0
DA:394,0
DA:395,0
DA:404,0
DA:405,0
DA:406,0
DA:407,0
DA:408,0
DA:417,0
DA:419,0
DA:421,0
DA:422,0
DA:430,0
DA:449,0
DA:451,0
DA:453,0
FN:26,depositTo
FNDA:0,depositTo
FN:30,withdrawTo
FNDA:0,withdrawTo
FN:36,addStake
FNDA:0,addStake
FN:41,unlockStake
FNDA:0,unlockStake
FN:45,withdrawStake
FNDA:0,withdrawStake
FN:53,balanceOf
FNDA:0,balanceOf
FN:57,executeSponsored
FNDA:0,executeSponsored
FN:90,setUp
FNDA:0,setUp
FN:97,testConstructorRejectsZeroDependenciesAndInvalidBudgetHierarchy
FNDA:0,testConstructorRejectsZeroDependenciesAndInvalidBudgetHierarchy
FN:136,testGovernanceRotatesSignerAndBudgetsWithHardValidation
FNDA:0,testGovernanceRotatesSignerAndBudgetsWithHardValidation
FN:161,testDepositReceiveWithdrawAndStakeLifecycle
FNDA:0,testDepositReceiveWithdrawAndStakeLifecycle
FN:199,testMalformedTimePolicyAndCostAuthorizationsFailClosed
FNDA:0,testMalformedTimePolicyAndCostAuthorizationsFailClosed
FN:282,testPackedHeaderRejectsDifferentPaymasterAddress
FNDA:0,testPackedHeaderRejectsDifferentPaymasterAddress
FN:293,testReservedUserAndGlobalBudgetsIncludeConcurrentOperations
FNDA:0,testReservedUserAndGlobalBudgetsIncludeConcurrentOperations
FN:311,testPostOpAuthorizationAndChargeAreCappedAtReservation
FNDA:0,testPostOpAuthorizationAndChargeAreCappedAtReservation
FN:328,testEntryPointRefundCannotMakeBudgetLossBoundOptimistic
FNDA:0,testEntryPointRefundCannotMakeBudgetLossBoundOptimistic
FN:351,testGasGatePaymasterValidationAndPostOpUnder150k
FNDA:0,testGasGatePaymasterValidationAndPostOpUnder150k
FN:367,_deploy
FNDA:0,_deploy
FN:382,_baseUserOp
FNDA:0,_baseUserOp
FN:398,_signedUserOp
FNDA:0,_signedUserOp
FN:425,_rawPaymasterData
FNDA:0,_rawPaymasterData
FN:440,_rawPaymasterDataWithGas
FNDA:0,_rawPaymasterDataWithGas
end_of_record
SF:/private/var/folders/gc/k2l60lnx7d59j65323br2fr40000gn/T/cpredict-medusa.PRuXJ5/repo/test/unit/Permit2Flows.t.sol
DA:21,0
DA:23,0
DA:25,0
DA:26,0
DA:29,0
DA:33,0
DA:37,0
DA:39,0
DA:41,0
DA:42,0
DA:43,0
DA:44,0
DA:45,0
DA:46,0
DA:59,0
DA:60,0
DA:61,0
DA:64,0
DA:65,0
DA:66,0
DA:67,0
DA:68,0
DA:69,0
DA:70,0
DA:71,0
DA:72,0
DA:83,0
DA:84,0
DA:85,0
DA:86,0
DA:87,0
DA:90,0
DA:91,0
DA:93,0
DA:94,0
DA:95,0
DA:96,0
DA:97,0
DA:98,0
DA:99,0
DA:100,0
DA:101,0
DA:104,0
DA:109,0
DA:113,0
DA:114,0
DA:118,0
DA:120,0
DA:122,0
DA:123,0
DA:127,0
DA:128,0
DA:132,0
DA:133,0
DA:140,0
DA:143,0
DA:147,0
DA:148,0
DA:149,0
DA:151,0
DA:152,0
DA:156,0
DA:157,0
DA:161,0
DA:162,0
DA:169,0
DA:172,0
DA:176,0
DA:180,0
DA:181,0
DA:182,0
DA:184,0
DA:185,0
DA:189,0
DA:190,0
DA:194,0
DA:195,0
DA:202,0
DA:205,0
DA:208,0
DA:209,0
DA:213,0
DA:214,0
DA:215,0
DA:216,0
DA:218,0
DA:221,0
DA:222,0
DA:226,0
DA:228,0
DA:234,0
DA:237,0
DA:240,0
DA:243,0
DA:244,0
DA:245,0
DA:249,0
DA:250,0
DA:251,0
DA:252,0
DA:254,0
DA:257,0
DA:258,0
DA:262,0
DA:270,0
DA:273,0
DA:277,0
DA:282,0
DA:283,0
DA:286,0
DA:288,0
DA:289,0
DA:293,0
DA:294,0
DA:295,0
DA:296,0
DA:297,0
DA:298,0
DA:299,0
DA:304,0
DA:312,0
DA:313,0
DA:314,0
DA:320,0
DA:324,0
DA:327,0
DA:328,0
DA:330,0
DA:331,0
DA:334,0
DA:335,0
DA:340,0
DA:341,0
DA:342,0
DA:343,0
DA:344,0
DA:345,0
DA:350,0
DA:351,0
DA:352,0
DA:353,0
DA:354,0
DA:357,0
DA:358,0
DA:359,0
DA:365,0
DA:366,0
DA:367,0
DA:368,0
DA:370,0
DA:373,0
DA:374,0
DA:375,0
DA:377,0
DA:380,0
DA:381,0
DA:382,0
DA:386,0
DA:387,0
DA:388,0
DA:389,0
DA:390,0
DA:396,0
DA:397,0
DA:398,0
DA:402,0
DA:407,0
DA:408,0
DA:409,0
DA:410,0
DA:412,0
DA:415,0
DA:416,0
DA:418,0
DA:423,0
DA:424,0
DA:425,0
DA:426,0
DA:436,0
DA:439,0
DA:451,0
DA:453,0
DA:460,0
DA:461,0
DA:466,0
DA:467,0
DA:468,0
FN:58,setUp
FNDA:0,setUp
FN:126,testPrimaryBuyWithWitnessPermitAndReplayProtection
FNDA:0,testPrimaryBuyWithWitnessPermitAndReplayProtection
FN:155,testGasGatePrimaryPermit2BuyUnder370k
FNDA:0,testGasGatePrimaryPermit2BuyUnder370k
FN:188,testPrimaryWitnessCannotBeReusedWithChangedOutcome
FNDA:0,testPrimaryWitnessCannotBeReusedWithChangedOutcome
FN:212,testMarketplaceFillWithWitnessPermit
FNDA:0,testMarketplaceFillWithWitnessPermit
FN:248,testGasGateMarketplacePermit2FillUnder430k
FNDA:0,testGasGateMarketplacePermit2FillUnder430k
FN:292,_coolPermit2Path
FNDA:0,_coolPermit2Path
FN:303,_assertProductionGasLimit
FNDA:0,_assertProductionGasLimit
FN:307,_transactionGas
FNDA:0,_transactionGas
FN:318,testCanonicalWitnessReferenceVectorsAndContractExposure
FNDA:0,testCanonicalWitnessReferenceVectorsAndContractExposure
FN:339,testPrimaryPermit2PauseAndPermissionChecksFailBeforeSignatureUse
FNDA:0,testPrimaryPermit2PauseAndPermissionChecksFailBeforeSignatureUse
FN:349,testPrimaryPermit2RejectsWrongTokenAndInsufficientPermission
FNDA:0,testPrimaryPermit2RejectsWrongTokenAndInsufficientPermission
FN:364,testMarketplacePermit2PauseAndPermissionChecksFailBeforeSignatureUse
FNDA:0,testMarketplacePermit2PauseAndPermissionChecksFailBeforeSignatureUse
FN:395,testMarketplacePermit2RespectsMarketFeatureFlag
FNDA:0,testMarketplacePermit2RespectsMarketFeatureFlag
FN:422,_standardBuyAlice
FNDA:0,_standardBuyAlice
FN:429,_permit
FNDA:0,_permit
FN:443,_signPermit
FNDA:0,_signPermit
end_of_record
SF:/private/var/folders/gc/k2l60lnx7d59j65323br2fr40000gn/T/cpredict-medusa.PRuXJ5/repo/test/unit/ProtocolControls.t.sol
DA:33,0
DA:37,0
DA:41,0
DA:49,0
DA:51,0
DA:52,0
DA:63,0
DA:67,0
DA:69,0
DA:70,0
DA:71,0
DA:72,0
DA:73,0
DA:74,0
DA:75,0
DA:76,0
DA:78,0
DA:79,0
DA:80,0
DA:81,0
DA:82,0
DA:83,0
DA:84,0
DA:85,0
DA:86,0
DA:87,0
DA:89,0
DA:90,0
DA:91,0
DA:92,0
DA:93,0
DA:94,0
DA:95,0
DA:99,0
DA:100,0
DA:101,0
DA:103,0
DA:104,0
DA:105,0
DA:106,0
DA:107,0
DA:108,0
DA:109,0
DA:110,0
DA:111,0
DA:112,0
DA:113,0
DA:114,0
DA:115,0
DA:116,0
DA:117,0
DA:118,0
DA:119,0
DA:120,0
DA:121,0
DA:122,0
DA:123,0
DA:124,0
DA:125,0
DA:126,0
DA:130,0
DA:131,0
DA:132,0
DA:133,0
DA:134,0
DA:135,0
DA:137,0
DA:138,0
DA:139,0
DA:143,0
DA:145,0
DA:146,0
DA:147,0
DA:148,0
DA:149,0
DA:151,0
DA:152,0
DA:153,0
DA:154,0
DA:155,0
DA:157,0
DA:158,0
DA:159,0
DA:160,0
DA:161,0
DA:162,0
DA:164,0
DA:165,0
DA:166,0
DA:167,0
DA:168,0
DA:169,0
DA:170,0
DA:174,0
DA:175,0
DA:176,0
DA:177,0
DA:178,0
DA:179,0
DA:180,0
DA:181,0
DA:182,0
DA:183,0
DA:184,0
DA:185,0
DA:186,0
DA:187,0
DA:188,0
DA:190,0
DA:191,0
DA:192,0
DA:193,0
DA:194,0
DA:195,0
DA:196,0
DA:197,0
DA:201,0
DA:202,0
DA:203,0
DA:204,0
DA:208,0
DA:209,0
DA:212,0
DA:213,0
DA:214,0
DA:215,0
DA:216,0
DA:218,0
DA:219,0
DA:220,0
DA:221,0
DA:223,0
DA:224,0
DA:225,0
DA:226,0
DA:227,0
DA:229,0
DA:230,0
DA:231,0
DA:232,0
DA:233,0
DA:234,0
DA:235,0
DA:236,0
DA:237,0
DA:238,0
DA:242,0
DA:243,0
DA:244,0
DA:245,0
DA:247,0
DA:248,0
DA:249,0
DA:250,0
DA:251,0
DA:252,0
DA:253,0
DA:254,0
DA:255,0
DA:256,0
DA:258,0
DA:259,0
DA:260,0
DA:261,0
DA:262,0
DA:263,0
DA:264,0
DA:265,0
DA:267,0
DA:268,0
DA:269,0
DA:270,0
DA:271,0
DA:272,0
DA:273,0
DA:274,0
DA:276,0
DA:277,0
DA:278,0
DA:279,0
DA:280,0
DA:281,0
DA:282,0
DA:283,0
DA:284,0
DA:285,0
DA:286,0
DA:287,0
DA:288,0
DA:289,0
DA:290,0
DA:294,0
DA:298,0
DA:299,0
DA:300,0
DA:301,0
DA:302,0
DA:303,0
DA:304,0
DA:305,0
DA:306,0
DA:308,0
DA:309,0
DA:310,0
DA:311,0
DA:312,0
DA:313,0
DA:315,0
DA:316,0
DA:317,0
DA:318,0
DA:319,0
DA:320,0
DA:321,0
DA:322,0
DA:324,0
DA:325,0
DA:326,0
DA:327,0
DA:328,0
DA:329,0
DA:330,0
DA:331,0
DA:332,0
DA:333,0
DA:334,0
DA:335,0
DA:336,0
DA:340,0
DA:341,0
DA:342,0
DA:343,0
DA:347,0
DA:348,0
DA:349,0
DA:350,0
DA:351,0
DA:352,0
DA:353,0
DA:354,0
DA:355,0
DA:356,0
DA:358,0
DA:359,0
DA:360,0
DA:361,0
DA:362,0
DA:363,0
DA:364,0
DA:365,0
DA:366,0
DA:367,0
DA:368,0
DA:370,0
DA:371,0
DA:372,0
DA:373,0
DA:374,0
DA:375,0
DA:376,0
DA:377,0
DA:379,0
DA:380,0
DA:381,0
DA:382,0
DA:383,0
DA:384,0
DA:385,0
DA:386,0
DA:387,0
DA:388,0
DA:389,0
DA:393,0
DA:394,0
DA:395,0
DA:396,0
DA:397,0
DA:398,0
DA:399,0
DA:400,0
DA:401,0
DA:402,0
DA:403,0
DA:407,0
DA:408,0
DA:409,0
DA:410,0
DA:411,0
DA:412,0
DA:414,0
DA:415,0
DA:416,0
DA:418,0
DA:419,0
DA:420,0
DA:421,0
DA:422,0
DA:426,0
DA:427,0
DA:433,0
DA:434,0
DA:435,0
DA:436,0
DA:437,0
DA:438,0
DA:439,0
DA:440,0
DA:441,0
DA:442,0
DA:443,0
DA:445,0
DA:446,0
DA:447,0
DA:448,0
DA:449,0
DA:450,0
FN:36,decimals
FNDA:0,decimals
FN:44,setExposure
FNDA:0,setExposure
FN:54,setState
FNDA:0,setState
FN:58,setTotalPrincipal
FNDA:0,setTotalPrincipal
FN:62,fundTimeoutBonus
FNDA:0,fundTimeoutBonus
FN:68,testConfigGovernanceSettersAndSnapshot
FNDA:0,testConfigGovernanceSettersAndSnapshot
FN:98,testConfigRejectsUnauthorizedAndInvalidValues
FNDA:0,testConfigRejectsUnauthorizedAndInvalidValues
FN:129,testConfigConstructorRejectsZeroAddressesAndWrongDecimals
FNDA:0,testConfigConstructorRejectsZeroAddressesAndWrongDecimals
FN:144,testEmergencyPauseEpochExpiryAndSafeRotation
FNDA:0,testEmergencyPauseEpochExpiryAndSafeRotation
FN:173,testEmergencyRejectsUnauthorizedFlagsDurationsAndInvalidSafe
FNDA:0,testEmergencyRejectsUnauthorizedFlagsDurationsAndInvalidSafe
FN:200,testEmergencyConstructorRejectsZeroAddresses
FNDA:0,testEmergencyConstructorRejectsZeroAddresses
FN:211,testGuardRegistrationReserveSyncCapAndRetirement
FNDA:0,testGuardRegistrationReserveSyncCapAndRetirement
FN:241,testGuardRejectsInvalidConfigurationAndCapacity
FNDA:0,testGuardRejectsInvalidConfigurationAndCapacity
FN:297,testFeeVaultAuthorizationAccrualAndBothClaimPaths
FNDA:0,testFeeVaultAuthorizationAccrualAndBothClaimPaths
FN:339,testFeeVaultConstructorsRejectZeroAddresses
FNDA:0,testFeeVaultConstructorsRejectZeroAddresses
FN:346,testBondEscrowValidationSettlementAndClaims
FNDA:0,testBondEscrowValidationSettlementAndClaims
FN:392,testBondEscrowTimeoutSettlementFundsMarket
FNDA:0,testBondEscrowTimeoutSettlementFundsMarket
FN:406,testBondEscrowEmptyTimeoutCreditsCreatorInsteadOfLockingBond
FNDA:0,testBondEscrowEmptyTimeoutCreditsCreatorInsteadOfLockingBond
FN:425,testBondEscrowConstructorsRejectZeroAddresses
FNDA:0,testBondEscrowConstructorsRejectZeroAddresses
FN:432,testFullDeployerControlsAndCreate2Deployment
FNDA:0,testFullDeployerControlsAndCreate2Deployment
end_of_record
SF:/private/var/folders/gc/k2l60lnx7d59j65323br2fr40000gn/T/cpredict-medusa.PRuXJ5/repo/test/unit/ProtocolFlows.t.sol
DA:19,0
DA:32,0
DA:33,0
DA:34,0
DA:35,0
DA:36,0
DA:37,0
DA:40,0
DA:41,0
DA:42,0
DA:43,0
DA:44,0
DA:45,0
DA:46,0
DA:47,0
DA:48,0
DA:59,0
DA:60,0
DA:61,0
DA:62,0
DA:63,0
DA:66,0
DA:67,0
DA:69,0
DA:70,0
DA:71,0
DA:72,0
DA:73,0
DA:74,0
DA:75,0
DA:76,0
DA:77,0
DA:81,0
DA:82,0
DA:83,0
DA:85,0
DA:86,0
DA:87,0
DA:88,0
DA:89,0
DA:90,0
DA:91,0
DA:93,0
DA:94,0
DA:95,0
DA:104,0
DA:105,0
DA:106,0
DA:107,0
DA:108,0
DA:109,0
DA:110,0
DA:112,0
DA:113,0
DA:114,0
DA:115,0
DA:116,0
DA:117,0
DA:118,0
DA:120,0
DA:121,0
DA:122,0
DA:126,0
DA:127,0
DA:128,0
DA:129,0
DA:130,0
DA:131,0
DA:133,0
DA:134,0
DA:135,0
DA:136,0
DA:137,0
DA:138,0
DA:139,0
DA:140,0
DA:141,0
DA:145,0
DA:146,0
DA:147,0
DA:148,0
DA:150,0
DA:151,0
DA:152,0
DA:153,0
DA:154,0
DA:155,0
DA:156,0
DA:158,0
DA:159,0
DA:160,0
DA:161,0
DA:162,0
DA:163,0
DA:164,0
DA:165,0
DA:166,0
DA:170,0
DA:171,0
DA:172,0
DA:174,0
DA:176,0
DA:177,0
DA:178,0
DA:179,0
DA:183,0
DA:184,0
DA:185,0
DA:186,0
DA:187,0
DA:188,0
DA:189,0
DA:191,0
DA:193,0
DA:195,0
DA:196,0
DA:198,0
DA:199,0
DA:200,0
DA:201,0
DA:202,0
DA:203,0
DA:205,0
DA:206,0
DA:207,0
DA:208,0
DA:209,0
DA:210,0
DA:214,0
DA:215,0
DA:216,0
DA:217,0
DA:218,0
DA:219,0
DA:220,0
DA:222,0
DA:225,0
DA:226,0
DA:227,0
DA:228,0
DA:229,0
DA:231,0
DA:232,0
DA:233,0
DA:234,0
DA:236,0
DA:237,0
DA:238,0
DA:239,0
DA:243,0
DA:244,0
DA:245,0
DA:246,0
DA:247,0
DA:248,0
DA:249,0
DA:251,0
DA:254,0
DA:255,0
DA:256,0
DA:257,0
DA:258,0
DA:259,0
DA:261,0
DA:262,0
DA:263,0
DA:264,0
DA:266,0
DA:267,0
DA:268,0
DA:269,0
DA:273,0
DA:274,0
DA:275,0
DA:276,0
DA:277,0
DA:278,0
DA:279,0
DA:281,0
DA:284,0
DA:285,0
DA:286,0
DA:290,0
DA:291,0
DA:292,0
DA:293,0
DA:294,0
DA:296,0
DA:297,0
DA:298,0
DA:299,0
DA:303,0
DA:304,0
DA:305,0
DA:306,0
DA:307,0
DA:308,0
DA:310,0
DA:311,0
DA:312,0
DA:313,0
DA:314,0
DA:315,0
DA:317,0
DA:318,0
DA:319,0
DA:320,0
DA:321,0
DA:322,0
DA:323,0
DA:324,0
DA:326,0
DA:327,0
DA:328,0
DA:333,0
DA:334,0
DA:335,0
DA:336,0
DA:337,0
DA:338,0
DA:339,0
DA:344,0
DA:345,0
DA:349,0
DA:350,0
DA:351,0
DA:352,0
DA:353,0
DA:354,0
DA:356,0
DA:357,0
DA:361,0
DA:369,0
DA:371,0
DA:373,0
DA:374,0
DA:379,0
DA:381,0
DA:383,0
DA:385,0
DA:387,0
DA:389,0
DA:394,0
DA:395,0
DA:405,0
DA:406,0
DA:407,0
DA:408,0
FN:39,setUp
FNDA:0,setUp
FN:80,testResolvedPayoutsEarlyBirdFeesAndBondConserveValue
FNDA:0,testResolvedPayoutsEarlyBirdFeesAndBondConserveValue
FN:125,testCreatorVoidRefundsCurrentHolders
FNDA:0,testCreatorVoidRefundsCurrentHolders
FN:144,testTimeoutPrincipalDoesNotDependOnBondAndBonusArrivesLater
FNDA:0,testTimeoutPrincipalDoesNotDependOnBondAndBonusArrivesLater
FN:169,testEmptyTimeoutCreditsBondBackToCreatorWithoutFundingUnclaimableBonus
FNDA:0,testEmptyTimeoutCreditsBondBackToCreatorWithoutFundingUnclaimableBonus
FN:182,testMarketplacePartialFillCancelAndFeeAccounting
FNDA:0,testMarketplacePartialFillCancelAndFeeAccounting
FN:213,testTerminalEscrowMustReturnBeforeHolderRefund
FNDA:0,testTerminalEscrowMustReturnBeforeHolderRefund
FN:242,testResolvedEscrowMustReturnBeforeWinnerClaim
FNDA:0,testResolvedEscrowMustReturnBeforeWinnerClaim
FN:272,testEmergencyPauseStopsNewRiskButNotCancelOrRefund
FNDA:0,testEmergencyPauseStopsNewRiskButNotCancelOrRefund
FN:302,testFullAndCloneStateDifferential
FNDA:0,testFullAndCloneStateDifferential
FN:331,testPrimaryPartialFillUsesCumulativePerUserCap
FNDA:0,testPrimaryPartialFillUsesCumulativePerUserCap
FN:342,testCloneImplementationCannotBeInitialized
FNDA:0,testCloneImplementationCannotBeInitialized
FN:348,testGuardFailsClosedWithCustomErrorWhenSyncedExposureExceedsCap
FNDA:0,testGuardFailsClosedWithCustomErrorWhenSyncedExposureExceedsCap
FN:360,guardExposure
FNDA:0,guardExposure
FN:364,_create
FNDA:0,_create
FN:393,_approveMarket
FNDA:0,_approveMarket
FN:398,_buyPair
FNDA:0,_buyPair
end_of_record
SF:/private/var/folders/gc/k2l60lnx7d59j65323br2fr40000gn/T/cpredict-medusa.PRuXJ5/repo/test/unit/SponsorshipPaymaster.t.sol
DA:12,0
DA:13,0
DA:14,0
DA:15,0
DA:16,0
DA:17,0
DA:18,0
DA:24,0
DA:29,0
DA:30,0
DA:31,0
DA:32,0
DA:37,0
DA:38,0
DA:39,0
DA:40,0
DA:41,0
DA:43,0
DA:45,0
DA:46,0
DA:47,0
DA:48,0
DA:49,0
DA:51,0
DA:52,0
DA:53,0
DA:54,0
DA:55,0
DA:60,0
DA:61,0
DA:62,0
DA:63,0
DA:64,0
DA:66,0
DA:68,0
DA:69,0
DA:70,0
DA:75,0
DA:76,0
DA:77,0
DA:78,0
DA:81,0
DA:82,0
DA:83,0
DA:84,0
DA:85,0
DA:90,0
DA:91,0
DA:92,0
DA:93,0
DA:96,0
DA:97,0
DA:98,0
DA:100,0
DA:101,0
DA:103,0
DA:104,0
DA:105,0
DA:112,0
DA:113,0
DA:115,0
DA:116,0
DA:121,0
DA:122,0
DA:123,0
DA:124,0
DA:127,0
DA:128,0
DA:129,0
DA:130,0
DA:131,0
DA:136,0
DA:137,0
DA:138,0
DA:139,0
DA:142,0
DA:143,0
DA:144,0
DA:146,0
DA:147,0
DA:151,0
DA:152,0
DA:153,0
DA:155,0
DA:156,0
DA:157,0
DA:158,0
DA:159,0
DA:160,0
DA:161,0
DA:162,0
DA:165,0
DA:166,0
DA:167,0
DA:168,0
DA:169,0
DA:170,0
DA:175,0
DA:176,0
DA:177,0
DA:178,0
DA:179,0
DA:180,0
DA:181,0
DA:182,0
DA:192,0
DA:199,0
DA:201,0
DA:202,0
DA:203,0
DA:210,0
FN:23,setUp
FNDA:0,setUp
FN:36,testValidSponsorshipReservesAndSettlesBudget
FNDA:0,testValidSponsorshipReservesAndSettlesBudget
FN:58,testInvalidSignatureReturnsSigFailureWithoutReservation
FNDA:0,testInvalidSignatureReturnsSigFailureWithoutReservation
FN:73,testSponsorshipCannotReplay
FNDA:0,testSponsorshipCannotReplay
FN:88,testSignedPaymasterGasHeaderCannotBeMutated
FNDA:0,testSignedPaymasterGasHeaderCannotBeMutated
FN:119,testEmergencyPauseStopsPaymasterValidation
FNDA:0,testEmergencyPauseStopsPaymasterValidation
FN:134,testBudgetAndEntryPointAuthorizationAreEnforced
FNDA:0,testBudgetAndEntryPointAuthorizationAreEnforced
FN:150,testSettledSpendContinuesToConsumeDailyBudget
FNDA:0,testSettledSpendContinuesToConsumeDailyBudget
FN:173,_baseUserOp
FNDA:0,_baseUserOp
FN:185,_signAndAttach
FNDA:0,_signAndAttach
end_of_record
SF:/private/var/folders/gc/k2l60lnx7d59j65323br2fr40000gn/T/cpredict-medusa.PRuXJ5/repo/test/unit/TokenTransferIntegrity.t.sol
DA:20,0
DA:21,0
DA:26,0
DA:34,0
DA:38,0
DA:39,0
DA:40,0
DA:43,0
DA:47,0
DA:49,0
DA:51,0
DA:52,0
DA:55,0
DA:59,0
DA:61,0
DA:62,0
DA:74,0
DA:75,0
DA:76,0
DA:77,0
DA:78,0
DA:79,0
DA:83,0
DA:85,0
DA:86,0
DA:87,0
DA:88,0
DA:89,0
DA:90,0
DA:91,0
DA:92,0
DA:93,0
DA:94,0
DA:105,0
DA:106,0
DA:107,0
DA:108,0
DA:109,0
DA:116,0
DA:117,0
DA:119,0
DA:120,0
DA:121,0
DA:122,0
DA:123,0
DA:124,0
DA:125,0
DA:126,0
DA:130,0
DA:132,0
DA:133,0
DA:134,0
DA:136,0
DA:137,0
DA:138,0
DA:143,0
DA:144,0
DA:145,0
DA:146,0
DA:147,0
DA:149,0
DA:150,0
DA:151,0
DA:153,0
DA:154,0
DA:155,0
DA:156,0
DA:157,0
DA:158,0
DA:162,0
DA:163,0
DA:164,0
DA:165,0
DA:166,0
DA:167,0
DA:169,0
DA:170,0
DA:172,0
DA:174,0
DA:175,0
DA:176,0
DA:178,0
DA:179,0
DA:180,0
DA:181,0
DA:182,0
DA:183,0
DA:185,0
DA:186,0
DA:187,0
DA:188,0
DA:189,0
DA:190,0
DA:191,0
DA:192,0
DA:193,0
DA:197,0
DA:198,0
DA:199,0
DA:203,0
DA:205,0
DA:211,0
DA:214,0
DA:217,0
DA:219,0
DA:220,0
DA:222,0
DA:223,0
DA:224,0
DA:225,0
DA:226,0
DA:230,0
DA:231,0
DA:232,0
DA:233,0
DA:234,0
DA:235,0
DA:237,0
DA:238,0
DA:240,0
DA:242,0
DA:245,0
DA:249,0
DA:251,0
DA:257,0
DA:260,0
DA:267,0
DA:268,0
DA:270,0
DA:271,0
DA:275,0
DA:276,0
DA:277,0
DA:278,0
DA:279,0
DA:280,0
DA:281,0
DA:282,0
DA:283,0
DA:287,0
DA:288,0
DA:293,0
DA:295,0
DA:298,0
DA:302,0
DA:303,0
DA:305,0
DA:307,0
DA:309,0
DA:320,0
DA:335,0
DA:337,0
DA:344,0
DA:345,0
DA:350,0
DA:351,0
DA:352,0
FN:25,decimals
FNDA:0,decimals
FN:29,mint
FNDA:0,mint
FN:33,setFeeEnabled
FNDA:0,setFeeEnabled
FN:37,_update
FNDA:0,_update
FN:82,setUp
FNDA:0,setUp
FN:129,testFactoryRejectsFeeOnTransferBondAtomically
FNDA:0,testFactoryRejectsFeeOnTransferBondAtomically
FN:142,testPrimaryBuyRejectsFeeOnTransferPrincipalAtomically
FNDA:0,testPrimaryBuyRejectsFeeOnTransferPrincipalAtomically
FN:161,testMarketplaceRejectsFeeOnTransferFeesAtomically
FNDA:0,testMarketplaceRejectsFeeOnTransferFeesAtomically
FN:196,testPrimaryPermit2RejectsFeeOnTransferPrincipalAtomically
FNDA:0,testPrimaryPermit2RejectsFeeOnTransferPrincipalAtomically
FN:229,testMarketplacePermit2RejectsFeeOnTransferGrossAtomically
FNDA:0,testMarketplacePermit2RejectsFeeOnTransferGrossAtomically
FN:286,_createMarket
FNDA:0,_createMarket
FN:291,_params
FNDA:0,_params
FN:313,_permit
FNDA:0,_permit
FN:327,_signPermit
FNDA:0,_signPermit
end_of_record
SF:/private/var/folders/gc/k2l60lnx7d59j65323br2fr40000gn/T/cpredict-medusa.PRuXJ5/repo/test/viair/SponsorshipDigest.t.sol
DA:13,0
DA:14,0
DA:15,0
DA:16,0
DA:17,0
DA:18,0
DA:25,0
DA:30,0
DA:31,0
DA:32,0
DA:33,0
DA:40,0
DA:42,0
DA:43,0
DA:44,0
DA:45,0
DA:47,0
DA:48,0
DA:49,0
DA:50,0
DA:55,0
DA:56,0
DA:59,0
DA:68,0
DA:71,0
DA:74,0
DA:77,0
DA:78,0
DA:83,0
DA:84,0
DA:86,0
FN:24,setUp
FNDA:0,setUp
FN:37,testSponsorshipDigestMatchesCanonicalFlatEip712Encoding
FNDA:0,testSponsorshipDigestMatchesCanonicalFlatEip712Encoding
end_of_record
